[
  {
    "role": "System",
    "parts": [
      ""
    ],
    "flattened": "",
    "id": "891c487a-04ea-4c62-95be-c5b788c84405",
    "create_time": null,
    "timestamp": ""
  },
  {
    "role": "User",
    "parts": [
      "In Flask, why would render_template return None?"
    ],
    "flattened": "In Flask, why would render_template return None?",
    "id": "da5f60ea-3414-420c-b29b-712a389cb2dc",
    "create_time": 1748971087.093,
    "timestamp": "2025-06-03T17:18:07.093000Z"
  },
  {
    "role": "AI Partner",
    "parts": [
      "In Flask, `render_template` **should never return `None`** under normal circumstances. If it does, it typically points to one of the following issues:\n\n---\n\n### ✅ Common Causes of `render_template` Returning `None`\n\n1. **Template Not Found**\n   - If the specified template file is **missing**, Flask's `render_template` will raise a `TemplateNotFound` exception unless:\n     - You are catching the exception and accidentally returning `None`.\n\n   ```python\n   try:\n       return render_template(\"missing_template.html\")\n   except TemplateNotFound:\n       return None  # This would explain it\n   ```\n\n2. **Swallowed Exception**\n   - If an exception (like `TemplateNotFound`, `KeyError`, etc.) is caught in a `try...except` block but you don't explicitly return anything in the `except`, the function will implicitly return `None`.\n\n   ```python\n   def index():\n       try:\n           render_template(\"index.html\")\n       except:\n           pass  # No return => returns None implicitly\n   ```\n\n3. **You Forgot to Return**\n   - A common mistake: calling `render_template(...)` but not returning it.\n\n   ```python\n   def index():\n       render_template(\"index.html\")  # This runs, but return value is ignored\n       # => returns None implicitly\n   ```\n\n4. **Incorrect Control Flow**\n   - Your code might be conditionally returning `render_template(...)` only in some branches. If another branch doesn’t return anything, `None` will be returned implicitly.\n\n   ```python\n   def index():\n       if request.method == 'POST':\n           return render_template(\"post.html\")\n       # missing return for GET => returns None\n   ```\n\n---\n\n### ✅ How to Debug\n\n- **Step 1:** Make sure you actually `return render_template(...)`.\n- **Step 2:** Add logging before every return path to see what's happening.\n- **Step 3:** Run with `FLASK_DEBUG=1` or `app.debug = True` to get tracebacks.\n\n---\n\n### ✅ Example of Correct Usage\n\n```python\nfrom flask import Flask, render_template\n\napp = Flask(__name__)\n\n@app.route(\"/\")\ndef index():\n    return render_template(\"index.html\")\n```\n\n---\n\nIf you're still stuck, feel free to paste the relevant code — I’ll help pinpoint the exact issue."
    ],
    "flattened": "In Flask, `render_template` **should never return `None`** under normal circumstances. If it does, it typically points to one of the following issues:\n\n---\n\n### ✅ Common Causes of `render_template` Returning `None`\n\n1. **Template Not Found**\n   - If the specified template file is **missing**, Flask's `render_template` will raise a `TemplateNotFound` exception unless:\n     - You are catching the exception and accidentally returning `None`.\n\n   ```python\n   try:\n       return render_template(\"missing_template.html\")\n   except TemplateNotFound:\n       return None  # This would explain it\n   ```\n\n2. **Swallowed Exception**\n   - If an exception (like `TemplateNotFound`, `KeyError`, etc.) is caught in a `try...except` block but you don't explicitly return anything in the `except`, the function will implicitly return `None`.\n\n   ```python\n   def index():\n       try:\n           render_template(\"index.html\")\n       except:\n           pass  # No return => returns None implicitly\n   ```\n\n3. **You Forgot to Return**\n   - A common mistake: calling `render_template(...)` but not returning it.\n\n   ```python\n   def index():\n       render_template(\"index.html\")  # This runs, but return value is ignored\n       # => returns None implicitly\n   ```\n\n4. **Incorrect Control Flow**\n   - Your code might be conditionally returning `render_template(...)` only in some branches. If another branch doesn’t return anything, `None` will be returned implicitly.\n\n   ```python\n   def index():\n       if request.method == 'POST':\n           return render_template(\"post.html\")\n       # missing return for GET => returns None\n   ```\n\n---\n\n### ✅ How to Debug\n\n- **Step 1:** Make sure you actually `return render_template(...)`.\n- **Step 2:** Add logging before every return path to see what's happening.\n- **Step 3:** Run with `FLASK_DEBUG=1` or `app.debug = True` to get tracebacks.\n\n---\n\n### ✅ Example of Correct Usage\n\n```python\nfrom flask import Flask, render_template\n\napp = Flask(__name__)\n\n@app.route(\"/\")\ndef index():\n    return render_template(\"index.html\")\n```\n\n---\n\nIf you're still stuck, feel free to paste the relevant code — I’ll help pinpoint the exact issue.",
    "id": "8008acf1-cc44-4e5b-bd80-eaf81e607113",
    "create_time": 1748971096.729359,
    "timestamp": "2025-06-03T17:18:16.729359Z"
  },
  {
    "role": "AI Partner",
    "parts": [
      ""
    ],
    "flattened": "",
    "id": "7038da79-d3c5-41b2-ae9e-d2c51913f821",
    "create_time": 1748971106.645325,
    "timestamp": "2025-06-03T17:18:26.645325Z"
  },
  {
    "role": "User",
    "parts": [
      "Hmm.  I'm running this in a Docker container, but when I inspect the container logs I don't see the output of ANY print statements.  Presumably only stderr is hitting the logs.  How can I see what's in stdout?"
    ],
    "flattened": "Hmm.  I'm running this in a Docker container, but when I inspect the container logs I don't see the output of ANY print statements.  Presumably only stderr is hitting the logs.  How can I see what's in stdout?",
    "id": "8a594d10-85f3-45fa-8d5f-ea5bec06535a",
    "create_time": 1748972185.715,
    "timestamp": "2025-06-03T17:36:25.715000Z"
  },
  {
    "role": "AI Partner",
    "parts": [
      "You're absolutely right — by default in Docker containers, `stdout` and `stderr` are **both captured**, but depending on how your Flask app or WSGI server is set up, **`print()` may not appear in logs** unless explicitly flushed or redirected.\n\nHere’s how to make sure you **see `print()` output in Docker logs**:\n\n---\n\n### ✅ 1. Force stdout to be unbuffered\n\nPython **buffers stdout** by default, which means `print()` output might not appear immediately or at all in logs.\n\n**Fix:** Set the `PYTHONUNBUFFERED=1` environment variable in your Docker container.\n\n#### Option A: In your Dockerfile\n```Dockerfile\nENV PYTHONUNBUFFERED=1\n```\n\n#### Option B: In your `docker run` command\n```bash\ndocker run -e PYTHONUNBUFFERED=1 your-image\n```\n\n---\n\n### ✅ 2. Ensure you're not swallowing logs with `gunicorn` or other servers\n\nIf you’re using a production WSGI server (like `gunicorn`), by default, it might not forward `print()` to Docker logs unless configured.\n\n#### If using `gunicorn`, start it with:\n```bash\ngunicorn app:app --access-logfile - --error-logfile -\n```\n\nThis ensures both access and error logs go to **stdout/stderr**, which Docker will capture.\n\n---\n\n### ✅ 3. Use `flush=True` in `print()` (as a workaround)\n\n```python\nprint(\"Debug message\", flush=True)\n```\n\nThis forces the buffer to flush immediately — helpful if you can't change the environment.\n\n---\n\n### ✅ 4. Redirect logs properly (for logging module)\n\nIf you're using `logging` (recommended for real applications), configure it to use `StreamHandler(sys.stdout)`:\n\n```python\nimport logging\nimport sys\n\nlogging.basicConfig(\n    level=logging.DEBUG,\n    handlers=[logging.StreamHandler(sys.stdout)]\n)\n```\n\n---\n\n### ✅ 5. Confirm with Docker logs\n\nOnce your container is running, check the logs with:\n\n```bash\ndocker logs <container-id>\n```\n\nYou should see both `stdout` and `stderr` there — unless the output was buffered and never flushed.\n\n---\n\nLet me know your Flask launch setup (e.g., using `flask run`, `gunicorn`, etc.) and I can give more specific advice."
    ],
    "flattened": "You're absolutely right — by default in Docker containers, `stdout` and `stderr` are **both captured**, but depending on how your Flask app or WSGI server is set up, **`print()` may not appear in logs** unless explicitly flushed or redirected.\n\nHere’s how to make sure you **see `print()` output in Docker logs**:\n\n---\n\n### ✅ 1. Force stdout to be unbuffered\n\nPython **buffers stdout** by default, which means `print()` output might not appear immediately or at all in logs.\n\n**Fix:** Set the `PYTHONUNBUFFERED=1` environment variable in your Docker container.\n\n#### Option A: In your Dockerfile\n```Dockerfile\nENV PYTHONUNBUFFERED=1\n```\n\n#### Option B: In your `docker run` command\n```bash\ndocker run -e PYTHONUNBUFFERED=1 your-image\n```\n\n---\n\n### ✅ 2. Ensure you're not swallowing logs with `gunicorn` or other servers\n\nIf you’re using a production WSGI server (like `gunicorn`), by default, it might not forward `print()` to Docker logs unless configured.\n\n#### If using `gunicorn`, start it with:\n```bash\ngunicorn app:app --access-logfile - --error-logfile -\n```\n\nThis ensures both access and error logs go to **stdout/stderr**, which Docker will capture.\n\n---\n\n### ✅ 3. Use `flush=True` in `print()` (as a workaround)\n\n```python\nprint(\"Debug message\", flush=True)\n```\n\nThis forces the buffer to flush immediately — helpful if you can't change the environment.\n\n---\n\n### ✅ 4. Redirect logs properly (for logging module)\n\nIf you're using `logging` (recommended for real applications), configure it to use `StreamHandler(sys.stdout)`:\n\n```python\nimport logging\nimport sys\n\nlogging.basicConfig(\n    level=logging.DEBUG,\n    handlers=[logging.StreamHandler(sys.stdout)]\n)\n```\n\n---\n\n### ✅ 5. Confirm with Docker logs\n\nOnce your container is running, check the logs with:\n\n```bash\ndocker logs <container-id>\n```\n\nYou should see both `stdout` and `stderr` there — unless the output was buffered and never flushed.\n\n---\n\nLet me know your Flask launch setup (e.g., using `flask run`, `gunicorn`, etc.) and I can give more specific advice.",
    "id": "9a2bea4a-7a26-4d30-bcc6-70540ffa07c0",
    "create_time": 1748972187.430316,
    "timestamp": "2025-06-03T17:36:27.430316Z"
  },
  {
    "role": "User",
    "parts": [
      "Another issue.  pytest can't seem to find the module being tested, even though pytest.ini clearly has the source directory in its python path\n[pytest]\r\npythonpath = src src/sdtp"
    ],
    "flattened": "Another issue.  pytest can't seem to find the module being tested, even though pytest.ini clearly has the source directory in its python path\n[pytest]\r\npythonpath = src src/sdtp",
    "id": "de050baa-6d2d-4810-ab28-f2712ff37280",
    "create_time": 1748977995.432,
    "timestamp": "2025-06-03T19:13:15.432000Z"
  },
  {
    "role": "AI Partner",
    "parts": [
      "If `pytest` can’t find your module even though `pytest.ini` contains `pythonpath = src src/sdtp`, there are a few common causes and workarounds. Here's a concise checklist to help debug and fix it:\n\n---\n\n### ✅ 1. Confirm `pytest.ini` is in the **project root**\n\n`pytest.ini` must be at the root of the project — **not inside a subfolder** — for `pytest` to pick it up.\n\n**Tip:** Run this from the root to check if pytest sees the right config:\n\n```bash\npytest --trace-config\n```\n\nLook for `pytest.ini` in the output. If it's not listed, it's being ignored.\n\n---\n\n### ✅ 2. Verify your **test file structure**\n\nPytest needs to import your modules, so the directory layout and naming matter. Example:\n\n```\nproject-root/\n├── pytest.ini\n├── src/\n│   └── sdtp/\n│       ├── __init__.py\n│       └── mymodule.py\n└── tests/\n    └── test_mymodule.py\n```\n\nIn `test_mymodule.py`, you should be able to do:\n\n```python\nfrom sdtp import mymodule\n```\n\nOR (if `sdtp` isn’t an importable package):\n\n```python\nfrom src.sdtp import mymodule\n```\n\nMake sure `__init__.py` exists in each directory (to ensure Python treats it as a package).\n\n---\n\n### ✅ 3. Use `PYTHONPATH` as a workaround\n\nIf `pytest.ini` isn't being respected for some reason (especially in Docker or CI), explicitly set `PYTHONPATH` when running tests:\n\n```bash\nPYTHONPATH=src pytest\n```\n\nOr in Docker:\n\n```dockerfile\nENV PYTHONPATH=/app/src\n```\n\n---\n\n### ✅ 4. Don’t confuse `pythonpath` and `addopts`\n\n`pythonpath` in `pytest.ini` is often ignored silently in some `pytest` versions or Dockerized environments. As a fallback, add the path using `conftest.py`:\n\n```python\n# tests/conftest.py\nimport sys\nimport os\nsys.path.insert(0, os.path.abspath(os.path.join(os.path.dirname(__file__), \"../src\")))\n```\n\nThis guarantees the source is importable during test runs.\n\n---\n\n### ✅ 5. Check for name conflicts\n\nAvoid naming your test files or directories with the same names as standard modules or your own packages (e.g., `src.py`, `test.py`, etc.), as they can shadow real imports.\n\n---\n\nLet me know your directory layout and how you're invoking `pytest`, and I can suggest a pinpoint fix."
    ],
    "flattened": "If `pytest` can’t find your module even though `pytest.ini` contains `pythonpath = src src/sdtp`, there are a few common causes and workarounds. Here's a concise checklist to help debug and fix it:\n\n---\n\n### ✅ 1. Confirm `pytest.ini` is in the **project root**\n\n`pytest.ini` must be at the root of the project — **not inside a subfolder** — for `pytest` to pick it up.\n\n**Tip:** Run this from the root to check if pytest sees the right config:\n\n```bash\npytest --trace-config\n```\n\nLook for `pytest.ini` in the output. If it's not listed, it's being ignored.\n\n---\n\n### ✅ 2. Verify your **test file structure**\n\nPytest needs to import your modules, so the directory layout and naming matter. Example:\n\n```\nproject-root/\n├── pytest.ini\n├── src/\n│   └── sdtp/\n│       ├── __init__.py\n│       └── mymodule.py\n└── tests/\n    └── test_mymodule.py\n```\n\nIn `test_mymodule.py`, you should be able to do:\n\n```python\nfrom sdtp import mymodule\n```\n\nOR (if `sdtp` isn’t an importable package):\n\n```python\nfrom src.sdtp import mymodule\n```\n\nMake sure `__init__.py` exists in each directory (to ensure Python treats it as a package).\n\n---\n\n### ✅ 3. Use `PYTHONPATH` as a workaround\n\nIf `pytest.ini` isn't being respected for some reason (especially in Docker or CI), explicitly set `PYTHONPATH` when running tests:\n\n```bash\nPYTHONPATH=src pytest\n```\n\nOr in Docker:\n\n```dockerfile\nENV PYTHONPATH=/app/src\n```\n\n---\n\n### ✅ 4. Don’t confuse `pythonpath` and `addopts`\n\n`pythonpath` in `pytest.ini` is often ignored silently in some `pytest` versions or Dockerized environments. As a fallback, add the path using `conftest.py`:\n\n```python\n# tests/conftest.py\nimport sys\nimport os\nsys.path.insert(0, os.path.abspath(os.path.join(os.path.dirname(__file__), \"../src\")))\n```\n\nThis guarantees the source is importable during test runs.\n\n---\n\n### ✅ 5. Check for name conflicts\n\nAvoid naming your test files or directories with the same names as standard modules or your own packages (e.g., `src.py`, `test.py`, etc.), as they can shadow real imports.\n\n---\n\nLet me know your directory layout and how you're invoking `pytest`, and I can suggest a pinpoint fix.",
    "id": "20e9f0d9-0e34-4f42-b06a-1d077b6a2512",
    "create_time": 1748977997.113394,
    "timestamp": "2025-06-03T19:13:17.113394Z"
  },
  {
    "role": "User",
    "parts": [
      "Here's my existing conftest.py:\nfrom os.path import dirname as d\r\nfrom os.path import abspath, join\r\nroot_dir = d(d(abspath(__file__)))\r\nsys.path.append(root_dir)\r\nsys.path.append(f'{root_dir}/src')\r\nprint(root_dir)\r\nprint(sys.path)\r\n\r\nimport pytest\r\n\r\n@pytest.fixture\r\ndef test_root():\r\n  return root_dir\nWhen I try running it I get a pytest module not found error"
    ],
    "flattened": "Here's my existing conftest.py:\nfrom os.path import dirname as d\r\nfrom os.path import abspath, join\r\nroot_dir = d(d(abspath(__file__)))\r\nsys.path.append(root_dir)\r\nsys.path.append(f'{root_dir}/src')\r\nprint(root_dir)\r\nprint(sys.path)\r\n\r\nimport pytest\r\n\r\n@pytest.fixture\r\ndef test_root():\r\n  return root_dir\nWhen I try running it I get a pytest module not found error",
    "id": "6e007799-3787-4469-8cd2-0bafa24dcca0",
    "create_time": 1748978197.426,
    "timestamp": "2025-06-03T19:16:37.426000Z"
  },
  {
    "role": "AI Partner",
    "parts": [
      "Thanks for sharing your `conftest.py`. You're nearly there — there's just a small but critical issue:\n\n---\n\n### ❌ Problem: You're using `sys` without importing it\n\n```python\nsys.path.append(root_dir)\n```\n\nBut you **never imported `sys`**, so `pytest` crashes **before it even loads** your test configuration, which can lead to confusing \"module not found\" errors.\n\n---\n\n### ✅ Fix: Add `import sys` at the top\n\nHere's your corrected `conftest.py`:\n\n```python\nimport sys\nfrom os.path import dirname as d\nfrom os.path import abspath, join\n\nroot_dir = d(d(abspath(__file__)))\nsys.path.append(root_dir)\nsys.path.append(f'{root_dir}/src')\n\nprint(f\"Root dir: {root_dir}\")\nprint(f\"Sys.path: {sys.path}\")\n\nimport pytest\n\n@pytest.fixture\ndef test_root():\n    return root_dir\n```\n\n---\n\n### ✅ Bonus Tips\n\n- Consider using `sys.path.insert(0, ...)` instead of `append()` so your source takes precedence over installed packages:\n\n  ```python\n  sys.path.insert(0, root_dir)\n  sys.path.insert(0, f'{root_dir}/src')\n  ```\n\n- You can also check if the directories actually exist:\n\n  ```python\n  import os\n  print(\"src exists?\", os.path.exists(f'{root_dir}/src'))\n  ```\n\n---\n\n### ✅ After Fixing, Try:\n\n```bash\npytest -s  # show print statements\n```\n\nLet me know your directory layout if problems persist (e.g., `tree -L 2`), and I’ll tailor the fix."
    ],
    "flattened": "Thanks for sharing your `conftest.py`. You're nearly there — there's just a small but critical issue:\n\n---\n\n### ❌ Problem: You're using `sys` without importing it\n\n```python\nsys.path.append(root_dir)\n```\n\nBut you **never imported `sys`**, so `pytest` crashes **before it even loads** your test configuration, which can lead to confusing \"module not found\" errors.\n\n---\n\n### ✅ Fix: Add `import sys` at the top\n\nHere's your corrected `conftest.py`:\n\n```python\nimport sys\nfrom os.path import dirname as d\nfrom os.path import abspath, join\n\nroot_dir = d(d(abspath(__file__)))\nsys.path.append(root_dir)\nsys.path.append(f'{root_dir}/src')\n\nprint(f\"Root dir: {root_dir}\")\nprint(f\"Sys.path: {sys.path}\")\n\nimport pytest\n\n@pytest.fixture\ndef test_root():\n    return root_dir\n```\n\n---\n\n### ✅ Bonus Tips\n\n- Consider using `sys.path.insert(0, ...)` instead of `append()` so your source takes precedence over installed packages:\n\n  ```python\n  sys.path.insert(0, root_dir)\n  sys.path.insert(0, f'{root_dir}/src')\n  ```\n\n- You can also check if the directories actually exist:\n\n  ```python\n  import os\n  print(\"src exists?\", os.path.exists(f'{root_dir}/src'))\n  ```\n\n---\n\n### ✅ After Fixing, Try:\n\n```bash\npytest -s  # show print statements\n```\n\nLet me know your directory layout if problems persist (e.g., `tree -L 2`), and I’ll tailor the fix.",
    "id": "eb38d7e1-8eb4-48f5-82d9-5dd1a66d93a0",
    "create_time": 1748978198.878566,
    "timestamp": "2025-06-03T19:16:38.878566Z"
  },
  {
    "role": "User",
    "parts": [
      "No, I imported sys, I guess the copy didn't grab it:\nimport sys\r\nfrom os.path import dirname as d\r\nfrom os.path import abspath, join\r\nroot_dir = d(d(abspath(__file__)))\r\nsys.path.append(root_dir)\r\nsys.path.append(f'{root_dir}/src')\r\nprint(root_dir)\r\nprint(sys.path)\r\n\r\nimport pytest\r\n\r\n@pytest.fixture\r\ndef test_root():\r\n  return root_dir"
    ],
    "flattened": "No, I imported sys, I guess the copy didn't grab it:\nimport sys\r\nfrom os.path import dirname as d\r\nfrom os.path import abspath, join\r\nroot_dir = d(d(abspath(__file__)))\r\nsys.path.append(root_dir)\r\nsys.path.append(f'{root_dir}/src')\r\nprint(root_dir)\r\nprint(sys.path)\r\n\r\nimport pytest\r\n\r\n@pytest.fixture\r\ndef test_root():\r\n  return root_dir",
    "id": "a97787bd-14e7-4086-9248-14fcd70a377e",
    "create_time": 1748978281.59,
    "timestamp": "2025-06-03T19:18:01.590000Z"
  },
  {
    "role": "AI Partner",
    "parts": [
      "Got it — thanks for the clarification. Since `sys` is imported, but you're still getting a `ModuleNotFoundError`, let’s walk through likely causes in your setup:\n\n---\n\n### ✅ Let's Verify These One by One\n\n#### ✅ 1. **Check the actual layout**\n\nFrom your `conftest.py`:\n```python\nroot_dir = d(d(abspath(__file__)))\n```\n\nThat means:\n\n- `__file__` = `tests/conftest.py`\n- `d(__file__)` = `tests`\n- `d(d(__file__))` = project root\n\nYou're then adding:\n```python\nsys.path.append(root_dir)\nsys.path.append(f'{root_dir}/src')\n```\n\nSo if your layout looks like this, it should work:\n\n```\nproject-root/\n├── pytest.ini\n├── src/\n│   └── sdtp/\n│       ├── __init__.py\n│       └── mymodule.py\n├── tests/\n│   ├── conftest.py\n│   └── test_mymodule.py\n```\n\nThen, in `test_mymodule.py`, you should be able to do:\n```python\nfrom sdtp import mymodule\n```\n\n✅ **Check:** Try running this to verify what's in `sys.path`:\n\n```bash\npytest -s tests/test_mymodule.py\n```\n\nLook at the printed `sys.path`. Is the correct absolute path to `src` there?\n\n---\n\n#### ✅ 2. **Are you importing correctly in test?**\n\nIf you're doing:\n```python\nimport mymodule\n```\n\nIt will fail unless `mymodule.py` is in the test directory or root.\n\nYou should use:\n```python\nfrom sdtp import mymodule\n```\n\nOr, if `src/sdtp` isn’t a package (no `__init__.py`), it won't be importable — add the `__init__.py` file even if empty.\n\n---\n\n#### ✅ 3. **Is `pytest.ini` being picked up?**\n\nRun:\n```bash\npytest --trace-config\n```\n\nYou should see:\n```\nconfig file: pytest.ini\n```\n\nIf it says `config file: None`, it's not being picked up — possibly because you're running `pytest` from a subdirectory. Always run it from the project root or pass the config path.\n\n---\n\n#### ✅ 4. **Docker gotcha: `src` might not exist in container**\n\nIf you're running this in Docker, you may have mounted the volume wrong, so `src` isn't actually at that path inside the container. Check with:\n\n```bash\ndocker exec -it <container> ls /app/src\n```\n\nIf it’s missing, your volume or working dir needs correction.\n\n---\n\n### ✅ Final Tip: Temporarily test with inline script\n\nCreate a file `tests/debug_import.py`:\n```python\nimport sys\nimport os\n\nprint(\"sys.path =\", sys.path)\nfrom sdtp import mymodule  # or from src.sdtp import mymodule\nprint(\"Import worked!\")\n```\n\nThen run:\n\n```bash\nPYTHONPATH=src python tests/debug_import.py\n```\n\nIf that fails, it's not a pytest problem — it's an import path/layout issue.\n\n---\n\nLet me know the full error traceback and your actual `import` statement in the test — I’ll pinpoint it from there."
    ],
    "flattened": "Got it — thanks for the clarification. Since `sys` is imported, but you're still getting a `ModuleNotFoundError`, let’s walk through likely causes in your setup:\n\n---\n\n### ✅ Let's Verify These One by One\n\n#### ✅ 1. **Check the actual layout**\n\nFrom your `conftest.py`:\n```python\nroot_dir = d(d(abspath(__file__)))\n```\n\nThat means:\n\n- `__file__` = `tests/conftest.py`\n- `d(__file__)` = `tests`\n- `d(d(__file__))` = project root\n\nYou're then adding:\n```python\nsys.path.append(root_dir)\nsys.path.append(f'{root_dir}/src')\n```\n\nSo if your layout looks like this, it should work:\n\n```\nproject-root/\n├── pytest.ini\n├── src/\n│   └── sdtp/\n│       ├── __init__.py\n│       └── mymodule.py\n├── tests/\n│   ├── conftest.py\n│   └── test_mymodule.py\n```\n\nThen, in `test_mymodule.py`, you should be able to do:\n```python\nfrom sdtp import mymodule\n```\n\n✅ **Check:** Try running this to verify what's in `sys.path`:\n\n```bash\npytest -s tests/test_mymodule.py\n```\n\nLook at the printed `sys.path`. Is the correct absolute path to `src` there?\n\n---\n\n#### ✅ 2. **Are you importing correctly in test?**\n\nIf you're doing:\n```python\nimport mymodule\n```\n\nIt will fail unless `mymodule.py` is in the test directory or root.\n\nYou should use:\n```python\nfrom sdtp import mymodule\n```\n\nOr, if `src/sdtp` isn’t a package (no `__init__.py`), it won't be importable — add the `__init__.py` file even if empty.\n\n---\n\n#### ✅ 3. **Is `pytest.ini` being picked up?**\n\nRun:\n```bash\npytest --trace-config\n```\n\nYou should see:\n```\nconfig file: pytest.ini\n```\n\nIf it says `config file: None`, it's not being picked up — possibly because you're running `pytest` from a subdirectory. Always run it from the project root or pass the config path.\n\n---\n\n#### ✅ 4. **Docker gotcha: `src` might not exist in container**\n\nIf you're running this in Docker, you may have mounted the volume wrong, so `src` isn't actually at that path inside the container. Check with:\n\n```bash\ndocker exec -it <container> ls /app/src\n```\n\nIf it’s missing, your volume or working dir needs correction.\n\n---\n\n### ✅ Final Tip: Temporarily test with inline script\n\nCreate a file `tests/debug_import.py`:\n```python\nimport sys\nimport os\n\nprint(\"sys.path =\", sys.path)\nfrom sdtp import mymodule  # or from src.sdtp import mymodule\nprint(\"Import worked!\")\n```\n\nThen run:\n\n```bash\nPYTHONPATH=src python tests/debug_import.py\n```\n\nIf that fails, it's not a pytest problem — it's an import path/layout issue.\n\n---\n\nLet me know the full error traceback and your actual `import` statement in the test — I’ll pinpoint it from there.",
    "id": "c7226817-5877-4d29-bf7b-ac182d835218",
    "create_time": 1748978284.229039,
    "timestamp": "2025-06-03T19:18:04.229039Z"
  },
  {
    "role": "User",
    "parts": [
      "vscode ➜ /workspaces/sdtp (main) $ pytest --trace-config\r\nPLUGIN registered: <_pytest.config.PytestPluginManager object at 0x79e28530aa20>\r\nPLUGIN registered: <_pytest.config.Config object at 0x79e285388e60>\r\nPLUGIN registered: <module '_pytest.mark' from '/usr/local/py-utils/venvs/pytest/lib/python3.12/site-packages/_pytest/mark/__init__.py'>\r\nPLUGIN registered: <module '_pytest.main' from '/usr/local/py-utils/venvs/pytest/lib/python3.12/site-packages/_pytest/main.py'>\r\nPLUGIN registered: <module '_pytest.runner' from '/usr/local/py-utils/venvs/pytest/lib/python3.12/site-packages/_pytest/runner.py'>\r\nPLUGIN registered: <module '_pytest.fixtures' from '/usr/local/py-utils/venvs/pytest/lib/python3.12/site-packages/_pytest/fixtures.py'>\r\nPLUGIN registered: <module '_pytest.helpconfig' from '/usr/local/py-utils/venvs/pytest/lib/python3.12/site-packages/_pytest/helpconfig.py'>\r\nPLUGIN registered: <module '_pytest.python' from '/usr/local/py-utils/venvs/pytest/lib/python3.12/site-packages/_pytest/python.py'>\r\nPLUGIN registered: <module '_pytest.terminal' from '/usr/local/py-utils/venvs/pytest/lib/python3.12/site-packages/_pytest/terminal.py'>\r\nPLUGIN registered: <module '_pytest.debugging' from '/usr/local/py-utils/venvs/pytest/lib/python3.12/site-packages/_pytest/debugging.py'>\r\nPLUGIN registered: <module '_pytest.unittest' from '/usr/local/py-utils/venvs/pytest/lib/python3.12/site-packages/_pytest/unittest.py'>\r\nPLUGIN registered: <module '_pytest.capture' from '/usr/local/py-utils/venvs/pytest/lib/python3.12/site-packages/_pytest/capture.py'>\r\nPLUGIN registered: <module '_pytest.skipping' from '/usr/local/py-utils/venvs/pytest/lib/python3.12/site-packages/_pytest/skipping.py'>\r\nPLUGIN registered: <module '_pytest.legacypath' from '/usr/local/py-utils/venvs/pytest/lib/python3.12/site-packages/_pytest/legacypath.py'>\r\nPLUGIN registered: <module '_pytest.tmpdir' from '/usr/local/py-utils/venvs/pytest/lib/python3.12/site-packages/_pytest/tmpdir.py'>\r\nPLUGIN registered: <module '_pytest.monkeypatch' from '/usr/local/py-utils/venvs/pytest/lib/python3.12/site-packages/_pytest/monkeypatch.py'>\r\nPLUGIN registered: <module '_pytest.recwarn' from '/usr/local/py-utils/venvs/pytest/lib/python3.12/site-packages/_pytest/recwarn.py'>\r\nPLUGIN registered: <module '_pytest.pastebin' from '/usr/local/py-utils/venvs/pytest/lib/python3.12/site-packages/_pytest/pastebin.py'>\r\nPLUGIN registered: <module '_pytest.assertion' from '/usr/local/py-utils/venvs/pytest/lib/python3.12/site-packages/_pytest/assertion/__init__.py'>\r\nPLUGIN registered: <module '_pytest.junitxml' from '/usr/local/py-utils/venvs/pytest/lib/python3.12/site-packages/_pytest/junitxml.py'>\r\nPLUGIN registered: <module '_pytest.doctest' from '/usr/local/py-utils/venvs/pytest/lib/python3.12/site-packages/_pytest/doctest.py'>\r\nPLUGIN registered: <module '_pytest.cacheprovider' from '/usr/local/py-utils/venvs/pytest/lib/python3.12/site-packages/_pytest/cacheprovider.py'>\r\nPLUGIN registered: <module '_pytest.freeze_support' from '/usr/local/py-utils/venvs/pytest/lib/python3.12/site-packages/_pytest/freeze_support.py'>\r\nPLUGIN registered: <module '_pytest.setuponly' from '/usr/local/py-utils/venvs/pytest/lib/python3.12/site-packages/_pytest/setuponly.py'>\r\nPLUGIN registered: <module '_pytest.setupplan' from '/usr/local/py-utils/venvs/pytest/lib/python3.12/site-packages/_pytest/setupplan.py'>\r\nPLUGIN registered: <module '_pytest.stepwise' from '/usr/local/py-utils/venvs/pytest/lib/python3.12/site-packages/_pytest/stepwise.py'>\r\nPLUGIN registered: <module '_pytest.warnings' from '/usr/local/py-utils/venvs/pytest/lib/python3.12/site-packages/_pytest/warnings.py'>\r\nPLUGIN registered: <module '_pytest.logging' from '/usr/local/py-utils/venvs/pytest/lib/python3.12/site-packages/_pytest/logging.py'>\r\nPLUGIN registered: <module '_pytest.reports' from '/usr/local/py-utils/venvs/pytest/lib/python3.12/site-packages/_pytest/reports.py'>\r\nPLUGIN registered: <module '_pytest.python_path' from '/usr/local/py-utils/venvs/pytest/lib/python3.12/site-packages/_pytest/python_path.py'>\r\nPLUGIN registered: <module '_pytest.unraisableexception' from '/usr/local/py-utils/venvs/pytest/lib/python3.12/site-packages/_pytest/unraisableexception.py'>\r\nPLUGIN registered: <module '_pytest.threadexception' from '/usr/local/py-utils/venvs/pytest/lib/python3.12/site-packages/_pytest/threadexception.py'>\r\nPLUGIN registered: <module '_pytest.faulthandler' from '/usr/local/py-utils/venvs/pytest/lib/python3.12/site-packages/_pytest/faulthandler.py'>\r\nPLUGIN registered: <CaptureManager _method='fd' _global_capturing=<MultiCapture out=<FDCapture 1 oldfd=5 _state='suspended' tmpfile=<_io.TextIOWrapper name=\"<_io.FileIO name=6 mode='rb+' closefd=True>\" mode='r+' encoding='utf-8'>> err=<FDCapture 2 oldfd=7 _state='suspended' tmpfile=<_io.TextIOWrapper name=\"<_io.FileIO name=8 mode='rb+' closefd=True>\" mode='r+' encoding='utf-8'>> in_=<FDCapture 0 oldfd=3 _state='started' tmpfile=<_io.TextIOWrapper name='/dev/null' mode='r' encoding='utf-8'>> _state='suspended' _in_suspended=False> _capture_fixture=None>\r\nPLUGIN registered: <module 'sdtp.tests.conftest' from '/workspaces/sdtp/tests/conftest.py'>\r\nPLUGIN registered: <Session  exitstatus=<ExitCode.OK: 0> testsfailed=0 testscollected=0>\r\nPLUGIN registered: <_pytest.cacheprovider.LFPlugin object at 0x79e285039250>\r\nPLUGIN registered: <_pytest.cacheprovider.NFPlugin object at 0x79e28501dca0>\r\nPLUGIN registered: <class '_pytest.legacypath.LegacyTmpdirPlugin'>\r\nPLUGIN registered: <_pytest.terminal.TerminalReporter object at 0x79e28501d370>\r\nPLUGIN registered: <_pytest.logging.LoggingPlugin object at 0x79e28501ca40>\r\nPLUGIN registered: <_pytest.fixtures.FixtureManager object at 0x79e28550df70>\r\n========================================================== test session starts ===========================================================\r\nplatform linux -- Python 3.12.6, pytest-8.3.3, pluggy-1.5.0\r\nusing: pytest-8.3.3\r\nactive plugins:\r\n    134013804128800     : <_pytest.config.PytestPluginManager object at 0x79e28530aa20>\r\n    pytestconfig        : <_pytest.config.Config object at 0x79e285388e60>\r\n    mark                : /usr/local/py-utils/venvs/pytest/lib/python3.12/site-packages/_pytest/mark/__init__.py\r\n    main                : /usr/local/py-utils/venvs/pytest/lib/python3.12/site-packages/_pytest/main.py\r\n    runner              : /usr/local/py-utils/venvs/pytest/lib/python3.12/site-packages/_pytest/runner.py\r\n    fixtures            : /usr/local/py-utils/venvs/pytest/lib/python3.12/site-packages/_pytest/fixtures.py\r\n    helpconfig          : /usr/local/py-utils/venvs/pytest/lib/python3.12/site-packages/_pytest/helpconfig.py\r\n    python              : /usr/local/py-utils/venvs/pytest/lib/python3.12/site-packages/_pytest/python.py\r\n    terminal            : /usr/local/py-utils/venvs/pytest/lib/python3.12/site-packages/_pytest/terminal.py\r\n    debugging           : /usr/local/py-utils/venvs/pytest/lib/python3.12/site-packages/_pytest/debugging.py\r\n    unittest            : /usr/local/py-utils/venvs/pytest/lib/python3.12/site-packages/_pytest/unittest.py\r\n    capture             : /usr/local/py-utils/venvs/pytest/lib/python3.12/site-packages/_pytest/capture.py\r\n    skipping            : /usr/local/py-utils/venvs/pytest/lib/python3.12/site-packages/_pytest/skipping.py\r\n    legacypath          : /usr/local/py-utils/venvs/pytest/lib/python3.12/site-packages/_pytest/legacypath.py\r\n    tmpdir              : /usr/local/py-utils/venvs/pytest/lib/python3.12/site-packages/_pytest/tmpdir.py\r\n    monkeypatch         : /usr/local/py-utils/venvs/pytest/lib/python3.12/site-packages/_pytest/monkeypatch.py\r\n    recwarn             : /usr/local/py-utils/venvs/pytest/lib/python3.12/site-packages/_pytest/recwarn.py\r\n    pastebin            : /usr/local/py-utils/venvs/pytest/lib/python3.12/site-packages/_pytest/pastebin.py\r\n    assertion           : /usr/local/py-utils/venvs/pytest/lib/python3.12/site-packages/_pytest/assertion/__init__.py\r\n    junitxml            : /usr/local/py-utils/venvs/pytest/lib/python3.12/site-packages/_pytest/junitxml.py\r\n    doctest             : /usr/local/py-utils/venvs/pytest/lib/python3.12/site-packages/_pytest/doctest.py\r\n    cacheprovider       : /usr/local/py-utils/venvs/pytest/lib/python3.12/site-packages/_pytest/cacheprovider.py\r\n    freeze_support      : /usr/local/py-utils/venvs/pytest/lib/python3.12/site-packages/_pytest/freeze_support.py\r\n    setuponly           : /usr/local/py-utils/venvs/pytest/lib/python3.12/site-packages/_pytest/setuponly.py\r\n    setupplan           : /usr/local/py-utils/venvs/pytest/lib/python3.12/site-packages/_pytest/setupplan.py\r\n    stepwise            : /usr/local/py-utils/venvs/pytest/lib/python3.12/site-packages/_pytest/stepwise.py\r\n    warnings            : /usr/local/py-utils/venvs/pytest/lib/python3.12/site-packages/_pytest/warnings.py\r\n    logging             : /usr/local/py-utils/venvs/pytest/lib/python3.12/site-packages/_pytest/logging.py\r\n    reports             : /usr/local/py-utils/venvs/pytest/lib/python3.12/site-packages/_pytest/reports.py\r\n    python_path         : /usr/local/py-utils/venvs/pytest/lib/python3.12/site-packages/_pytest/python_path.py\r\n    unraisableexception : /usr/local/py-utils/venvs/pytest/lib/python3.12/site-packages/_pytest/unraisableexception.py\r\n    threadexception     : /usr/local/py-utils/venvs/pytest/lib/python3.12/site-packages/_pytest/threadexception.py\r\n    faulthandler        : /usr/local/py-utils/venvs/pytest/lib/python3.12/site-packages/_pytest/faulthandler.py\r\n    capturemanager      : <CaptureManager _method='fd' _global_capturing=<MultiCapture out=<FDCapture 1 oldfd=5 _state='suspended' tmpfile=<_io.TextIOWrapper name=\"<_io.FileIO name=6 mode='rb+' closefd=True>\" mode='r+' encoding='utf-8'>> err=<FDCapture 2 oldfd=7 _state='suspended' tmpfile=<_io.TextIOWrapper name=\"<_io.FileIO name=8 mode='rb+' closefd=True>\" mode='r+' encoding='utf-8'>> in_=<FDCapture 0 oldfd=3 _state='started' tmpfile=<_io.TextIOWrapper name='/dev/null' mode='r' encoding='utf-8'>> _state='suspended' _in_suspended=False> _capture_fixture=None>\r\n    /workspaces/sdtp/tests/conftest.py: /workspaces/sdtp/tests/conftest.py\r\n    session             : <Session  exitstatus=<ExitCode.OK: 0> testsfailed=0 testscollected=0>\r\n    lfplugin            : <_pytest.cacheprovider.LFPlugin object at 0x79e285039250>\r\n    nfplugin            : <_pytest.cacheprovider.NFPlugin object at 0x79e28501dca0>\r\n    legacypath-tmpdir   : <class '_pytest.legacypath.LegacyTmpdirPlugin'>\r\n    terminalreporter    : <_pytest.terminal.TerminalReporter object at 0x79e28501d370>\r\n    logging-plugin      : <_pytest.logging.LoggingPlugin object at 0x79e28501ca40>\r\n    funcmanage          : <_pytest.fixtures.FixtureManager object at 0x79e28550df70>\r\nrootdir: /workspaces/sdtp\r\nconfigfile: pytest.ini\r\ncollected 0 items / 6 errors                                                       "
    ],
    "flattened": "vscode ➜ /workspaces/sdtp (main) $ pytest --trace-config\r\nPLUGIN registered: <_pytest.config.PytestPluginManager object at 0x79e28530aa20>\r\nPLUGIN registered: <_pytest.config.Config object at 0x79e285388e60>\r\nPLUGIN registered: <module '_pytest.mark' from '/usr/local/py-utils/venvs/pytest/lib/python3.12/site-packages/_pytest/mark/__init__.py'>\r\nPLUGIN registered: <module '_pytest.main' from '/usr/local/py-utils/venvs/pytest/lib/python3.12/site-packages/_pytest/main.py'>\r\nPLUGIN registered: <module '_pytest.runner' from '/usr/local/py-utils/venvs/pytest/lib/python3.12/site-packages/_pytest/runner.py'>\r\nPLUGIN registered: <module '_pytest.fixtures' from '/usr/local/py-utils/venvs/pytest/lib/python3.12/site-packages/_pytest/fixtures.py'>\r\nPLUGIN registered: <module '_pytest.helpconfig' from '/usr/local/py-utils/venvs/pytest/lib/python3.12/site-packages/_pytest/helpconfig.py'>\r\nPLUGIN registered: <module '_pytest.python' from '/usr/local/py-utils/venvs/pytest/lib/python3.12/site-packages/_pytest/python.py'>\r\nPLUGIN registered: <module '_pytest.terminal' from '/usr/local/py-utils/venvs/pytest/lib/python3.12/site-packages/_pytest/terminal.py'>\r\nPLUGIN registered: <module '_pytest.debugging' from '/usr/local/py-utils/venvs/pytest/lib/python3.12/site-packages/_pytest/debugging.py'>\r\nPLUGIN registered: <module '_pytest.unittest' from '/usr/local/py-utils/venvs/pytest/lib/python3.12/site-packages/_pytest/unittest.py'>\r\nPLUGIN registered: <module '_pytest.capture' from '/usr/local/py-utils/venvs/pytest/lib/python3.12/site-packages/_pytest/capture.py'>\r\nPLUGIN registered: <module '_pytest.skipping' from '/usr/local/py-utils/venvs/pytest/lib/python3.12/site-packages/_pytest/skipping.py'>\r\nPLUGIN registered: <module '_pytest.legacypath' from '/usr/local/py-utils/venvs/pytest/lib/python3.12/site-packages/_pytest/legacypath.py'>\r\nPLUGIN registered: <module '_pytest.tmpdir' from '/usr/local/py-utils/venvs/pytest/lib/python3.12/site-packages/_pytest/tmpdir.py'>\r\nPLUGIN registered: <module '_pytest.monkeypatch' from '/usr/local/py-utils/venvs/pytest/lib/python3.12/site-packages/_pytest/monkeypatch.py'>\r\nPLUGIN registered: <module '_pytest.recwarn' from '/usr/local/py-utils/venvs/pytest/lib/python3.12/site-packages/_pytest/recwarn.py'>\r\nPLUGIN registered: <module '_pytest.pastebin' from '/usr/local/py-utils/venvs/pytest/lib/python3.12/site-packages/_pytest/pastebin.py'>\r\nPLUGIN registered: <module '_pytest.assertion' from '/usr/local/py-utils/venvs/pytest/lib/python3.12/site-packages/_pytest/assertion/__init__.py'>\r\nPLUGIN registered: <module '_pytest.junitxml' from '/usr/local/py-utils/venvs/pytest/lib/python3.12/site-packages/_pytest/junitxml.py'>\r\nPLUGIN registered: <module '_pytest.doctest' from '/usr/local/py-utils/venvs/pytest/lib/python3.12/site-packages/_pytest/doctest.py'>\r\nPLUGIN registered: <module '_pytest.cacheprovider' from '/usr/local/py-utils/venvs/pytest/lib/python3.12/site-packages/_pytest/cacheprovider.py'>\r\nPLUGIN registered: <module '_pytest.freeze_support' from '/usr/local/py-utils/venvs/pytest/lib/python3.12/site-packages/_pytest/freeze_support.py'>\r\nPLUGIN registered: <module '_pytest.setuponly' from '/usr/local/py-utils/venvs/pytest/lib/python3.12/site-packages/_pytest/setuponly.py'>\r\nPLUGIN registered: <module '_pytest.setupplan' from '/usr/local/py-utils/venvs/pytest/lib/python3.12/site-packages/_pytest/setupplan.py'>\r\nPLUGIN registered: <module '_pytest.stepwise' from '/usr/local/py-utils/venvs/pytest/lib/python3.12/site-packages/_pytest/stepwise.py'>\r\nPLUGIN registered: <module '_pytest.warnings' from '/usr/local/py-utils/venvs/pytest/lib/python3.12/site-packages/_pytest/warnings.py'>\r\nPLUGIN registered: <module '_pytest.logging' from '/usr/local/py-utils/venvs/pytest/lib/python3.12/site-packages/_pytest/logging.py'>\r\nPLUGIN registered: <module '_pytest.reports' from '/usr/local/py-utils/venvs/pytest/lib/python3.12/site-packages/_pytest/reports.py'>\r\nPLUGIN registered: <module '_pytest.python_path' from '/usr/local/py-utils/venvs/pytest/lib/python3.12/site-packages/_pytest/python_path.py'>\r\nPLUGIN registered: <module '_pytest.unraisableexception' from '/usr/local/py-utils/venvs/pytest/lib/python3.12/site-packages/_pytest/unraisableexception.py'>\r\nPLUGIN registered: <module '_pytest.threadexception' from '/usr/local/py-utils/venvs/pytest/lib/python3.12/site-packages/_pytest/threadexception.py'>\r\nPLUGIN registered: <module '_pytest.faulthandler' from '/usr/local/py-utils/venvs/pytest/lib/python3.12/site-packages/_pytest/faulthandler.py'>\r\nPLUGIN registered: <CaptureManager _method='fd' _global_capturing=<MultiCapture out=<FDCapture 1 oldfd=5 _state='suspended' tmpfile=<_io.TextIOWrapper name=\"<_io.FileIO name=6 mode='rb+' closefd=True>\" mode='r+' encoding='utf-8'>> err=<FDCapture 2 oldfd=7 _state='suspended' tmpfile=<_io.TextIOWrapper name=\"<_io.FileIO name=8 mode='rb+' closefd=True>\" mode='r+' encoding='utf-8'>> in_=<FDCapture 0 oldfd=3 _state='started' tmpfile=<_io.TextIOWrapper name='/dev/null' mode='r' encoding='utf-8'>> _state='suspended' _in_suspended=False> _capture_fixture=None>\r\nPLUGIN registered: <module 'sdtp.tests.conftest' from '/workspaces/sdtp/tests/conftest.py'>\r\nPLUGIN registered: <Session  exitstatus=<ExitCode.OK: 0> testsfailed=0 testscollected=0>\r\nPLUGIN registered: <_pytest.cacheprovider.LFPlugin object at 0x79e285039250>\r\nPLUGIN registered: <_pytest.cacheprovider.NFPlugin object at 0x79e28501dca0>\r\nPLUGIN registered: <class '_pytest.legacypath.LegacyTmpdirPlugin'>\r\nPLUGIN registered: <_pytest.terminal.TerminalReporter object at 0x79e28501d370>\r\nPLUGIN registered: <_pytest.logging.LoggingPlugin object at 0x79e28501ca40>\r\nPLUGIN registered: <_pytest.fixtures.FixtureManager object at 0x79e28550df70>\r\n========================================================== test session starts ===========================================================\r\nplatform linux -- Python 3.12.6, pytest-8.3.3, pluggy-1.5.0\r\nusing: pytest-8.3.3\r\nactive plugins:\r\n    134013804128800     : <_pytest.config.PytestPluginManager object at 0x79e28530aa20>\r\n    pytestconfig        : <_pytest.config.Config object at 0x79e285388e60>\r\n    mark                : /usr/local/py-utils/venvs/pytest/lib/python3.12/site-packages/_pytest/mark/__init__.py\r\n    main                : /usr/local/py-utils/venvs/pytest/lib/python3.12/site-packages/_pytest/main.py\r\n    runner              : /usr/local/py-utils/venvs/pytest/lib/python3.12/site-packages/_pytest/runner.py\r\n    fixtures            : /usr/local/py-utils/venvs/pytest/lib/python3.12/site-packages/_pytest/fixtures.py\r\n    helpconfig          : /usr/local/py-utils/venvs/pytest/lib/python3.12/site-packages/_pytest/helpconfig.py\r\n    python              : /usr/local/py-utils/venvs/pytest/lib/python3.12/site-packages/_pytest/python.py\r\n    terminal            : /usr/local/py-utils/venvs/pytest/lib/python3.12/site-packages/_pytest/terminal.py\r\n    debugging           : /usr/local/py-utils/venvs/pytest/lib/python3.12/site-packages/_pytest/debugging.py\r\n    unittest            : /usr/local/py-utils/venvs/pytest/lib/python3.12/site-packages/_pytest/unittest.py\r\n    capture             : /usr/local/py-utils/venvs/pytest/lib/python3.12/site-packages/_pytest/capture.py\r\n    skipping            : /usr/local/py-utils/venvs/pytest/lib/python3.12/site-packages/_pytest/skipping.py\r\n    legacypath          : /usr/local/py-utils/venvs/pytest/lib/python3.12/site-packages/_pytest/legacypath.py\r\n    tmpdir              : /usr/local/py-utils/venvs/pytest/lib/python3.12/site-packages/_pytest/tmpdir.py\r\n    monkeypatch         : /usr/local/py-utils/venvs/pytest/lib/python3.12/site-packages/_pytest/monkeypatch.py\r\n    recwarn             : /usr/local/py-utils/venvs/pytest/lib/python3.12/site-packages/_pytest/recwarn.py\r\n    pastebin            : /usr/local/py-utils/venvs/pytest/lib/python3.12/site-packages/_pytest/pastebin.py\r\n    assertion           : /usr/local/py-utils/venvs/pytest/lib/python3.12/site-packages/_pytest/assertion/__init__.py\r\n    junitxml            : /usr/local/py-utils/venvs/pytest/lib/python3.12/site-packages/_pytest/junitxml.py\r\n    doctest             : /usr/local/py-utils/venvs/pytest/lib/python3.12/site-packages/_pytest/doctest.py\r\n    cacheprovider       : /usr/local/py-utils/venvs/pytest/lib/python3.12/site-packages/_pytest/cacheprovider.py\r\n    freeze_support      : /usr/local/py-utils/venvs/pytest/lib/python3.12/site-packages/_pytest/freeze_support.py\r\n    setuponly           : /usr/local/py-utils/venvs/pytest/lib/python3.12/site-packages/_pytest/setuponly.py\r\n    setupplan           : /usr/local/py-utils/venvs/pytest/lib/python3.12/site-packages/_pytest/setupplan.py\r\n    stepwise            : /usr/local/py-utils/venvs/pytest/lib/python3.12/site-packages/_pytest/stepwise.py\r\n    warnings            : /usr/local/py-utils/venvs/pytest/lib/python3.12/site-packages/_pytest/warnings.py\r\n    logging             : /usr/local/py-utils/venvs/pytest/lib/python3.12/site-packages/_pytest/logging.py\r\n    reports             : /usr/local/py-utils/venvs/pytest/lib/python3.12/site-packages/_pytest/reports.py\r\n    python_path         : /usr/local/py-utils/venvs/pytest/lib/python3.12/site-packages/_pytest/python_path.py\r\n    unraisableexception : /usr/local/py-utils/venvs/pytest/lib/python3.12/site-packages/_pytest/unraisableexception.py\r\n    threadexception     : /usr/local/py-utils/venvs/pytest/lib/python3.12/site-packages/_pytest/threadexception.py\r\n    faulthandler        : /usr/local/py-utils/venvs/pytest/lib/python3.12/site-packages/_pytest/faulthandler.py\r\n    capturemanager      : <CaptureManager _method='fd' _global_capturing=<MultiCapture out=<FDCapture 1 oldfd=5 _state='suspended' tmpfile=<_io.TextIOWrapper name=\"<_io.FileIO name=6 mode='rb+' closefd=True>\" mode='r+' encoding='utf-8'>> err=<FDCapture 2 oldfd=7 _state='suspended' tmpfile=<_io.TextIOWrapper name=\"<_io.FileIO name=8 mode='rb+' closefd=True>\" mode='r+' encoding='utf-8'>> in_=<FDCapture 0 oldfd=3 _state='started' tmpfile=<_io.TextIOWrapper name='/dev/null' mode='r' encoding='utf-8'>> _state='suspended' _in_suspended=False> _capture_fixture=None>\r\n    /workspaces/sdtp/tests/conftest.py: /workspaces/sdtp/tests/conftest.py\r\n    session             : <Session  exitstatus=<ExitCode.OK: 0> testsfailed=0 testscollected=0>\r\n    lfplugin            : <_pytest.cacheprovider.LFPlugin object at 0x79e285039250>\r\n    nfplugin            : <_pytest.cacheprovider.NFPlugin object at 0x79e28501dca0>\r\n    legacypath-tmpdir   : <class '_pytest.legacypath.LegacyTmpdirPlugin'>\r\n    terminalreporter    : <_pytest.terminal.TerminalReporter object at 0x79e28501d370>\r\n    logging-plugin      : <_pytest.logging.LoggingPlugin object at 0x79e28501ca40>\r\n    funcmanage          : <_pytest.fixtures.FixtureManager object at 0x79e28550df70>\r\nrootdir: /workspaces/sdtp\r\nconfigfile: pytest.ini\r\ncollected 0 items / 6 errors",
    "id": "468645c5-f621-4976-9149-0da752d01752",
    "create_time": 1748978403.944,
    "timestamp": "2025-06-03T19:20:03.944000Z"
  },
  {
    "role": "AI Partner",
    "parts": [
      "Your `pytest --trace-config` output confirms that:\n\n- `pytest` is installed and working correctly.\n- Your plugin system is functional.\n- Your `tests/conftest.py` file is being correctly picked up and registered as a plugin.\n\nHowever, **no tests are being collected**, as seen from this line:\n\n```\ntestsfailed=0 testscollected=0\n```\n\nThis usually means one of the following:\n\n### ✅ Things to Check\n\n1. **Test file names**:\n   Pytest only collects files that match the pattern `test_*.py` or `*_test.py` by default. Make sure your test files are named correctly (e.g., `test_my_module.py`).\n\n2. **Test function names**:\n   Pytest only collects test functions that start with `test_`. For example:\n\n   ```python\n   def test_something():\n       assert True\n   ```\n\n3. **Test classes**:\n   If you’re using classes, they should be named starting with `Test` and must not have an `__init__` method. Also, test methods should start with `test_`.\n\n   ```python\n   class TestMyClass:\n       def test_method(self):\n           assert True\n   ```\n\n4. **Explicit paths**:\n   You may try explicitly pointing pytest at your test folder or file:\n\n   ```bash\n   pytest tests/\n   ```\n\n   or\n\n   ```bash\n   pytest tests/test_my_module.py\n   ```\n\n5. **Empty `__init__.py` files**:\n   If your test folder has `__init__.py`, make sure it’s not interfering with collection. Sometimes, removing `__init__.py` from test directories helps.\n\n6. **Custom configuration**:\n   Check if you have a `pytest.ini`, `tox.ini`, or `pyproject.toml` with a `[tool.pytest.ini_options]` section that might be excluding files using `norecursedirs` or other options.\n\n   Example `pytest.ini` that can break discovery:\n   ```ini\n   [pytest]\n   norecursedirs = .*\n   python_files = custom_*.py\n   ```\n\n7. **Verbose collection**:\n   Run this to see which files/functions are being collected (or skipped):\n\n   ```bash\n   pytest -v --collect-only\n   ```\n\n---\n\nIf you’re still stuck, feel free to share:\n- Your test directory structure (tree view).\n- Example test file and function.\n- Output of `pytest -v --collect-only`.\n\nThat should help pinpoint the issue quickly."
    ],
    "flattened": "Your `pytest --trace-config` output confirms that:\n\n- `pytest` is installed and working correctly.\n- Your plugin system is functional.\n- Your `tests/conftest.py` file is being correctly picked up and registered as a plugin.\n\nHowever, **no tests are being collected**, as seen from this line:\n\n```\ntestsfailed=0 testscollected=0\n```\n\nThis usually means one of the following:\n\n### ✅ Things to Check\n\n1. **Test file names**:\n   Pytest only collects files that match the pattern `test_*.py` or `*_test.py` by default. Make sure your test files are named correctly (e.g., `test_my_module.py`).\n\n2. **Test function names**:\n   Pytest only collects test functions that start with `test_`. For example:\n\n   ```python\n   def test_something():\n       assert True\n   ```\n\n3. **Test classes**:\n   If you’re using classes, they should be named starting with `Test` and must not have an `__init__` method. Also, test methods should start with `test_`.\n\n   ```python\n   class TestMyClass:\n       def test_method(self):\n           assert True\n   ```\n\n4. **Explicit paths**:\n   You may try explicitly pointing pytest at your test folder or file:\n\n   ```bash\n   pytest tests/\n   ```\n\n   or\n\n   ```bash\n   pytest tests/test_my_module.py\n   ```\n\n5. **Empty `__init__.py` files**:\n   If your test folder has `__init__.py`, make sure it’s not interfering with collection. Sometimes, removing `__init__.py` from test directories helps.\n\n6. **Custom configuration**:\n   Check if you have a `pytest.ini`, `tox.ini`, or `pyproject.toml` with a `[tool.pytest.ini_options]` section that might be excluding files using `norecursedirs` or other options.\n\n   Example `pytest.ini` that can break discovery:\n   ```ini\n   [pytest]\n   norecursedirs = .*\n   python_files = custom_*.py\n   ```\n\n7. **Verbose collection**:\n   Run this to see which files/functions are being collected (or skipped):\n\n   ```bash\n   pytest -v --collect-only\n   ```\n\n---\n\nIf you’re still stuck, feel free to share:\n- Your test directory structure (tree view).\n- Example test file and function.\n- Output of `pytest -v --collect-only`.\n\nThat should help pinpoint the issue quickly.",
    "id": "75aaaeb9-189a-43a1-8ba6-cceb871ed206",
    "create_time": 1748978405.373312,
    "timestamp": "2025-06-03T19:20:05.373312Z"
  },
  {
    "role": "User",
    "parts": [
      "When I try running conftest.py directly, I get:\nvscode ➜ /workspaces/sdtp (main) $ python tests/conftest.py \r\n/workspaces/sdtp\r\n['/workspaces/sdtp/tests', '/usr/local/lib/python312.zip', '/usr/local/lib/python3.12', '/usr/local/lib/python3.12/lib-dynload', '/home/vscode/.local/lib/python3.12/site-packages', '/usr/local/lib/python3.12/site-packages', '/workspaces/sdtp', '/workspaces/sdtp/src']\r\nTraceback (most recent call last):\r\n  File \"/workspaces/sdtp/tests/conftest.py\", line 41, in <module>\r\n    import pytest\r\nModuleNotFoundError: No module named 'pytest'"
    ],
    "flattened": "When I try running conftest.py directly, I get:\nvscode ➜ /workspaces/sdtp (main) $ python tests/conftest.py \r\n/workspaces/sdtp\r\n['/workspaces/sdtp/tests', '/usr/local/lib/python312.zip', '/usr/local/lib/python3.12', '/usr/local/lib/python3.12/lib-dynload', '/home/vscode/.local/lib/python3.12/site-packages', '/usr/local/lib/python3.12/site-packages', '/workspaces/sdtp', '/workspaces/sdtp/src']\r\nTraceback (most recent call last):\r\n  File \"/workspaces/sdtp/tests/conftest.py\", line 41, in <module>\r\n    import pytest\r\nModuleNotFoundError: No module named 'pytest'",
    "id": "9eeed17f-849a-4bdd-8002-5b642abb986b",
    "create_time": 1748978474.377,
    "timestamp": "2025-06-03T19:21:14.377000Z"
  },
  {
    "role": "AI Partner",
    "parts": [
      "The error:\n\n```\nModuleNotFoundError: No module named 'pytest'\n```\n\n…means that `pytest` is not installed in your current Python environment.\n\n### ✅ To fix this:\n\nRun:\n\n```bash\npip install pytest\n```\n\nOr if you're using a specific Python version (like Python 3.12) and want to be explicit:\n\n```bash\npython3.12 -m pip install pytest\n```\n\nIf you're using a `requirements.txt` or `pyproject.toml` and `pytest` is already declared there, just install all dependencies:\n\n```bash\npip install -r requirements.txt\n# or\npip install .[dev]\n```\n\n### ⚠️ Also: Don’t run `conftest.py` directly\n\nThe `conftest.py` file is **not** meant to be executed directly with `python tests/conftest.py`. It is a configuration and fixture file for `pytest`, and it's loaded automatically when you run:\n\n```bash\npytest\n```\n\nSo once you've installed `pytest`, just run your tests with:\n\n```bash\npytest tests\n```\n\nThat will discover `conftest.py`, use the fixtures, and execute your tests correctly.\n\nLet me know if you want help setting up a `requirements.txt` or `pyproject.toml` for test dependencies."
    ],
    "flattened": "The error:\n\n```\nModuleNotFoundError: No module named 'pytest'\n```\n\n…means that `pytest` is not installed in your current Python environment.\n\n### ✅ To fix this:\n\nRun:\n\n```bash\npip install pytest\n```\n\nOr if you're using a specific Python version (like Python 3.12) and want to be explicit:\n\n```bash\npython3.12 -m pip install pytest\n```\n\nIf you're using a `requirements.txt` or `pyproject.toml` and `pytest` is already declared there, just install all dependencies:\n\n```bash\npip install -r requirements.txt\n# or\npip install .[dev]\n```\n\n### ⚠️ Also: Don’t run `conftest.py` directly\n\nThe `conftest.py` file is **not** meant to be executed directly with `python tests/conftest.py`. It is a configuration and fixture file for `pytest`, and it's loaded automatically when you run:\n\n```bash\npytest\n```\n\nSo once you've installed `pytest`, just run your tests with:\n\n```bash\npytest tests\n```\n\nThat will discover `conftest.py`, use the fixtures, and execute your tests correctly.\n\nLet me know if you want help setting up a `requirements.txt` or `pyproject.toml` for test dependencies.",
    "id": "5222b45a-5250-474f-aedb-0cbaa8d08b91",
    "create_time": 1748978475.756704,
    "timestamp": "2025-06-03T19:21:15.756704Z"
  },
  {
    "role": "User",
    "parts": [
      "Actually, it appears to be a secondary import problem.  As with many packages, my __init__.py file imports from the various peer files:\n\r\nfrom sdtp.sdtp_utils import InvalidDataException\r\nfrom sdtp.sdtp_utils import SDML_BOOLEAN, SDML_DATE, SDML_DATETIME, SDML_NUMBER, SDML_PYTHON_TYPES, SDML_SCHEMA_TYPES, SDML_STRING, SDML_TIME_OF_DAY\r\nfrom sdtp.sdtp_utils import type_check, check_sdml_type_of_list, jsonifiable_value,  jsonifiable_row, jsonifiable_rows, jsonifiable_column, convert_to_type, convert_list_to_type, convert_row_to_type_list, convert_rows_to_type_list, convert_dict_to_type\r\nfrom sdtp.sdtp_filter import SDQL_FILTER_OPERATORS, SDQL_FILTER_FIELDS, check_valid_spec, check_valid_spec_return_boolean, SDQLFilter\r\nfrom sdtp.sdtp_table import SDMLTable, SDMLFixedTable, SDMLDataFrameTable, RowTable, RemoteSDMLTable, SDMLTableFactory, RowTableFactory, RemoteSDMLTableFactory, FileTable, FileTableFactory, GCSTable, GCSTableFactory, HTTPTable, HTTPTableFactory\r\nfrom sdtp.table_server import  TableServer, TableNotFoundException, ColumnNotFoundException\r\nfrom sdtp.sdtp_server import sdtp_server_blueprint, SDTPServer\nand the error messages are:\nImportError while importing test module '/workspaces/sdtp/tests/test_sdtp_server.py'.\r\nHint: make sure your test modules/packages have valid Python names.\r\nTraceback:\r\n/usr/local/lib/python3.12/importlib/__init__.py:90: in import_module\r\n    return _bootstrap._gcd_import(name[level:], package, level)\r\ntests/test_sdtp_server.py:44: in <module>\r\n    from sdtp import sdtp_server_blueprint, jsonifiable_column\r\nE   ImportError: cannot import name 'sdtp_server_blueprint' from 'sdtp' (/workspaces/sdtp/__init__.py)"
    ],
    "flattened": "Actually, it appears to be a secondary import problem.  As with many packages, my __init__.py file imports from the various peer files:\n\r\nfrom sdtp.sdtp_utils import InvalidDataException\r\nfrom sdtp.sdtp_utils import SDML_BOOLEAN, SDML_DATE, SDML_DATETIME, SDML_NUMBER, SDML_PYTHON_TYPES, SDML_SCHEMA_TYPES, SDML_STRING, SDML_TIME_OF_DAY\r\nfrom sdtp.sdtp_utils import type_check, check_sdml_type_of_list, jsonifiable_value,  jsonifiable_row, jsonifiable_rows, jsonifiable_column, convert_to_type, convert_list_to_type, convert_row_to_type_list, convert_rows_to_type_list, convert_dict_to_type\r\nfrom sdtp.sdtp_filter import SDQL_FILTER_OPERATORS, SDQL_FILTER_FIELDS, check_valid_spec, check_valid_spec_return_boolean, SDQLFilter\r\nfrom sdtp.sdtp_table import SDMLTable, SDMLFixedTable, SDMLDataFrameTable, RowTable, RemoteSDMLTable, SDMLTableFactory, RowTableFactory, RemoteSDMLTableFactory, FileTable, FileTableFactory, GCSTable, GCSTableFactory, HTTPTable, HTTPTableFactory\r\nfrom sdtp.table_server import  TableServer, TableNotFoundException, ColumnNotFoundException\r\nfrom sdtp.sdtp_server import sdtp_server_blueprint, SDTPServer\nand the error messages are:\nImportError while importing test module '/workspaces/sdtp/tests/test_sdtp_server.py'.\r\nHint: make sure your test modules/packages have valid Python names.\r\nTraceback:\r\n/usr/local/lib/python3.12/importlib/__init__.py:90: in import_module\r\n    return _bootstrap._gcd_import(name[level:], package, level)\r\ntests/test_sdtp_server.py:44: in <module>\r\n    from sdtp import sdtp_server_blueprint, jsonifiable_column\r\nE   ImportError: cannot import name 'sdtp_server_blueprint' from 'sdtp' (/workspaces/sdtp/__init__.py)",
    "id": "119695b5-5779-43e4-b38c-079ecfca82b7",
    "create_time": 1748981630.268,
    "timestamp": "2025-06-03T20:13:50.268000Z"
  },
  {
    "role": "AI Partner",
    "parts": [
      "Thanks for the extra detail — that really helps clarify the issue.\n\n### ✅ Summary of what's happening:\n\nYou’re importing everything into `sdtp/__init__.py` to create a convenient package-level API, which is good practice. But when running tests, you're hitting this error:\n\n```\nImportError: cannot import name 'sdtp_server_blueprint' from 'sdtp'\n```\n\nYet you **do** have this line in your `__init__.py`:\n\n```python\nfrom sdtp.sdtp_server import sdtp_server_blueprint, SDTPServer\n```\n\nThis suggests a **circular import problem**.\n\n---\n\n### 🔁 What’s likely happening\n\n1. You run `pytest`.\n2. `pytest` tries to import `test_sdtp_server.py`.\n3. `test_sdtp_server.py` does:\n\n   ```python\n   from sdtp import sdtp_server_blueprint\n   ```\n\n4. This triggers the loading of `sdtp/__init__.py`, which in turn tries to do:\n\n   ```python\n   from sdtp.sdtp_server import sdtp_server_blueprint\n   ```\n\n5. But **`sdtp_server.py`** itself (or one of the modules it imports) might be importing **from `sdtp`**, and since `sdtp/__init__.py` isn't fully loaded yet, the import fails.\n\nThis is a **circular import** problem.\n\n---\n\n### 🛠 Solutions\n\n#### ✅ Option 1: Move imports inside functions (lazy import)\n\nIf you only use `sdtp_server_blueprint` in one place (like a test), do this in `test_sdtp_server.py`:\n\n```python\n# Don't import from sdtp/__init__.py\nfrom sdtp.sdtp_server import sdtp_server_blueprint\n```\n\nThis bypasses the chain that goes through `__init__.py` and avoids the circular reference.\n\n#### ✅ Option 2: Break the circular import\n\nIdentify where `sdtp.sdtp_server` might be importing from `sdtp`, either directly or indirectly via another module (`sdtp_utils`, `sdtp_table`, etc.). That’s the real root of the problem.\n\nThen either:\n- Delay that import (`import ...` inside a function), or\n- Restructure so that common dependencies go in a shared module that both sides can import.\n\n---\n\n### 👀 To help you debug\n\nYou can temporarily insert this at the top of `__init__.py`:\n\n```python\nprint(\"Loading sdtp/__init__.py\")\n```\n\nAnd similarly at the top of each submodule like `sdtp_server.py`:\n\n```python\nprint(\"Importing sdtp_server\")\n```\n\nThat’ll show you the circular path when you run `pytest`.\n\n---\n\n### 💡 Pro Tip for packages with interdependencies\n\nTo avoid circular imports in modular packages:\n\n- Keep `__init__.py` minimal (just expose user-level symbols).\n- Avoid importing sibling modules in `__init__.py` if they import from each other.\n- Move heavy logic into internal helper modules (e.g., `_core.py`) that don’t depend on others.\n\n---\n\nLet me know if you want help tracing the specific circular dependency — I can do that with a bit more detail from your `sdtp_server.py` and possibly other peer modules."
    ],
    "flattened": "Thanks for the extra detail — that really helps clarify the issue.\n\n### ✅ Summary of what's happening:\n\nYou’re importing everything into `sdtp/__init__.py` to create a convenient package-level API, which is good practice. But when running tests, you're hitting this error:\n\n```\nImportError: cannot import name 'sdtp_server_blueprint' from 'sdtp'\n```\n\nYet you **do** have this line in your `__init__.py`:\n\n```python\nfrom sdtp.sdtp_server import sdtp_server_blueprint, SDTPServer\n```\n\nThis suggests a **circular import problem**.\n\n---\n\n### 🔁 What’s likely happening\n\n1. You run `pytest`.\n2. `pytest` tries to import `test_sdtp_server.py`.\n3. `test_sdtp_server.py` does:\n\n   ```python\n   from sdtp import sdtp_server_blueprint\n   ```\n\n4. This triggers the loading of `sdtp/__init__.py`, which in turn tries to do:\n\n   ```python\n   from sdtp.sdtp_server import sdtp_server_blueprint\n   ```\n\n5. But **`sdtp_server.py`** itself (or one of the modules it imports) might be importing **from `sdtp`**, and since `sdtp/__init__.py` isn't fully loaded yet, the import fails.\n\nThis is a **circular import** problem.\n\n---\n\n### 🛠 Solutions\n\n#### ✅ Option 1: Move imports inside functions (lazy import)\n\nIf you only use `sdtp_server_blueprint` in one place (like a test), do this in `test_sdtp_server.py`:\n\n```python\n# Don't import from sdtp/__init__.py\nfrom sdtp.sdtp_server import sdtp_server_blueprint\n```\n\nThis bypasses the chain that goes through `__init__.py` and avoids the circular reference.\n\n#### ✅ Option 2: Break the circular import\n\nIdentify where `sdtp.sdtp_server` might be importing from `sdtp`, either directly or indirectly via another module (`sdtp_utils`, `sdtp_table`, etc.). That’s the real root of the problem.\n\nThen either:\n- Delay that import (`import ...` inside a function), or\n- Restructure so that common dependencies go in a shared module that both sides can import.\n\n---\n\n### 👀 To help you debug\n\nYou can temporarily insert this at the top of `__init__.py`:\n\n```python\nprint(\"Loading sdtp/__init__.py\")\n```\n\nAnd similarly at the top of each submodule like `sdtp_server.py`:\n\n```python\nprint(\"Importing sdtp_server\")\n```\n\nThat’ll show you the circular path when you run `pytest`.\n\n---\n\n### 💡 Pro Tip for packages with interdependencies\n\nTo avoid circular imports in modular packages:\n\n- Keep `__init__.py` minimal (just expose user-level symbols).\n- Avoid importing sibling modules in `__init__.py` if they import from each other.\n- Move heavy logic into internal helper modules (e.g., `_core.py`) that don’t depend on others.\n\n---\n\nLet me know if you want help tracing the specific circular dependency — I can do that with a bit more detail from your `sdtp_server.py` and possibly other peer modules.",
    "id": "9b805daf-9307-47f1-b306-fcefca56ec1a",
    "create_time": 1748981631.948135,
    "timestamp": "2025-06-03T20:13:51.948135Z"
  },
  {
    "role": "User",
    "parts": [
      "Got it.  if foo.py and bar.py are peers in directory x, should bar import from x.foo or from foo?"
    ],
    "flattened": "Got it.  if foo.py and bar.py are peers in directory x, should bar import from x.foo or from foo?",
    "id": "b69738f0-6110-4459-b262-8fe3c4c26691",
    "create_time": 1748981894.513,
    "timestamp": "2025-06-03T20:18:14.513000Z"
  },
  {
    "role": "AI Partner",
    "parts": [
      "Great question — and the answer depends on whether you're treating the directory `x` as a **package** (i.e., has an `__init__.py`) or just a folder with scripts.\n\n### ✅ If `x` is a **Python package** (i.e., has `__init__.py`):\n\nYou **should always** do:\n\n```python\nfrom x.foo import something\n```\n\nOr (better in some cases, especially for internal imports within a package):\n\n```python\nfrom .foo import something  # relative import\n```\n\nThis makes your code **package-safe and importable**, and works correctly when running tests or using the code as an installed package.\n\n### 🚫 You should **not** do:\n\n```python\nfrom foo import something\n```\n\nThis only works if the current working directory happens to be `x/`, and breaks if you run the script from anywhere else or install the package.\n\n---\n\n### 🧠 Rule of Thumb\n\nInside a package:\n- Use **relative imports** (`from .foo import ...`) to refer to sibling modules.\n- Use **absolute imports** (`from x.foo import ...`) to refer to well-defined package paths, especially across subpackages.\n- **Never use implicit \"bare\" imports** like `from foo import ...` unless you’re absolutely sure `foo.py` is in the same directory and you're just hacking a script together (not building a package).\n\n---\n\n### ✅ Example\n\nFile structure:\n\n```\nx/\n├── __init__.py\n├── foo.py\n├── bar.py\n```\n\nInside `bar.py`, you should do either:\n\n```python\n# Relative import — preferred for internal modularity\nfrom .foo import something\n```\n\nor\n\n```python\n# Absolute import — clearer if part of a wider package\nfrom x.foo import something\n```\n\nAvoid:\n\n```python\nfrom foo import something  # ❌ breaks when used as a package\n```\n\n---\n\nLet me know if you want me to look at your actual package layout and suggest specific imports."
    ],
    "flattened": "Great question — and the answer depends on whether you're treating the directory `x` as a **package** (i.e., has an `__init__.py`) or just a folder with scripts.\n\n### ✅ If `x` is a **Python package** (i.e., has `__init__.py`):\n\nYou **should always** do:\n\n```python\nfrom x.foo import something\n```\n\nOr (better in some cases, especially for internal imports within a package):\n\n```python\nfrom .foo import something  # relative import\n```\n\nThis makes your code **package-safe and importable**, and works correctly when running tests or using the code as an installed package.\n\n### 🚫 You should **not** do:\n\n```python\nfrom foo import something\n```\n\nThis only works if the current working directory happens to be `x/`, and breaks if you run the script from anywhere else or install the package.\n\n---\n\n### 🧠 Rule of Thumb\n\nInside a package:\n- Use **relative imports** (`from .foo import ...`) to refer to sibling modules.\n- Use **absolute imports** (`from x.foo import ...`) to refer to well-defined package paths, especially across subpackages.\n- **Never use implicit \"bare\" imports** like `from foo import ...` unless you’re absolutely sure `foo.py` is in the same directory and you're just hacking a script together (not building a package).\n\n---\n\n### ✅ Example\n\nFile structure:\n\n```\nx/\n├── __init__.py\n├── foo.py\n├── bar.py\n```\n\nInside `bar.py`, you should do either:\n\n```python\n# Relative import — preferred for internal modularity\nfrom .foo import something\n```\n\nor\n\n```python\n# Absolute import — clearer if part of a wider package\nfrom x.foo import something\n```\n\nAvoid:\n\n```python\nfrom foo import something  # ❌ breaks when used as a package\n```\n\n---\n\nLet me know if you want me to look at your actual package layout and suggest specific imports.",
    "id": "83c332c9-fbce-4e20-972c-b0c2b2c90027",
    "create_time": 1748981895.911955,
    "timestamp": "2025-06-03T20:18:15.911955Z"
  },
  {
    "role": "User",
    "parts": [
      "So...\nrom sdtp.sdtp_utils import InvalidDataException\r\nfrom sdtp.sdtp_filter import check_valid_spec\r\nfrom sdtp.table_server import TableServer, TableNotFoundException, ColumnNotFoundException\r"
    ],
    "flattened": "So...\nrom sdtp.sdtp_utils import InvalidDataException\r\nfrom sdtp.sdtp_filter import check_valid_spec\r\nfrom sdtp.table_server import TableServer, TableNotFoundException, ColumnNotFoundException",
    "id": "54cf5eaa-f688-4cd4-8a24-5fe40c4b7723",
    "create_time": 1748982079.658,
    "timestamp": "2025-06-03T20:21:19.658000Z"
  },
  {
    "role": "AI Partner",
    "parts": [
      "Yes — your examples are **correct for absolute imports within a package**, assuming:\n\n1. Your package is structured like this:\n\n```\nsdtp/\n├── __init__.py\n├── sdtp_utils.py\n├── sdtp_filter.py\n├── table_server.py\n├── sdtp_server.py\n```\n\n2. The **`sdtp` directory is either**:\n   - installed as a package (e.g., using `pip install -e .` or included in `PYTHONPATH`)\n   - or is at the root of your project, and you're running tests or code from the **project root**, not from inside the `sdtp/` folder directly.\n\n---\n\n### ✅ Good usage:\n\n```python\nfrom sdtp.sdtp_utils import InvalidDataException\nfrom sdtp.sdtp_filter import check_valid_spec\nfrom sdtp.table_server import TableServer, TableNotFoundException, ColumnNotFoundException\n```\n\nThis is clear, and will work when:\n\n- You're importing `sdtp` as a package\n- Your root path is correctly set (e.g., you're running `pytest` or Python from the top-level project directory)\n\n---\n\n### ✅ Alternate (if you're inside `sdtp/` and want relative imports):\n\nInside `sdtp/sdtp_server.py`, you could also write:\n\n```python\nfrom .sdtp_utils import InvalidDataException\nfrom .sdtp_filter import check_valid_spec\nfrom .table_server import TableServer, TableNotFoundException, ColumnNotFoundException\n```\n\nThis ensures it's always relative to the current module, but you can't run this module directly (`python sdtp_server.py`) unless you adjust `PYTHONPATH` or use `-m`.\n\n---\n\n### ❌ Don't do this:\n\n```python\nfrom sdtp_utils import InvalidDataException  # ❌ breaks if sdtp isn't current directory\n```\n\nThat would only work if `sdtp` is the working directory — not portable.\n\n---\n\nLet me know if you want help writing a proper `pyproject.toml` or `setup.py` to make `sdtp` installable (so you never have to worry about import paths again)."
    ],
    "flattened": "Yes — your examples are **correct for absolute imports within a package**, assuming:\n\n1. Your package is structured like this:\n\n```\nsdtp/\n├── __init__.py\n├── sdtp_utils.py\n├── sdtp_filter.py\n├── table_server.py\n├── sdtp_server.py\n```\n\n2. The **`sdtp` directory is either**:\n   - installed as a package (e.g., using `pip install -e .` or included in `PYTHONPATH`)\n   - or is at the root of your project, and you're running tests or code from the **project root**, not from inside the `sdtp/` folder directly.\n\n---\n\n### ✅ Good usage:\n\n```python\nfrom sdtp.sdtp_utils import InvalidDataException\nfrom sdtp.sdtp_filter import check_valid_spec\nfrom sdtp.table_server import TableServer, TableNotFoundException, ColumnNotFoundException\n```\n\nThis is clear, and will work when:\n\n- You're importing `sdtp` as a package\n- Your root path is correctly set (e.g., you're running `pytest` or Python from the top-level project directory)\n\n---\n\n### ✅ Alternate (if you're inside `sdtp/` and want relative imports):\n\nInside `sdtp/sdtp_server.py`, you could also write:\n\n```python\nfrom .sdtp_utils import InvalidDataException\nfrom .sdtp_filter import check_valid_spec\nfrom .table_server import TableServer, TableNotFoundException, ColumnNotFoundException\n```\n\nThis ensures it's always relative to the current module, but you can't run this module directly (`python sdtp_server.py`) unless you adjust `PYTHONPATH` or use `-m`.\n\n---\n\n### ❌ Don't do this:\n\n```python\nfrom sdtp_utils import InvalidDataException  # ❌ breaks if sdtp isn't current directory\n```\n\nThat would only work if `sdtp` is the working directory — not portable.\n\n---\n\nLet me know if you want help writing a proper `pyproject.toml` or `setup.py` to make `sdtp` installable (so you never have to worry about import paths again).",
    "id": "3d3d4bfc-6cde-4478-bace-f9a368dc9ad8",
    "create_time": 1748982081.083358,
    "timestamp": "2025-06-03T20:21:21.083358Z"
  },
  {
    "role": "User",
    "parts": [
      "Here's my pyrpject.toml (I've had this thing releases as a pypi package for several months, and it works fine in production -- it's only in pytest that I have an issue):\n[build-system]\r\nrequires = [\"setuptools>=61.0\"]\r\nbuild-backend = \"setuptools.build_meta\"\r\n\r\n[project]\r\nname = \"sdtp\"\r\nversion = \"0.2.6\"\r\nauthors = [\r\n  { name = \"Rick McGeer\", email='rick@mcgeer.com' }\r\n]\r\ndescription = \"A Python implementation of the Simple Data Transfer Protocol data structures, function, and server\"\r\nreadme = \"README.md\"\r\nrequires-python =  \">=3.8\"\r\nclassifiers = [\r\n  'Development Status :: 3 - Alpha',     \r\n  'Intended Audience :: Science/Research',      \r\n  'Topic :: Scientific/Engineering :: Image Recognition',\r\n  'License :: OSI Approved :: BSD License', \r\n  'Programming Language :: Python :: 3',      \r\n  'Programming Language :: Python :: 3.4',\r\n  'Programming Language :: Python :: 3.5',\r\n  'Programming Language :: Python :: 3.6',\r\n  'Programming Language :: Python :: 3.7',\r\n  'Programming Language :: Python :: 3.8',\r\n  'Programming Language :: Python :: 3.9',\r\n]\r\n\r\ndependencies = [\r\n  'Flask',\r\n  'Flask-CORS',\r\n  'numpy',\r\n  'pandas',\r\n  'requests',\r\n  'Werkzeug',\r\n  'google-cloud-storage',\r\n  'google-cloud-core'\r\n]\r\n\r\nkeywords = ['Data access', 'Data analytics']\r\n\r\n[project.urls]\r\nhomepage = 'https://github.com/rickmcgeer/sdtp'\r\nissues = 'https://github.com/rickmcgeer/sdtp/issues'\r"
    ],
    "flattened": "Here's my pyrpject.toml (I've had this thing releases as a pypi package for several months, and it works fine in production -- it's only in pytest that I have an issue):\n[build-system]\r\nrequires = [\"setuptools>=61.0\"]\r\nbuild-backend = \"setuptools.build_meta\"\r\n\r\n[project]\r\nname = \"sdtp\"\r\nversion = \"0.2.6\"\r\nauthors = [\r\n  { name = \"Rick McGeer\", email='rick@mcgeer.com' }\r\n]\r\ndescription = \"A Python implementation of the Simple Data Transfer Protocol data structures, function, and server\"\r\nreadme = \"README.md\"\r\nrequires-python =  \">=3.8\"\r\nclassifiers = [\r\n  'Development Status :: 3 - Alpha',     \r\n  'Intended Audience :: Science/Research',      \r\n  'Topic :: Scientific/Engineering :: Image Recognition',\r\n  'License :: OSI Approved :: BSD License', \r\n  'Programming Language :: Python :: 3',      \r\n  'Programming Language :: Python :: 3.4',\r\n  'Programming Language :: Python :: 3.5',\r\n  'Programming Language :: Python :: 3.6',\r\n  'Programming Language :: Python :: 3.7',\r\n  'Programming Language :: Python :: 3.8',\r\n  'Programming Language :: Python :: 3.9',\r\n]\r\n\r\ndependencies = [\r\n  'Flask',\r\n  'Flask-CORS',\r\n  'numpy',\r\n  'pandas',\r\n  'requests',\r\n  'Werkzeug',\r\n  'google-cloud-storage',\r\n  'google-cloud-core'\r\n]\r\n\r\nkeywords = ['Data access', 'Data analytics']\r\n\r\n[project.urls]\r\nhomepage = 'https://github.com/rickmcgeer/sdtp'\r\nissues = 'https://github.com/rickmcgeer/sdtp/issues'",
    "id": "3715c081-3535-46f2-8d05-4b626850bcae",
    "create_time": 1748982185.397,
    "timestamp": "2025-06-03T20:23:05.397000Z"
  },
  {
    "role": "AI Partner",
    "parts": [
      "Thanks for sharing your `pyproject.toml` — it looks solid, and since you've successfully published and used the package in production, you're clearly doing things right overall.\n\nThe issue you're hitting with `pytest` is common in projects that are installed with `pip install -e .` but run tests without correctly configuring the module import path during test discovery.\n\n---\n\n## ✅ Recommended Fix\n\nIn your **project root** (`/workspaces/sdtp`), run:\n\n```bash\npytest -c pytest.ini\n```\n\nand **create a `pytest.ini`** file with:\n\n```ini\n[pytest]\nminversion = 6.0\naddopts = -ra -q\ntestpaths = \n    tests\npythonpath = \n    src\n```\n\nThis tells `pytest` to:\n\n- Look in the `tests` directory for tests\n- Add `src` (which should contain `sdtp/`) to `sys.path`\n\n---\n\n## ✅ Alternative: Set `PYTHONPATH` manually\n\nFrom the root of your project:\n\n```bash\nPYTHONPATH=src pytest\n```\n\nThis temporarily ensures `import sdtp` works correctly during test discovery and execution.\n\n---\n\n## ✅ Verify your layout\n\nGiven your setup, your layout should be:\n\n```\n/workspaces/sdtp/\n├── pyproject.toml\n├── src/\n│   └── sdtp/\n│       ├── __init__.py\n│       ├── sdtp_utils.py\n│       ├── ...\n├── tests/\n│   ├── test_sdtp_server.py\n│   └── conftest.py\n```\n\nThis means `sdtp` lives under `src`, not at the root. So your `pytest` setup must tell it to add `src/` to the `PYTHONPATH`, or the `import sdtp` lines will break during test runs.\n\n---\n\n## ✅ One-time install workaround (not preferred in dev)\n\nYou can do this once (though it's less clean for dev workflows):\n\n```bash\npip install -e .\n```\n\nThis will install `sdtp` into your environment and create links, allowing `pytest` to work without `PYTHONPATH`. But in practice, I recommend also configuring `pytest.ini` to ensure consistency across dev machines and CI.\n\n---\n\nLet me know if you'd like a `tox` or `nox` setup to test multiple Python versions too."
    ],
    "flattened": "Thanks for sharing your `pyproject.toml` — it looks solid, and since you've successfully published and used the package in production, you're clearly doing things right overall.\n\nThe issue you're hitting with `pytest` is common in projects that are installed with `pip install -e .` but run tests without correctly configuring the module import path during test discovery.\n\n---\n\n## ✅ Recommended Fix\n\nIn your **project root** (`/workspaces/sdtp`), run:\n\n```bash\npytest -c pytest.ini\n```\n\nand **create a `pytest.ini`** file with:\n\n```ini\n[pytest]\nminversion = 6.0\naddopts = -ra -q\ntestpaths = \n    tests\npythonpath = \n    src\n```\n\nThis tells `pytest` to:\n\n- Look in the `tests` directory for tests\n- Add `src` (which should contain `sdtp/`) to `sys.path`\n\n---\n\n## ✅ Alternative: Set `PYTHONPATH` manually\n\nFrom the root of your project:\n\n```bash\nPYTHONPATH=src pytest\n```\n\nThis temporarily ensures `import sdtp` works correctly during test discovery and execution.\n\n---\n\n## ✅ Verify your layout\n\nGiven your setup, your layout should be:\n\n```\n/workspaces/sdtp/\n├── pyproject.toml\n├── src/\n│   └── sdtp/\n│       ├── __init__.py\n│       ├── sdtp_utils.py\n│       ├── ...\n├── tests/\n│   ├── test_sdtp_server.py\n│   └── conftest.py\n```\n\nThis means `sdtp` lives under `src`, not at the root. So your `pytest` setup must tell it to add `src/` to the `PYTHONPATH`, or the `import sdtp` lines will break during test runs.\n\n---\n\n## ✅ One-time install workaround (not preferred in dev)\n\nYou can do this once (though it's less clean for dev workflows):\n\n```bash\npip install -e .\n```\n\nThis will install `sdtp` into your environment and create links, allowing `pytest` to work without `PYTHONPATH`. But in practice, I recommend also configuring `pytest.ini` to ensure consistency across dev machines and CI.\n\n---\n\nLet me know if you'd like a `tox` or `nox` setup to test multiple Python versions too.",
    "id": "0ee5a7bd-2a1f-4ab8-b19e-61955cddb80c",
    "create_time": 1748982187.170923,
    "timestamp": "2025-06-03T20:23:07.170923Z"
  },
  {
    "role": "User",
    "parts": [
      "Here's my current pytest.ini:\n[pytest]\r\npythonpath = src src/sdtp\n"
    ],
    "flattened": "Here's my current pytest.ini:\n[pytest]\r\npythonpath = src src/sdtp",
    "id": "a3648bd0-4fb1-4910-930f-4a0e0e447bfc",
    "create_time": 1748982271.239,
    "timestamp": "2025-06-03T20:24:31.239000Z"
  },
  {
    "role": "AI Partner",
    "parts": [
      "Thanks — your current `pytest.ini`:\n\n```ini\n[pytest]\npythonpath = src src/sdtp\n```\n\n…is close, but the `pythonpath` entry should **not include subdirectories like `src/sdtp`**. That can actually *confuse* Python imports and lead to issues like the one you're seeing.\n\n---\n\n### ✅ Correct `pytest.ini`\n\n```ini\n[pytest]\npythonpath = src\n```\n\nThat’s all you need — it ensures that `import sdtp` will resolve to `src/sdtp`, as it should.\n\n---\n\n### ✅ Why not `src/sdtp`?\n\nAdding `src/sdtp` makes `pytest` treat `sdtp` as a **top-level module**, so `from sdtp.sdtp_utils import ...` ends up looking for `sdtp/sdtp/sdtp_utils.py`, which of course doesn’t exist.\n\nThis explains why you're getting `ImportError: cannot import name 'sdtp_server_blueprint' from 'sdtp'`.\n\n---\n\n### ✅ Next Steps\n\n1. Update `pytest.ini` to just:\n\n   ```ini\n   [pytest]\n   pythonpath = src\n   ```\n\n2. Run `pytest` from your project root:\n\n   ```bash\n   pytest\n   ```\n\nThat should resolve your import errors and allow all test modules and fixtures to work as expected.\n\nLet me know if you want to validate this inside a container, VSCode dev container, or GitHub Actions — there are a few small tweaks needed for each."
    ],
    "flattened": "Thanks — your current `pytest.ini`:\n\n```ini\n[pytest]\npythonpath = src src/sdtp\n```\n\n…is close, but the `pythonpath` entry should **not include subdirectories like `src/sdtp`**. That can actually *confuse* Python imports and lead to issues like the one you're seeing.\n\n---\n\n### ✅ Correct `pytest.ini`\n\n```ini\n[pytest]\npythonpath = src\n```\n\nThat’s all you need — it ensures that `import sdtp` will resolve to `src/sdtp`, as it should.\n\n---\n\n### ✅ Why not `src/sdtp`?\n\nAdding `src/sdtp` makes `pytest` treat `sdtp` as a **top-level module**, so `from sdtp.sdtp_utils import ...` ends up looking for `sdtp/sdtp/sdtp_utils.py`, which of course doesn’t exist.\n\nThis explains why you're getting `ImportError: cannot import name 'sdtp_server_blueprint' from 'sdtp'`.\n\n---\n\n### ✅ Next Steps\n\n1. Update `pytest.ini` to just:\n\n   ```ini\n   [pytest]\n   pythonpath = src\n   ```\n\n2. Run `pytest` from your project root:\n\n   ```bash\n   pytest\n   ```\n\nThat should resolve your import errors and allow all test modules and fixtures to work as expected.\n\nLet me know if you want to validate this inside a container, VSCode dev container, or GitHub Actions — there are a few small tweaks needed for each.",
    "id": "fec3da09-00fc-4eee-8aa1-e1d196c92f32",
    "create_time": 1748982272.694867,
    "timestamp": "2025-06-03T20:24:32.694867Z"
  },
  {
    "role": "User",
    "parts": [
      "Same errors:\nImportError while importing test module '/workspaces/sdtp/tests/test_sdtp_filter.py'.\r\nHint: make sure your test modules/packages have valid Python names.\r\nTraceback:\r\n/usr/local/lib/python3.12/importlib/__init__.py:90: in import_module\r\n    return _bootstrap._gcd_import(name[level:], package, level)\r\ntests/test_sdtp_filter.py:42: in <module>\r\n    from sdtp import SDML_BOOLEAN, SDML_NUMBER, SDML_STRING, SDML_DATE, SDML_DATETIME, SDML_TIME_OF_DAY, InvalidDataException\r\nE   ImportError: cannot import name 'SDML_BOOLEAN' from 'sdtp' (/workspaces/sdtp/__init__.py)\r\n_______________________________________________ ERROR collecting tests/test_sdtp_server.py _______________________________________________\r\nImportError while importing test module '/workspaces/sdtp/tests/test_sdtp_server.py'.\r\nHint: make sure your test modules/packages have valid Python names.\r\nTraceback:\r\n/usr/local/lib/python3.12/importlib/__init__.py:90: in import_module\r\n    return _bootstrap._gcd_import(name[level:], package, level)\r\ntests/test_sdtp_server.py:44: in <module>\r\n    from sdtp import sdtp_server_blueprint, jsonifiable_column\r\nE   ImportError: cannot import name 'sdtp_server_blueprint' from 'sdtp' (/workspaces/sdtp/__init__.py)\r\n_______________________________________________ ERROR collecting tests/test_sdtp_table.py ________________________________________________\r\nImportError while importing test module '/workspaces/sdtp/tests/test_sdtp_table.py'.\r\nHint: make sure your test modules/packages have valid Python names.\r\nTraceback:\r\n/usr/local/lib/python3.12/importlib/__init__.py:90: in import_module\r\n    return _bootstrap._gcd_import(name[level:], package, level)\r\ntests/test_sdtp_table.py:43: in <module>\r\n    from sdtp import SDML_BOOLEAN, SDML_NUMBER, SDML_STRING, SDML_DATE, SDML_DATETIME, SDML_TIME_OF_DAY, InvalidDataException\r\nE   ImportError: cannot import name 'SDML_BOOLEAN' from 'sdtp' (/workspaces/sdtp/__init__.py)\r\n__________________________________________ ERROR collecting tests/test_sdtp_table_and_filter.py __________________________________________\r\nImportError while importing test module '/workspaces/sdtp/tests/test_sdtp_table_and_filter.py'.\r\nHint: make sure your test modules/packages have valid Python names.\r\nTraceback:\r\n/usr/local/lib/python3.12/importlib/__init__.py:90: in import_module\r\n    return _bootstrap._gcd_import(name[level:], package, level)\r\ntests/test_sdtp_table_and_filter.py:47: in <module>\r\n    from sdtp import SDML_BOOLEAN, SDML_NUMBER, SDML_STRING, SDML_DATE, SDML_DATETIME, SDML_TIME_OF_DAY, InvalidDataException\r\nE   ImportError: cannot import name 'SDML_BOOLEAN' from 'sdtp' (/workspaces/sdtp/__init__.py)\r\n_______________________________________________ ERROR collecting tests/test_sdtp_utils.py ________________________________________________\r\nImportError while importing test module '/workspaces/sdtp/tests/test_sdtp_utils.py'.\r\nHint: make sure your test modules/packages have valid Python names.\r\nTraceback:\r\n/usr/local/lib/python3.12/importlib/__init__.py:90: in import_module\r\n    return _bootstrap._gcd_import(name[level:], package, level)\r\ntests/test_sdtp_utils.py:37: in <module>\r\n    from sdtp import SDML_STRING, SDML_NUMBER, SDML_BOOLEAN, SDML_DATE, SDML_DATETIME, SDML_TIME_OF_DAY\r\nE   ImportError: cannot import name 'SDML_STRING' from 'sdtp' (/workspaces/sdtp/__init__.py)\r\n______________________________________________ ERROR collecting tests/test_table_server.py _______________________________________________\r\nImportError while importing test module '/workspaces/sdtp/tests/test_table_server.py'.\r\nHint: make sure your test modules/packages have valid Python names.\r\nTraceback:\r\n/usr/local/lib/python3.12/importlib/__init__.py:90: in import_module\r\n    return _bootstrap._gcd_import(name[level:], package, level)\r\ntests/test_table_server.py:40: in <module>\r\n    from sdtp import TableServer, TableNotFoundException, ColumnNotFoundException\r\nE   ImportError: cannot import name 'TableServer' from 'sdtp' (/workspaces/sdtp/__init__.py)"
    ],
    "flattened": "Same errors:\nImportError while importing test module '/workspaces/sdtp/tests/test_sdtp_filter.py'.\r\nHint: make sure your test modules/packages have valid Python names.\r\nTraceback:\r\n/usr/local/lib/python3.12/importlib/__init__.py:90: in import_module\r\n    return _bootstrap._gcd_import(name[level:], package, level)\r\ntests/test_sdtp_filter.py:42: in <module>\r\n    from sdtp import SDML_BOOLEAN, SDML_NUMBER, SDML_STRING, SDML_DATE, SDML_DATETIME, SDML_TIME_OF_DAY, InvalidDataException\r\nE   ImportError: cannot import name 'SDML_BOOLEAN' from 'sdtp' (/workspaces/sdtp/__init__.py)\r\n_______________________________________________ ERROR collecting tests/test_sdtp_server.py _______________________________________________\r\nImportError while importing test module '/workspaces/sdtp/tests/test_sdtp_server.py'.\r\nHint: make sure your test modules/packages have valid Python names.\r\nTraceback:\r\n/usr/local/lib/python3.12/importlib/__init__.py:90: in import_module\r\n    return _bootstrap._gcd_import(name[level:], package, level)\r\ntests/test_sdtp_server.py:44: in <module>\r\n    from sdtp import sdtp_server_blueprint, jsonifiable_column\r\nE   ImportError: cannot import name 'sdtp_server_blueprint' from 'sdtp' (/workspaces/sdtp/__init__.py)\r\n_______________________________________________ ERROR collecting tests/test_sdtp_table.py ________________________________________________\r\nImportError while importing test module '/workspaces/sdtp/tests/test_sdtp_table.py'.\r\nHint: make sure your test modules/packages have valid Python names.\r\nTraceback:\r\n/usr/local/lib/python3.12/importlib/__init__.py:90: in import_module\r\n    return _bootstrap._gcd_import(name[level:], package, level)\r\ntests/test_sdtp_table.py:43: in <module>\r\n    from sdtp import SDML_BOOLEAN, SDML_NUMBER, SDML_STRING, SDML_DATE, SDML_DATETIME, SDML_TIME_OF_DAY, InvalidDataException\r\nE   ImportError: cannot import name 'SDML_BOOLEAN' from 'sdtp' (/workspaces/sdtp/__init__.py)\r\n__________________________________________ ERROR collecting tests/test_sdtp_table_and_filter.py __________________________________________\r\nImportError while importing test module '/workspaces/sdtp/tests/test_sdtp_table_and_filter.py'.\r\nHint: make sure your test modules/packages have valid Python names.\r\nTraceback:\r\n/usr/local/lib/python3.12/importlib/__init__.py:90: in import_module\r\n    return _bootstrap._gcd_import(name[level:], package, level)\r\ntests/test_sdtp_table_and_filter.py:47: in <module>\r\n    from sdtp import SDML_BOOLEAN, SDML_NUMBER, SDML_STRING, SDML_DATE, SDML_DATETIME, SDML_TIME_OF_DAY, InvalidDataException\r\nE   ImportError: cannot import name 'SDML_BOOLEAN' from 'sdtp' (/workspaces/sdtp/__init__.py)\r\n_______________________________________________ ERROR collecting tests/test_sdtp_utils.py ________________________________________________\r\nImportError while importing test module '/workspaces/sdtp/tests/test_sdtp_utils.py'.\r\nHint: make sure your test modules/packages have valid Python names.\r\nTraceback:\r\n/usr/local/lib/python3.12/importlib/__init__.py:90: in import_module\r\n    return _bootstrap._gcd_import(name[level:], package, level)\r\ntests/test_sdtp_utils.py:37: in <module>\r\n    from sdtp import SDML_STRING, SDML_NUMBER, SDML_BOOLEAN, SDML_DATE, SDML_DATETIME, SDML_TIME_OF_DAY\r\nE   ImportError: cannot import name 'SDML_STRING' from 'sdtp' (/workspaces/sdtp/__init__.py)\r\n______________________________________________ ERROR collecting tests/test_table_server.py _______________________________________________\r\nImportError while importing test module '/workspaces/sdtp/tests/test_table_server.py'.\r\nHint: make sure your test modules/packages have valid Python names.\r\nTraceback:\r\n/usr/local/lib/python3.12/importlib/__init__.py:90: in import_module\r\n    return _bootstrap._gcd_import(name[level:], package, level)\r\ntests/test_table_server.py:40: in <module>\r\n    from sdtp import TableServer, TableNotFoundException, ColumnNotFoundException\r\nE   ImportError: cannot import name 'TableServer' from 'sdtp' (/workspaces/sdtp/__init__.py)",
    "id": "671f3e67-b7d8-47c4-b9eb-90132c4f8a84",
    "create_time": 1748982345.438,
    "timestamp": "2025-06-03T20:25:45.438000Z"
  },
  {
    "role": "AI Partner",
    "parts": [
      "Thanks for the detailed trace — it confirms the problem is **inside your `__init__.py`**. Specifically, Python is loading `sdtp/__init__.py` but **failing to resolve names like `SDML_BOOLEAN`** because of how you're importing submodules.\n\nYou're doing this in `src/sdtp/__init__.py`:\n\n```python\nfrom sdtp.sdtp_utils import SDML_BOOLEAN\n```\n\nBut during testing, `sdtp` refers to `src/sdtp`, so this becomes:\n\n```python\nfrom sdtp.sdtp_utils import ...\n# Which means: from src/sdtp/sdtp_utils.py\n```\n\nBut **Python is executing `src/sdtp/__init__.py`**, so it can't resolve `sdtp.sdtp_utils` as a submodule *of itself* until after it's fully initialized — hence the import errors.\n\n---\n\n### ✅ Fix: Use **relative imports** in `__init__.py`\n\nChange **all** of the top-level imports in `src/sdtp/__init__.py` to relative ones:\n\n```python\nfrom .sdtp_utils import InvalidDataException\nfrom .sdtp_utils import SDML_BOOLEAN, SDML_DATE, SDML_DATETIME, SDML_NUMBER, SDML_PYTHON_TYPES, SDML_SCHEMA_TYPES, SDML_STRING, SDML_TIME_OF_DAY\nfrom .sdtp_utils import (\n    type_check, check_sdml_type_of_list, jsonifiable_value, jsonifiable_row, jsonifiable_rows,\n    jsonifiable_column, convert_to_type, convert_list_to_type, convert_row_to_type_list,\n    convert_rows_to_type_list, convert_dict_to_type\n)\n\nfrom .sdtp_filter import SDQL_FILTER_OPERATORS, SDQL_FILTER_FIELDS, check_valid_spec, check_valid_spec_return_boolean, SDQLFilter\nfrom .sdtp_table import SDMLTable, SDMLFixedTable, SDMLDataFrameTable, RowTable, RemoteSDMLTable, SDMLTableFactory, RowTableFactory, RemoteSDMLTableFactory, FileTable, FileTableFactory, GCSTable, GCSTableFactory, HTTPTable, HTTPTableFactory\nfrom .table_server import TableServer, TableNotFoundException, ColumnNotFoundException\nfrom .sdtp_server import sdtp_server_blueprint, SDTPServer\n```\n\n---\n\n### Why this works\n\n- **Relative imports** (`from .sdtp_utils import ...`) are safe inside packages because they avoid confusion about where `sdtp` resolves.\n- Your test suite and installed package will **both** work the same way because they will resolve imports relative to the module doing the importing.\n\n---\n\n### Final Checklist\n\n1. `src/sdtp/__init__.py` → all imports relative (`from .sdtp_utils import ...`)\n2. `pytest.ini`:\n\n   ```ini\n   [pytest]\n   pythonpath = src\n   ```\n\n3. Run from the root directory:\n\n   ```bash\n   pytest\n   ```\n\n---\n\nLet me know if you'd like me to auto-rewrite your `__init__.py` with correct relative imports."
    ],
    "flattened": "Thanks for the detailed trace — it confirms the problem is **inside your `__init__.py`**. Specifically, Python is loading `sdtp/__init__.py` but **failing to resolve names like `SDML_BOOLEAN`** because of how you're importing submodules.\n\nYou're doing this in `src/sdtp/__init__.py`:\n\n```python\nfrom sdtp.sdtp_utils import SDML_BOOLEAN\n```\n\nBut during testing, `sdtp` refers to `src/sdtp`, so this becomes:\n\n```python\nfrom sdtp.sdtp_utils import ...\n# Which means: from src/sdtp/sdtp_utils.py\n```\n\nBut **Python is executing `src/sdtp/__init__.py`**, so it can't resolve `sdtp.sdtp_utils` as a submodule *of itself* until after it's fully initialized — hence the import errors.\n\n---\n\n### ✅ Fix: Use **relative imports** in `__init__.py`\n\nChange **all** of the top-level imports in `src/sdtp/__init__.py` to relative ones:\n\n```python\nfrom .sdtp_utils import InvalidDataException\nfrom .sdtp_utils import SDML_BOOLEAN, SDML_DATE, SDML_DATETIME, SDML_NUMBER, SDML_PYTHON_TYPES, SDML_SCHEMA_TYPES, SDML_STRING, SDML_TIME_OF_DAY\nfrom .sdtp_utils import (\n    type_check, check_sdml_type_of_list, jsonifiable_value, jsonifiable_row, jsonifiable_rows,\n    jsonifiable_column, convert_to_type, convert_list_to_type, convert_row_to_type_list,\n    convert_rows_to_type_list, convert_dict_to_type\n)\n\nfrom .sdtp_filter import SDQL_FILTER_OPERATORS, SDQL_FILTER_FIELDS, check_valid_spec, check_valid_spec_return_boolean, SDQLFilter\nfrom .sdtp_table import SDMLTable, SDMLFixedTable, SDMLDataFrameTable, RowTable, RemoteSDMLTable, SDMLTableFactory, RowTableFactory, RemoteSDMLTableFactory, FileTable, FileTableFactory, GCSTable, GCSTableFactory, HTTPTable, HTTPTableFactory\nfrom .table_server import TableServer, TableNotFoundException, ColumnNotFoundException\nfrom .sdtp_server import sdtp_server_blueprint, SDTPServer\n```\n\n---\n\n### Why this works\n\n- **Relative imports** (`from .sdtp_utils import ...`) are safe inside packages because they avoid confusion about where `sdtp` resolves.\n- Your test suite and installed package will **both** work the same way because they will resolve imports relative to the module doing the importing.\n\n---\n\n### Final Checklist\n\n1. `src/sdtp/__init__.py` → all imports relative (`from .sdtp_utils import ...`)\n2. `pytest.ini`:\n\n   ```ini\n   [pytest]\n   pythonpath = src\n   ```\n\n3. Run from the root directory:\n\n   ```bash\n   pytest\n   ```\n\n---\n\nLet me know if you'd like me to auto-rewrite your `__init__.py` with correct relative imports.",
    "id": "488fb893-d977-47bc-b267-233c02653de3",
    "create_time": 1748982346.772302,
    "timestamp": "2025-06-03T20:25:46.772302Z"
  },
  {
    "role": "User",
    "parts": [
      "Same error\n_______________________________________________ ERROR collecting tests/test_sdtp_filter.py _______________________________________________\r\nImportError while importing test module '/workspaces/sdtp/tests/test_sdtp_filter.py'.\r\nHint: make sure your test modules/packages have valid Python names.\r\nTraceback:\r\n/usr/local/lib/python3.12/importlib/__init__.py:90: in import_module\r\n    return _bootstrap._gcd_import(name[level:], package, level)\r\ntests/test_sdtp_filter.py:42: in <module>\r\n    from sdtp import SDML_BOOLEAN, SDML_NUMBER, SDML_STRING, SDML_DATE, SDML_DATETIME, SDML_TIME_OF_DAY, InvalidDataException\r\nE   ImportError: cannot import name 'SDML_BOOLEAN' from 'sdtp' (/workspaces/sdtp/__init__.py)\r\n_______________________________________________ ERROR collecting tests/test_sdtp_server.py _______________________________________________\r\nImportError while importing test module '/workspaces/sdtp/tests/test_sdtp_server.py'.\r\nHint: make sure your test modules/packages have valid Python names.\r\nTraceback:\r\n/usr/local/lib/python3.12/importlib/__init__.py:90: in import_module\r\n    return _bootstrap._gcd_import(name[level:], package, level)\r\ntests/test_sdtp_server.py:44: in <module>\r\n    from sdtp import sdtp_server_blueprint, jsonifiable_column\r\nE   ImportError: cannot import name 'sdtp_server_blueprint' from 'sdtp' (/workspaces/sdtp/__init__.py)\r\n_______________________________________________ ERROR collecting tests/test_sdtp_table.py ________________________________________________\r\nImportError while importing test module '/workspaces/sdtp/tests/test_sdtp_table.py'.\r\nHint: make sure your test modules/packages have valid Python names.\r\nTraceback:\r\n/usr/local/lib/python3.12/importlib/__init__.py:90: in import_module\r\n    return _bootstrap._gcd_import(name[level:], package, level)\r\ntests/test_sdtp_table.py:43: in <module>\r\n    from sdtp import SDML_BOOLEAN, SDML_NUMBER, SDML_STRING, SDML_DATE, SDML_DATETIME, SDML_TIME_OF_DAY, InvalidDataException\r\nE   ImportError: cannot import name 'SDML_BOOLEAN' from 'sdtp' (/workspaces/sdtp/__init__.py)\r\n__________________________________________ ERROR collecting tests/test_sdtp_table_and_filter.py __________________________________________\r\nImportError while importing test module '/workspaces/sdtp/tests/test_sdtp_table_and_filter.py'.\r\nHint: make sure your test modules/packages have valid Python names.\r\nTraceback:\r\n/usr/local/lib/python3.12/importlib/__init__.py:90: in import_module\r\n    return _bootstrap._gcd_import(name[level:], package, level)\r\ntests/test_sdtp_table_and_filter.py:47: in <module>\r\n    from sdtp import SDML_BOOLEAN, SDML_NUMBER, SDML_STRING, SDML_DATE, SDML_DATETIME, SDML_TIME_OF_DAY, InvalidDataException\r\nE   ImportError: cannot import name 'SDML_BOOLEAN' from 'sdtp' (/workspaces/sdtp/__init__.py)\r\n_______________________________________________ ERROR collecting tests/test_sdtp_utils.py ________________________________________________\r\nImportError while importing test module '/workspaces/sdtp/tests/test_sdtp_utils.py'.\r\nHint: make sure your test modules/packages have valid Python names.\r\nTraceback:\r\n/usr/local/lib/python3.12/importlib/__init__.py:90: in import_module\r\n    return _bootstrap._gcd_import(name[level:], package, level)\r\ntests/test_sdtp_utils.py:37: in <module>\r\n    from sdtp import SDML_STRING, SDML_NUMBER, SDML_BOOLEAN, SDML_DATE, SDML_DATETIME, SDML_TIME_OF_DAY\r\nE   ImportError: cannot import name 'SDML_STRING' from 'sdtp' (/workspaces/sdtp/__init__.py)\r\n______________________________________________ ERROR collecting tests/test_table_server.py _______________________________________________\r\nImportError while importing test module '/workspaces/sdtp/tests/test_table_server.py'.\r\nHint: make sure your test modules/packages have valid Python names.\r\nTraceback:\r\n/usr/local/lib/python3.12/importlib/__init__.py:90: in import_module\r\n    return _bootstrap._gcd_import(name[level:], package, level)\r\ntests/test_table_server.py:40: in <module>\r\n    from sdtp import TableServer, TableNotFoundException, ColumnNotFoundException\r\nE   ImportError: cannot import name 'TableServer' from 'sdtp' (/workspaces/sdtp/__init__.py)\r\n======================================================== short test summary info =========================================================\r\nERROR tests/test_sdtp_filter.py\r\nERROR tests/test_sdtp_server.py\r\nERROR tests/test_sdtp_table.py\r\nERROR tests/test_sdtp_table_and_filter.py\r\nERROR tests/test_sdtp_utils.py\r\nERROR tests/test_table_server.py\r\n!!!!!!!!!!!!!!!!!!!!!!!!!!!!!!!!!!!!!!!!!!!!!!!! Interrupted: 6 errors during collection !!!!!!!!!!!!!!!!!!!!!!!!!!!!!!!!!!!!!!!!!!!!!!!!!\r\n=========================================================== 6 errors in 4.43s ============================================================"
    ],
    "flattened": "Same error\n_______________________________________________ ERROR collecting tests/test_sdtp_filter.py _______________________________________________\r\nImportError while importing test module '/workspaces/sdtp/tests/test_sdtp_filter.py'.\r\nHint: make sure your test modules/packages have valid Python names.\r\nTraceback:\r\n/usr/local/lib/python3.12/importlib/__init__.py:90: in import_module\r\n    return _bootstrap._gcd_import(name[level:], package, level)\r\ntests/test_sdtp_filter.py:42: in <module>\r\n    from sdtp import SDML_BOOLEAN, SDML_NUMBER, SDML_STRING, SDML_DATE, SDML_DATETIME, SDML_TIME_OF_DAY, InvalidDataException\r\nE   ImportError: cannot import name 'SDML_BOOLEAN' from 'sdtp' (/workspaces/sdtp/__init__.py)\r\n_______________________________________________ ERROR collecting tests/test_sdtp_server.py _______________________________________________\r\nImportError while importing test module '/workspaces/sdtp/tests/test_sdtp_server.py'.\r\nHint: make sure your test modules/packages have valid Python names.\r\nTraceback:\r\n/usr/local/lib/python3.12/importlib/__init__.py:90: in import_module\r\n    return _bootstrap._gcd_import(name[level:], package, level)\r\ntests/test_sdtp_server.py:44: in <module>\r\n    from sdtp import sdtp_server_blueprint, jsonifiable_column\r\nE   ImportError: cannot import name 'sdtp_server_blueprint' from 'sdtp' (/workspaces/sdtp/__init__.py)\r\n_______________________________________________ ERROR collecting tests/test_sdtp_table.py ________________________________________________\r\nImportError while importing test module '/workspaces/sdtp/tests/test_sdtp_table.py'.\r\nHint: make sure your test modules/packages have valid Python names.\r\nTraceback:\r\n/usr/local/lib/python3.12/importlib/__init__.py:90: in import_module\r\n    return _bootstrap._gcd_import(name[level:], package, level)\r\ntests/test_sdtp_table.py:43: in <module>\r\n    from sdtp import SDML_BOOLEAN, SDML_NUMBER, SDML_STRING, SDML_DATE, SDML_DATETIME, SDML_TIME_OF_DAY, InvalidDataException\r\nE   ImportError: cannot import name 'SDML_BOOLEAN' from 'sdtp' (/workspaces/sdtp/__init__.py)\r\n__________________________________________ ERROR collecting tests/test_sdtp_table_and_filter.py __________________________________________\r\nImportError while importing test module '/workspaces/sdtp/tests/test_sdtp_table_and_filter.py'.\r\nHint: make sure your test modules/packages have valid Python names.\r\nTraceback:\r\n/usr/local/lib/python3.12/importlib/__init__.py:90: in import_module\r\n    return _bootstrap._gcd_import(name[level:], package, level)\r\ntests/test_sdtp_table_and_filter.py:47: in <module>\r\n    from sdtp import SDML_BOOLEAN, SDML_NUMBER, SDML_STRING, SDML_DATE, SDML_DATETIME, SDML_TIME_OF_DAY, InvalidDataException\r\nE   ImportError: cannot import name 'SDML_BOOLEAN' from 'sdtp' (/workspaces/sdtp/__init__.py)\r\n_______________________________________________ ERROR collecting tests/test_sdtp_utils.py ________________________________________________\r\nImportError while importing test module '/workspaces/sdtp/tests/test_sdtp_utils.py'.\r\nHint: make sure your test modules/packages have valid Python names.\r\nTraceback:\r\n/usr/local/lib/python3.12/importlib/__init__.py:90: in import_module\r\n    return _bootstrap._gcd_import(name[level:], package, level)\r\ntests/test_sdtp_utils.py:37: in <module>\r\n    from sdtp import SDML_STRING, SDML_NUMBER, SDML_BOOLEAN, SDML_DATE, SDML_DATETIME, SDML_TIME_OF_DAY\r\nE   ImportError: cannot import name 'SDML_STRING' from 'sdtp' (/workspaces/sdtp/__init__.py)\r\n______________________________________________ ERROR collecting tests/test_table_server.py _______________________________________________\r\nImportError while importing test module '/workspaces/sdtp/tests/test_table_server.py'.\r\nHint: make sure your test modules/packages have valid Python names.\r\nTraceback:\r\n/usr/local/lib/python3.12/importlib/__init__.py:90: in import_module\r\n    return _bootstrap._gcd_import(name[level:], package, level)\r\ntests/test_table_server.py:40: in <module>\r\n    from sdtp import TableServer, TableNotFoundException, ColumnNotFoundException\r\nE   ImportError: cannot import name 'TableServer' from 'sdtp' (/workspaces/sdtp/__init__.py)\r\n======================================================== short test summary info =========================================================\r\nERROR tests/test_sdtp_filter.py\r\nERROR tests/test_sdtp_server.py\r\nERROR tests/test_sdtp_table.py\r\nERROR tests/test_sdtp_table_and_filter.py\r\nERROR tests/test_sdtp_utils.py\r\nERROR tests/test_table_server.py\r\n!!!!!!!!!!!!!!!!!!!!!!!!!!!!!!!!!!!!!!!!!!!!!!!! Interrupted: 6 errors during collection !!!!!!!!!!!!!!!!!!!!!!!!!!!!!!!!!!!!!!!!!!!!!!!!!\r\n=========================================================== 6 errors in 4.43s ============================================================",
    "id": "00d929c8-7854-4e81-b363-d1d3a89b1d7f",
    "create_time": 1748982475.228,
    "timestamp": "2025-06-03T20:27:55.228000Z"
  },
  {
    "role": "AI Partner",
    "parts": [
      "Thanks — this confirms the real problem: your `sdtp` package's `__init__.py` file does **not** export the names your test files are importing (e.g., `SDML_BOOLEAN`, `TableServer`, `sdtp_server_blueprint`, etc.).\n\n---\n\n### 🔍 Problem Recap\n\nYour test files contain imports like:\n```python\nfrom sdtp import SDML_BOOLEAN, TableServer, sdtp_server_blueprint\n```\n\nBut your `sdtp/__init__.py` file does **not** define or re-export those symbols. So Python raises:\n\n> `ImportError: cannot import name 'XYZ' from 'sdtp'`\n\n---\n\n### ✅ Solution\n\nOpen your `sdtp/__init__.py` file and explicitly re-export the necessary items by importing them from their respective modules.\n\n#### For example, if your project structure looks like this:\n\n```\nsdtp/\n├── __init__.py\n├── constants.py         # defines SDML_BOOLEAN, SDML_STRING, etc.\n├── table.py             # defines TableServer\n├── server.py            # defines sdtp_server_blueprint\n```\n\nThen update `sdtp/__init__.py` to include:\n\n```python\nfrom .constants import (\n    SDML_BOOLEAN, SDML_NUMBER, SDML_STRING,\n    SDML_DATE, SDML_DATETIME, SDML_TIME_OF_DAY\n)\nfrom .exceptions import InvalidDataException, TableNotFoundException, ColumnNotFoundException\nfrom .table import TableServer\nfrom .server import sdtp_server_blueprint, jsonifiable_column\n\n__all__ = [\n    \"SDML_BOOLEAN\", \"SDML_NUMBER\", \"SDML_STRING\",\n    \"SDML_DATE\", \"SDML_DATETIME\", \"SDML_TIME_OF_DAY\",\n    \"InvalidDataException\", \"TableNotFoundException\", \"ColumnNotFoundException\",\n    \"TableServer\", \"sdtp_server_blueprint\", \"jsonifiable_column\"\n]\n```\n\nYou can of course adjust module names as needed (like `constants`, `table`, `server`, etc.) — this is just an example.\n\n---\n\n### 🔁 Next Steps\n\nAfter updating `sdtp/__init__.py`, try running your tests again:\n```bash\npytest\n```\n\nIf you’re unsure where a symbol is defined, just search the codebase:\n```bash\ngrep -r \"def TableServer\" sdtp/\n```\n\nLet me know if you'd like help automatically generating the `__init__.py` from your existing files."
    ],
    "flattened": "Thanks — this confirms the real problem: your `sdtp` package's `__init__.py` file does **not** export the names your test files are importing (e.g., `SDML_BOOLEAN`, `TableServer`, `sdtp_server_blueprint`, etc.).\n\n---\n\n### 🔍 Problem Recap\n\nYour test files contain imports like:\n```python\nfrom sdtp import SDML_BOOLEAN, TableServer, sdtp_server_blueprint\n```\n\nBut your `sdtp/__init__.py` file does **not** define or re-export those symbols. So Python raises:\n\n> `ImportError: cannot import name 'XYZ' from 'sdtp'`\n\n---\n\n### ✅ Solution\n\nOpen your `sdtp/__init__.py` file and explicitly re-export the necessary items by importing them from their respective modules.\n\n#### For example, if your project structure looks like this:\n\n```\nsdtp/\n├── __init__.py\n├── constants.py         # defines SDML_BOOLEAN, SDML_STRING, etc.\n├── table.py             # defines TableServer\n├── server.py            # defines sdtp_server_blueprint\n```\n\nThen update `sdtp/__init__.py` to include:\n\n```python\nfrom .constants import (\n    SDML_BOOLEAN, SDML_NUMBER, SDML_STRING,\n    SDML_DATE, SDML_DATETIME, SDML_TIME_OF_DAY\n)\nfrom .exceptions import InvalidDataException, TableNotFoundException, ColumnNotFoundException\nfrom .table import TableServer\nfrom .server import sdtp_server_blueprint, jsonifiable_column\n\n__all__ = [\n    \"SDML_BOOLEAN\", \"SDML_NUMBER\", \"SDML_STRING\",\n    \"SDML_DATE\", \"SDML_DATETIME\", \"SDML_TIME_OF_DAY\",\n    \"InvalidDataException\", \"TableNotFoundException\", \"ColumnNotFoundException\",\n    \"TableServer\", \"sdtp_server_blueprint\", \"jsonifiable_column\"\n]\n```\n\nYou can of course adjust module names as needed (like `constants`, `table`, `server`, etc.) — this is just an example.\n\n---\n\n### 🔁 Next Steps\n\nAfter updating `sdtp/__init__.py`, try running your tests again:\n```bash\npytest\n```\n\nIf you’re unsure where a symbol is defined, just search the codebase:\n```bash\ngrep -r \"def TableServer\" sdtp/\n```\n\nLet me know if you'd like help automatically generating the `__init__.py` from your existing files.",
    "id": "befc8736-9c7a-4c99-956a-4c660ab6c8fa",
    "create_time": 1748982476.56557,
    "timestamp": "2025-06-03T20:27:56.565570Z"
  },
  {
    "role": "User",
    "parts": [
      "Same error\nvscode ➜ /workspaces/sdtp (main) $ pytest -v\r\n========================================================== test session starts ===========================================================\r\nplatform linux -- Python 3.12.6, pytest-8.3.3, pluggy-1.5.0 -- /usr/local/py-utils/venvs/pytest/bin/python\r\ncachedir: .pytest_cache\r\nrootdir: /workspaces/sdtp\r\nconfigfile: pytest.ini\r\ncollected 0 items / 6 errors                                                                                                             \r\n\r\n================================================================= ERRORS =================================================================\r\n_______________________________________________ ERROR collecting tests/test_sdtp_filter.py _______________________________________________\r\nImportError while importing test module '/workspaces/sdtp/tests/test_sdtp_filter.py'.\r\nHint: make sure your test modules/packages have valid Python names.\r\nTraceback:\r\n/usr/local/lib/python3.12/importlib/__init__.py:90: in import_module\r\n    return _bootstrap._gcd_import(name[level:], package, level)\r\ntests/test_sdtp_filter.py:42: in <module>\r\n    from sdtp import SDML_BOOLEAN, SDML_NUMBER, SDML_STRING, SDML_DATE, SDML_DATETIME, SDML_TIME_OF_DAY, InvalidDataException\r\nE   ImportError: cannot import name 'SDML_BOOLEAN' from 'sdtp' (/workspaces/sdtp/__init__.py)\r\n_______________________________________________ ERROR collecting tests/test_sdtp_server.py _______________________________________________\r\nImportError while importing test module '/workspaces/sdtp/tests/test_sdtp_server.py'.\r\nHint: make sure your test modules/packages have valid Python names.\r\nTraceback:\r\n/usr/local/lib/python3.12/importlib/__init__.py:90: in import_module\r\n    return _bootstrap._gcd_import(name[level:], package, level)\r\ntests/test_sdtp_server.py:44: in <module>\r\n    from sdtp import sdtp_server_blueprint, jsonifiable_column\r\nE   ImportError: cannot import name 'sdtp_server_blueprint' from 'sdtp' (/workspaces/sdtp/__init__.py)\r\n_______________________________________________ ERROR collecting tests/test_sdtp_table.py ________________________________________________\r\nImportError while importing test module '/workspaces/sdtp/tests/test_sdtp_table.py'.\r\nHint: make sure your test modules/packages have valid Python names.\r\nTraceback:\r\n/usr/local/lib/python3.12/importlib/__init__.py:90: in import_module\r\n    return _bootstrap._gcd_import(name[level:], package, level)\r\ntests/test_sdtp_table.py:43: in <module>\r\n    from sdtp import SDML_BOOLEAN, SDML_NUMBER, SDML_STRING, SDML_DATE, SDML_DATETIME, SDML_TIME_OF_DAY, InvalidDataException\r\nE   ImportError: cannot import name 'SDML_BOOLEAN' from 'sdtp' (/workspaces/sdtp/__init__.py)\r\n__________________________________________ ERROR collecting tests/test_sdtp_table_and_filter.py __________________________________________\r\nImportError while importing test module '/workspaces/sdtp/tests/test_sdtp_table_and_filter.py'.\r\nHint: make sure your test modules/packages have valid Python names.\r\nTraceback:\r\n/usr/local/lib/python3.12/importlib/__init__.py:90: in import_module\r\n    return _bootstrap._gcd_import(name[level:], package, level)\r\ntests/test_sdtp_table_and_filter.py:47: in <module>\r\n    from sdtp import SDML_BOOLEAN, SDML_NUMBER, SDML_STRING, SDML_DATE, SDML_DATETIME, SDML_TIME_OF_DAY, InvalidDataException\r\nE   ImportError: cannot import name 'SDML_BOOLEAN' from 'sdtp' (/workspaces/sdtp/__init__.py)\r\n_______________________________________________ ERROR collecting tests/test_sdtp_utils.py ________________________________________________\r\nImportError while importing test module '/workspaces/sdtp/tests/test_sdtp_utils.py'.\r\nHint: make sure your test modules/packages have valid Python names.\r\nTraceback:\r\n/usr/local/lib/python3.12/importlib/__init__.py:90: in import_module\r\n    return _bootstrap._gcd_import(name[level:], package, level)\r\ntests/test_sdtp_utils.py:37: in <module>\r\n    from sdtp import SDML_STRING, SDML_NUMBER, SDML_BOOLEAN, SDML_DATE, SDML_DATETIME, SDML_TIME_OF_DAY\r\nE   ImportError: cannot import name 'SDML_STRING' from 'sdtp' (/workspaces/sdtp/__init__.py)\r\n______________________________________________ ERROR collecting tests/test_table_server.py _______________________________________________\r\nImportError while importing test module '/workspaces/sdtp/tests/test_table_server.py'.\r\nHint: make sure your test modules/packages have valid Python names.\r\nTraceback:\r\n/usr/local/lib/python3.12/importlib/__init__.py:90: in import_module\r\n    return _bootstrap._gcd_import(name[level:], package, level)\r\ntests/test_table_server.py:40: in <module>\r\n    from sdtp import TableServer, TableNotFoundException, ColumnNotFoundException\r\nE   ImportError: cannot import name 'TableServer' from 'sdtp' (/workspaces/sdtp/__init__.py)\r\n======================================================== short test summary info =========================================================\r\nERROR tests/test_sdtp_filter.py\r\nERROR tests/test_sdtp_server.py\r\nERROR tests/test_sdtp_table.py\r\nERROR tests/test_sdtp_table_and_filter.py\r\nERROR tests/test_sdtp_utils.py\r\nERROR tests/test_table_server.py\r\n!!!!!!!!!!!!!!!!!!!!!!!!!!!!!!!!!!!!!!!!!!!!!!!! Interrupted: 6 errors during collection !!!!!!!!!!!!!!!!!!!!!!!!!!!!!!!!!!!!!!!!!!!!!!!!!\r\n=========================================================== 6 errors in 2.36s ============================================================\r\nvscode ➜ /workspaces/sdtp (main) $\nHere's __init__.py:\nfrom .sdtp_utils import InvalidDataException\r\nfrom .sdtp_utils import SDML_BOOLEAN, SDML_DATE, SDML_DATETIME, SDML_NUMBER, SDML_PYTHON_TYPES, SDML_SCHEMA_TYPES, SDML_STRING, SDML_TIME_OF_DAY\r\nfrom .sdtp_utils import type_check, check_sdml_type_of_list, jsonifiable_value,  jsonifiable_row, jsonifiable_rows, jsonifiable_column, convert_to_type, convert_list_to_type, convert_row_to_type_list, convert_rows_to_type_list, convert_dict_to_type\r\nfrom .sdtp_filter import SDQL_FILTER_OPERATORS, SDQL_FILTER_FIELDS, check_valid_spec, check_valid_spec_return_boolean, SDQLFilter\r\nfrom .sdtp_table import SDMLTable, SDMLFixedTable, SDMLDataFrameTable, RowTable, RemoteSDMLTable, SDMLTableFactory, RowTableFactory, RemoteSDMLTableFactory, FileTable, FileTableFactory, GCSTable, GCSTableFactory, HTTPTable, HTTPTableFactory\r\nfrom .table_server import  TableServer, TableNotFoundException, ColumnNotFoundException\r\nfrom .sdtp_server import sdtp_server_blueprint, SDTPServer\r\n\r\n__all__ = [\r\n  'InvalidDataException',\r\n  'SDML_BOOLEAN', 'SDML_DATE', 'SDML_DATETIME', 'SDML_NUMBER', 'SDML_PYTHON_TYPES', 'SDML_SCHEMA_TYPES', 'SDML_STRING', 'SDML_TIME_OF_DAY',\r\n  'type_check', 'check_sdml_type_of_list', 'jsonifiable_value', ' jsonifiable_row', 'jsonifiable_rows', 'jsonifiable_column', 'convert_to_type', 'convert_list_to_type', 'convert_row_to_type_list', 'convert_rows_to_type_list', 'convert_dict_to_type',\r\n  'SDQL_FILTER_OPERATORS', 'SDQL_FILTER_FIELDS', 'check_valid_spec', 'check_valid_spec_return_boolean', 'SDQLFilter',\r\n  'SDMLTable', 'SDMLFixedTable', 'SDMLDataFrameTable', 'RowTable', 'RemoteSDMLTable', 'SDMLTableFactory', 'RowTableFactory', 'RemoteSDMLTableFactory', 'FileTable', 'FileTableFactory', 'GCSTable', 'GCSTableFactory', 'HTTPTable', 'HTTPTableFactory',\r\n  'TableServer', 'TableNotFoundException', 'ColumnNotFoundException',\r\n  'sdtp_server_blueprint', 'SDTPServer'\r\n]"
    ],
    "flattened": "Same error\nvscode ➜ /workspaces/sdtp (main) $ pytest -v\r\n========================================================== test session starts ===========================================================\r\nplatform linux -- Python 3.12.6, pytest-8.3.3, pluggy-1.5.0 -- /usr/local/py-utils/venvs/pytest/bin/python\r\ncachedir: .pytest_cache\r\nrootdir: /workspaces/sdtp\r\nconfigfile: pytest.ini\r\ncollected 0 items / 6 errors                                                                                                             \r\n\r\n================================================================= ERRORS =================================================================\r\n_______________________________________________ ERROR collecting tests/test_sdtp_filter.py _______________________________________________\r\nImportError while importing test module '/workspaces/sdtp/tests/test_sdtp_filter.py'.\r\nHint: make sure your test modules/packages have valid Python names.\r\nTraceback:\r\n/usr/local/lib/python3.12/importlib/__init__.py:90: in import_module\r\n    return _bootstrap._gcd_import(name[level:], package, level)\r\ntests/test_sdtp_filter.py:42: in <module>\r\n    from sdtp import SDML_BOOLEAN, SDML_NUMBER, SDML_STRING, SDML_DATE, SDML_DATETIME, SDML_TIME_OF_DAY, InvalidDataException\r\nE   ImportError: cannot import name 'SDML_BOOLEAN' from 'sdtp' (/workspaces/sdtp/__init__.py)\r\n_______________________________________________ ERROR collecting tests/test_sdtp_server.py _______________________________________________\r\nImportError while importing test module '/workspaces/sdtp/tests/test_sdtp_server.py'.\r\nHint: make sure your test modules/packages have valid Python names.\r\nTraceback:\r\n/usr/local/lib/python3.12/importlib/__init__.py:90: in import_module\r\n    return _bootstrap._gcd_import(name[level:], package, level)\r\ntests/test_sdtp_server.py:44: in <module>\r\n    from sdtp import sdtp_server_blueprint, jsonifiable_column\r\nE   ImportError: cannot import name 'sdtp_server_blueprint' from 'sdtp' (/workspaces/sdtp/__init__.py)\r\n_______________________________________________ ERROR collecting tests/test_sdtp_table.py ________________________________________________\r\nImportError while importing test module '/workspaces/sdtp/tests/test_sdtp_table.py'.\r\nHint: make sure your test modules/packages have valid Python names.\r\nTraceback:\r\n/usr/local/lib/python3.12/importlib/__init__.py:90: in import_module\r\n    return _bootstrap._gcd_import(name[level:], package, level)\r\ntests/test_sdtp_table.py:43: in <module>\r\n    from sdtp import SDML_BOOLEAN, SDML_NUMBER, SDML_STRING, SDML_DATE, SDML_DATETIME, SDML_TIME_OF_DAY, InvalidDataException\r\nE   ImportError: cannot import name 'SDML_BOOLEAN' from 'sdtp' (/workspaces/sdtp/__init__.py)\r\n__________________________________________ ERROR collecting tests/test_sdtp_table_and_filter.py __________________________________________\r\nImportError while importing test module '/workspaces/sdtp/tests/test_sdtp_table_and_filter.py'.\r\nHint: make sure your test modules/packages have valid Python names.\r\nTraceback:\r\n/usr/local/lib/python3.12/importlib/__init__.py:90: in import_module\r\n    return _bootstrap._gcd_import(name[level:], package, level)\r\ntests/test_sdtp_table_and_filter.py:47: in <module>\r\n    from sdtp import SDML_BOOLEAN, SDML_NUMBER, SDML_STRING, SDML_DATE, SDML_DATETIME, SDML_TIME_OF_DAY, InvalidDataException\r\nE   ImportError: cannot import name 'SDML_BOOLEAN' from 'sdtp' (/workspaces/sdtp/__init__.py)\r\n_______________________________________________ ERROR collecting tests/test_sdtp_utils.py ________________________________________________\r\nImportError while importing test module '/workspaces/sdtp/tests/test_sdtp_utils.py'.\r\nHint: make sure your test modules/packages have valid Python names.\r\nTraceback:\r\n/usr/local/lib/python3.12/importlib/__init__.py:90: in import_module\r\n    return _bootstrap._gcd_import(name[level:], package, level)\r\ntests/test_sdtp_utils.py:37: in <module>\r\n    from sdtp import SDML_STRING, SDML_NUMBER, SDML_BOOLEAN, SDML_DATE, SDML_DATETIME, SDML_TIME_OF_DAY\r\nE   ImportError: cannot import name 'SDML_STRING' from 'sdtp' (/workspaces/sdtp/__init__.py)\r\n______________________________________________ ERROR collecting tests/test_table_server.py _______________________________________________\r\nImportError while importing test module '/workspaces/sdtp/tests/test_table_server.py'.\r\nHint: make sure your test modules/packages have valid Python names.\r\nTraceback:\r\n/usr/local/lib/python3.12/importlib/__init__.py:90: in import_module\r\n    return _bootstrap._gcd_import(name[level:], package, level)\r\ntests/test_table_server.py:40: in <module>\r\n    from sdtp import TableServer, TableNotFoundException, ColumnNotFoundException\r\nE   ImportError: cannot import name 'TableServer' from 'sdtp' (/workspaces/sdtp/__init__.py)\r\n======================================================== short test summary info =========================================================\r\nERROR tests/test_sdtp_filter.py\r\nERROR tests/test_sdtp_server.py\r\nERROR tests/test_sdtp_table.py\r\nERROR tests/test_sdtp_table_and_filter.py\r\nERROR tests/test_sdtp_utils.py\r\nERROR tests/test_table_server.py\r\n!!!!!!!!!!!!!!!!!!!!!!!!!!!!!!!!!!!!!!!!!!!!!!!! Interrupted: 6 errors during collection !!!!!!!!!!!!!!!!!!!!!!!!!!!!!!!!!!!!!!!!!!!!!!!!!\r\n=========================================================== 6 errors in 2.36s ============================================================\r\nvscode ➜ /workspaces/sdtp (main) $\nHere's __init__.py:\nfrom .sdtp_utils import InvalidDataException\r\nfrom .sdtp_utils import SDML_BOOLEAN, SDML_DATE, SDML_DATETIME, SDML_NUMBER, SDML_PYTHON_TYPES, SDML_SCHEMA_TYPES, SDML_STRING, SDML_TIME_OF_DAY\r\nfrom .sdtp_utils import type_check, check_sdml_type_of_list, jsonifiable_value,  jsonifiable_row, jsonifiable_rows, jsonifiable_column, convert_to_type, convert_list_to_type, convert_row_to_type_list, convert_rows_to_type_list, convert_dict_to_type\r\nfrom .sdtp_filter import SDQL_FILTER_OPERATORS, SDQL_FILTER_FIELDS, check_valid_spec, check_valid_spec_return_boolean, SDQLFilter\r\nfrom .sdtp_table import SDMLTable, SDMLFixedTable, SDMLDataFrameTable, RowTable, RemoteSDMLTable, SDMLTableFactory, RowTableFactory, RemoteSDMLTableFactory, FileTable, FileTableFactory, GCSTable, GCSTableFactory, HTTPTable, HTTPTableFactory\r\nfrom .table_server import  TableServer, TableNotFoundException, ColumnNotFoundException\r\nfrom .sdtp_server import sdtp_server_blueprint, SDTPServer\r\n\r\n__all__ = [\r\n  'InvalidDataException',\r\n  'SDML_BOOLEAN', 'SDML_DATE', 'SDML_DATETIME', 'SDML_NUMBER', 'SDML_PYTHON_TYPES', 'SDML_SCHEMA_TYPES', 'SDML_STRING', 'SDML_TIME_OF_DAY',\r\n  'type_check', 'check_sdml_type_of_list', 'jsonifiable_value', ' jsonifiable_row', 'jsonifiable_rows', 'jsonifiable_column', 'convert_to_type', 'convert_list_to_type', 'convert_row_to_type_list', 'convert_rows_to_type_list', 'convert_dict_to_type',\r\n  'SDQL_FILTER_OPERATORS', 'SDQL_FILTER_FIELDS', 'check_valid_spec', 'check_valid_spec_return_boolean', 'SDQLFilter',\r\n  'SDMLTable', 'SDMLFixedTable', 'SDMLDataFrameTable', 'RowTable', 'RemoteSDMLTable', 'SDMLTableFactory', 'RowTableFactory', 'RemoteSDMLTableFactory', 'FileTable', 'FileTableFactory', 'GCSTable', 'GCSTableFactory', 'HTTPTable', 'HTTPTableFactory',\r\n  'TableServer', 'TableNotFoundException', 'ColumnNotFoundException',\r\n  'sdtp_server_blueprint', 'SDTPServer'\r\n]",
    "id": "920c71c4-65b2-4d00-b25f-c2529df011d5",
    "create_time": 1748982958.138,
    "timestamp": "2025-06-03T20:35:58.138000Z"
  },
  {
    "role": "AI Partner",
    "parts": [
      "The `ImportError` you're seeing indicates that although you're attempting to expose names like `SDML_BOOLEAN`, `TableServer`, and `sdtp_server_blueprint` from the `sdtp` package via your `__init__.py`, Python can't find them in the actual modules.\n\n### Let's debug step-by-step.\n\n---\n\n## ✅ Step 1: Check `sdtp` Directory Structure\n\nYou should have a directory layout something like this:\n\n```\n/workspaces/sdtp/\n├── sdtp/\n│   ├── __init__.py\n│   ├── sdtp_utils.py\n│   ├── sdtp_filter.py\n│   ├── sdtp_table.py\n│   ├── sdtp_server.py\n│   ├── table_server.py\n├── tests/\n│   ├── test_sdtp_filter.py\n│   ├── ...\n├── pytest.ini\n```\n\n> ✅ Ensure `sdtp` is a proper Python package (i.e., has an `__init__.py`) and is not shadowed by any file named `sdtp.py` at the root level or elsewhere.\n\n---\n\n## ✅ Step 2: Make sure `sdtp` is importable\n\n### Check `sys.path` in the test environment\n\nMake sure that when running `pytest`, Python is including `/workspaces/sdtp` in the module search path so that `sdtp` refers to `/workspaces/sdtp/sdtp/`.\n\nTo test that, run:\n\n```bash\npython -c \"import sys; print(sys.path)\"\n```\n\nYou should see `/workspaces/sdtp` in that list.\n\nIf not, add this to `pytest.ini`:\n\n```ini\n[pytest]\npythonpath = .\n```\n\nOr run `pytest` with:\n\n```bash\nPYTHONPATH=. pytest -v\n```\n\n---\n\n## ✅ Step 3: Check for typos or whitespace issues\n\nYou have a bug in your `__init__.py`:\n\n```python\nfrom .sdtp_utils import type_check, check_sdml_type_of_list, jsonifiable_value,  jsonifiable_row, jsonifiable_rows, jsonifiable_column, ...\n#                                extra space here ---^\n```\n\nThat space before `jsonifiable_row` makes `' jsonifiable_row'` (with a leading space) appear in `__all__`, which breaks `from sdtp import jsonifiable_row`.\n\nFix that line:\n\n```python\nfrom .sdtp_utils import type_check, check_sdml_type_of_list, jsonifiable_value, jsonifiable_row, jsonifiable_rows, ...\n```\n\nAnd update `__all__` to remove leading spaces:\n\n```python\n__all__ = [\n  'InvalidDataException',\n  ...\n  'type_check', 'check_sdml_type_of_list', 'jsonifiable_value', 'jsonifiable_row', 'jsonifiable_rows', ...\n```\n\n---\n\n## ✅ Step 4: Check for missing or misspelled names\n\nMake sure that:\n\n- `sdtp_utils.py` **defines** `SDML_BOOLEAN`, `SDML_STRING`, etc.\n- `table_server.py` **defines** `TableServer`, `TableNotFoundException`, etc.\n- `sdtp_server.py` **defines** `sdtp_server_blueprint`, `SDTPServer`\n\nLook at each file and confirm, for example:\n\n```python\n# sdtp_utils.py\nSDML_BOOLEAN = \"boolean\"\n...\n```\n\nIf they’re only conditionally defined or behind `if TYPE_CHECKING`, Python won’t find them.\n\n---\n\n## ✅ Step 5: Clear `.pyc` files\n\nJust in case, wipe the `__pycache__` directories:\n\n```bash\nfind . -name '__pycache__' -exec rm -r {} +\n```\n\n---\n\n## ✅ Step 6: Final Test\n\nOnce you've done all that, run:\n\n```bash\nPYTHONPATH=. pytest -v\n```\n\nOr confirm with:\n\n```bash\npython -c \"from sdtp import SDML_BOOLEAN; print(SDML_BOOLEAN)\"\n```\n\nIf that works, your test imports will work too.\n\n---\n\nWould you like to go through a specific file (e.g., `sdtp_utils.py`) to confirm the symbols are defined there?"
    ],
    "flattened": "The `ImportError` you're seeing indicates that although you're attempting to expose names like `SDML_BOOLEAN`, `TableServer`, and `sdtp_server_blueprint` from the `sdtp` package via your `__init__.py`, Python can't find them in the actual modules.\n\n### Let's debug step-by-step.\n\n---\n\n## ✅ Step 1: Check `sdtp` Directory Structure\n\nYou should have a directory layout something like this:\n\n```\n/workspaces/sdtp/\n├── sdtp/\n│   ├── __init__.py\n│   ├── sdtp_utils.py\n│   ├── sdtp_filter.py\n│   ├── sdtp_table.py\n│   ├── sdtp_server.py\n│   ├── table_server.py\n├── tests/\n│   ├── test_sdtp_filter.py\n│   ├── ...\n├── pytest.ini\n```\n\n> ✅ Ensure `sdtp` is a proper Python package (i.e., has an `__init__.py`) and is not shadowed by any file named `sdtp.py` at the root level or elsewhere.\n\n---\n\n## ✅ Step 2: Make sure `sdtp` is importable\n\n### Check `sys.path` in the test environment\n\nMake sure that when running `pytest`, Python is including `/workspaces/sdtp` in the module search path so that `sdtp` refers to `/workspaces/sdtp/sdtp/`.\n\nTo test that, run:\n\n```bash\npython -c \"import sys; print(sys.path)\"\n```\n\nYou should see `/workspaces/sdtp` in that list.\n\nIf not, add this to `pytest.ini`:\n\n```ini\n[pytest]\npythonpath = .\n```\n\nOr run `pytest` with:\n\n```bash\nPYTHONPATH=. pytest -v\n```\n\n---\n\n## ✅ Step 3: Check for typos or whitespace issues\n\nYou have a bug in your `__init__.py`:\n\n```python\nfrom .sdtp_utils import type_check, check_sdml_type_of_list, jsonifiable_value,  jsonifiable_row, jsonifiable_rows, jsonifiable_column, ...\n#                                extra space here ---^\n```\n\nThat space before `jsonifiable_row` makes `' jsonifiable_row'` (with a leading space) appear in `__all__`, which breaks `from sdtp import jsonifiable_row`.\n\nFix that line:\n\n```python\nfrom .sdtp_utils import type_check, check_sdml_type_of_list, jsonifiable_value, jsonifiable_row, jsonifiable_rows, ...\n```\n\nAnd update `__all__` to remove leading spaces:\n\n```python\n__all__ = [\n  'InvalidDataException',\n  ...\n  'type_check', 'check_sdml_type_of_list', 'jsonifiable_value', 'jsonifiable_row', 'jsonifiable_rows', ...\n```\n\n---\n\n## ✅ Step 4: Check for missing or misspelled names\n\nMake sure that:\n\n- `sdtp_utils.py` **defines** `SDML_BOOLEAN`, `SDML_STRING`, etc.\n- `table_server.py` **defines** `TableServer`, `TableNotFoundException`, etc.\n- `sdtp_server.py` **defines** `sdtp_server_blueprint`, `SDTPServer`\n\nLook at each file and confirm, for example:\n\n```python\n# sdtp_utils.py\nSDML_BOOLEAN = \"boolean\"\n...\n```\n\nIf they’re only conditionally defined or behind `if TYPE_CHECKING`, Python won’t find them.\n\n---\n\n## ✅ Step 5: Clear `.pyc` files\n\nJust in case, wipe the `__pycache__` directories:\n\n```bash\nfind . -name '__pycache__' -exec rm -r {} +\n```\n\n---\n\n## ✅ Step 6: Final Test\n\nOnce you've done all that, run:\n\n```bash\nPYTHONPATH=. pytest -v\n```\n\nOr confirm with:\n\n```bash\npython -c \"from sdtp import SDML_BOOLEAN; print(SDML_BOOLEAN)\"\n```\n\nIf that works, your test imports will work too.\n\n---\n\nWould you like to go through a specific file (e.g., `sdtp_utils.py`) to confirm the symbols are defined there?",
    "id": "c2376cf2-46e8-48e4-b59a-62f99bfb4e76",
    "create_time": 1748982959.45673,
    "timestamp": "2025-06-03T20:35:59.456730Z"
  },
  {
    "role": "User",
    "parts": [
      "vscode ➜ /workspaces/sdtp (main) $ python -c \"import sys; print(sys.path)\"\r\n['', '/usr/local/lib/python312.zip', '/usr/local/lib/python3.12', '/usr/local/lib/python3.12/lib-dynload', '/home/vscode/.local/lib/python3.12/site-packages', '/usr/local/lib/python3.12/site-packages']\r\nvscode ➜ /workspaces/sdtp (main) $ echo $PYTHONPATH\r\n\r\nvscode ➜ /workspaces/sdtp (main) $ env | grep PY\r\nPYTHON_VERSION=3.12.6\r\nPYTHON_PATH=/usr/local/python/current\r\nvscode ➜ /workspaces/sdtp (main) $ python -c \"from sdtp import SDML_BOOLEAN; print(SDML_BOOLEAN)\"\r\nboolean\r\nvscode ➜ /workspaces/sdtp (main) $ "
    ],
    "flattened": "vscode ➜ /workspaces/sdtp (main) $ python -c \"import sys; print(sys.path)\"\r\n['', '/usr/local/lib/python312.zip', '/usr/local/lib/python3.12', '/usr/local/lib/python3.12/lib-dynload', '/home/vscode/.local/lib/python3.12/site-packages', '/usr/local/lib/python3.12/site-packages']\r\nvscode ➜ /workspaces/sdtp (main) $ echo $PYTHONPATH\r\n\r\nvscode ➜ /workspaces/sdtp (main) $ env | grep PY\r\nPYTHON_VERSION=3.12.6\r\nPYTHON_PATH=/usr/local/python/current\r\nvscode ➜ /workspaces/sdtp (main) $ python -c \"from sdtp import SDML_BOOLEAN; print(SDML_BOOLEAN)\"\r\nboolean\r\nvscode ➜ /workspaces/sdtp (main) $",
    "id": "80bf95f7-384e-4d83-80ab-c3455bb44d18",
    "create_time": 1748983109.472,
    "timestamp": "2025-06-03T20:38:29.472000Z"
  },
  {
    "role": "AI Partner",
    "parts": [
      "Great, that last command shows that your import from `sdtp` works fine **from the shell** — `SDML_BOOLEAN` was successfully imported and printed as `boolean`.\n\nHowever, `pytest` is failing to import the same symbols. This strongly suggests that **pytest is not running with the correct `sys.path` or working directory** when it runs the tests.\n\n## ✅ Fix: Force pytest to run from the project root\n\nRun this instead:\n\n```bash\npytest -v tests/\n```\n\nOr explicitly set the working directory like this:\n\n```bash\npytest -v --rootdir=.\n```\n\nAlternatively, if you want to run pytest from a subdirectory, make sure the top-level `sdtp/` directory is on the Python path:\n\n```bash\nPYTHONPATH=. pytest -v\n```\n\n---\n\n## ✅ Verify your layout\n\nYou mentioned your directory structure looks like:\n\n```\n/workspaces/sdtp/\n├── sdtp/\n│   ├── __init__.py\n│   ├── sdtp_utils.py\n│   ├── sdtp_filter.py\n│   └── ...\n└── tests/\n    ├── test_sdtp_filter.py\n    ├── ...\n```\n\nThis is correct — but **pytest must run from `/workspaces/sdtp`** or with that directory on the `PYTHONPATH` for the imports like `from sdtp import ...` to work.\n\n---\n\n## 🔎 Optional check: How is `pytest` being launched?\n\nIf you’re using the VSCode Test Explorer or a test plugin, it might be launching `pytest` from the wrong working directory. That can be fixed by adding a `pytest.ini` like this:\n\n```ini\n# pytest.ini\n[pytest]\ntestpaths = tests\npythonpath = .\n```\n\nThis will ensure your local `sdtp/` package is found.\n\n---\n\nLet me know if this works — if it still fails, I’ll help you trace the exact `sys.path` pytest is using."
    ],
    "flattened": "Great, that last command shows that your import from `sdtp` works fine **from the shell** — `SDML_BOOLEAN` was successfully imported and printed as `boolean`.\n\nHowever, `pytest` is failing to import the same symbols. This strongly suggests that **pytest is not running with the correct `sys.path` or working directory** when it runs the tests.\n\n## ✅ Fix: Force pytest to run from the project root\n\nRun this instead:\n\n```bash\npytest -v tests/\n```\n\nOr explicitly set the working directory like this:\n\n```bash\npytest -v --rootdir=.\n```\n\nAlternatively, if you want to run pytest from a subdirectory, make sure the top-level `sdtp/` directory is on the Python path:\n\n```bash\nPYTHONPATH=. pytest -v\n```\n\n---\n\n## ✅ Verify your layout\n\nYou mentioned your directory structure looks like:\n\n```\n/workspaces/sdtp/\n├── sdtp/\n│   ├── __init__.py\n│   ├── sdtp_utils.py\n│   ├── sdtp_filter.py\n│   └── ...\n└── tests/\n    ├── test_sdtp_filter.py\n    ├── ...\n```\n\nThis is correct — but **pytest must run from `/workspaces/sdtp`** or with that directory on the `PYTHONPATH` for the imports like `from sdtp import ...` to work.\n\n---\n\n## 🔎 Optional check: How is `pytest` being launched?\n\nIf you’re using the VSCode Test Explorer or a test plugin, it might be launching `pytest` from the wrong working directory. That can be fixed by adding a `pytest.ini` like this:\n\n```ini\n# pytest.ini\n[pytest]\ntestpaths = tests\npythonpath = .\n```\n\nThis will ensure your local `sdtp/` package is found.\n\n---\n\nLet me know if this works — if it still fails, I’ll help you trace the exact `sys.path` pytest is using.",
    "id": "94e8e7f7-ce76-44f6-8d0f-f5d6a86e7421",
    "create_time": 1748983110.944043,
    "timestamp": "2025-06-03T20:38:30.944043Z"
  },
  {
    "role": "User",
    "parts": [
      "[pytest]\r\npythonpath = src "
    ],
    "flattened": "[pytest]\r\npythonpath = src",
    "id": "c9a1ff2f-4ad6-4a8d-9bde-845da07c15ec",
    "create_time": 1748983190.534,
    "timestamp": "2025-06-03T20:39:50.534000Z"
  },
  {
    "role": "AI Partner",
    "parts": [
      "Thanks — that line:\n\n```ini\n[pytest]\npythonpath = src\n```\n\nmeans pytest is looking for your package **inside a `src/` directory**, which you do **not** have. Your actual structure is:\n\n```\n/workspaces/sdtp/\n├── sdtp/\n├── tests/\n├── pytest.ini  # contains: pythonpath = src\n```\n\nSo pytest is **not seeing your `sdtp/` package**, which causes the import errors.\n\n---\n\n## ✅ Fix the `pytest.ini`\n\nSince your package lives directly in the project root (not under `src/`), you should update `pytest.ini` to:\n\n```ini\n[pytest]\npythonpath = .\n```\n\nOr just remove the `pythonpath` line altogether, and rely on running `pytest` from the root directory like:\n\n```bash\npytest -v\n```\n\nIf you want to be explicit:\n\n```bash\nPYTHONPATH=. pytest -v\n```\n\n---\n\nOnce fixed, your tests should collect and run without import errors.\n\nLet me know if you want help moving to a `src/` layout — but for now, this should get things working."
    ],
    "flattened": "Thanks — that line:\n\n```ini\n[pytest]\npythonpath = src\n```\n\nmeans pytest is looking for your package **inside a `src/` directory**, which you do **not** have. Your actual structure is:\n\n```\n/workspaces/sdtp/\n├── sdtp/\n├── tests/\n├── pytest.ini  # contains: pythonpath = src\n```\n\nSo pytest is **not seeing your `sdtp/` package**, which causes the import errors.\n\n---\n\n## ✅ Fix the `pytest.ini`\n\nSince your package lives directly in the project root (not under `src/`), you should update `pytest.ini` to:\n\n```ini\n[pytest]\npythonpath = .\n```\n\nOr just remove the `pythonpath` line altogether, and rely on running `pytest` from the root directory like:\n\n```bash\npytest -v\n```\n\nIf you want to be explicit:\n\n```bash\nPYTHONPATH=. pytest -v\n```\n\n---\n\nOnce fixed, your tests should collect and run without import errors.\n\nLet me know if you want help moving to a `src/` layout — but for now, this should get things working.",
    "id": "80877332-5e85-4a95-b77c-547801254280",
    "create_time": 1748983192.012116,
    "timestamp": "2025-06-03T20:39:52.012116Z"
  },
  {
    "role": "User",
    "parts": [
      "My directory structure is:\nsrc > sdtp > modules\ntests > tests\n"
    ],
    "flattened": "My directory structure is:\nsrc > sdtp > modules\ntests > tests",
    "id": "17697827-7e26-4e36-b422-1158a1991641",
    "create_time": 1748983251.201,
    "timestamp": "2025-06-03T20:40:51.201000Z"
  },
  {
    "role": "AI Partner",
    "parts": [
      "Got it! Your structure is:\n\n```\n/workspaces/sdtp/\n├── src/\n│   └── sdtp/\n│       └── modules/   # your internal modules here\n├── tests/\n│   └── tests/        # your test files here\n```\n\n---\n\n### What this means for pytest and imports\n\n- Your **package root** is `src` — because `sdtp` is inside `src`.\n- So to run tests and have Python find `sdtp`, your `PYTHONPATH` or pytest `pythonpath` needs to include `src`.\n- Your `pytest.ini` should be:\n\n```ini\n[pytest]\npythonpath = src\n```\n\n---\n\n### Common pitfalls to check:\n\n1. **Are you running pytest from `/workspaces/sdtp` root?**\n\n```bash\ncd /workspaces/sdtp\npytest -v\n```\n\n2. **Make sure `src/sdtp/__init__.py` exists and properly exports your modules (which it sounds like it does).**\n\n3. **In your test imports, you should do:**\n\n```python\nfrom sdtp import SDML_BOOLEAN  # or other imports\n```\n\n4. **Ensure no local files shadow the `sdtp` package.**\n\n---\n\n### Additional tip: Run with explicit PYTHONPATH\n\nSometimes it helps to run explicitly:\n\n```bash\nPYTHONPATH=src pytest -v\n```\n\nor set `PYTHONPATH` in your shell:\n\n```bash\nexport PYTHONPATH=src\npytest -v\n```\n\n---\n\n### Summary\n\n- Your `pytest.ini` line `pythonpath = src` is correct for your structure.\n- Run tests from the project root (`/workspaces/sdtp`).\n- Ensure your test imports are consistent with `sdtp` as a top-level package.\n- Verify your `src/sdtp/__init__.py` is present and correctly exports symbols.\n\n---\n\nIf you still get import errors, please share the exact import statements in your test files and the content of your `src/sdtp/__init__.py`.\n\nHappy to help debug further!"
    ],
    "flattened": "Got it! Your structure is:\n\n```\n/workspaces/sdtp/\n├── src/\n│   └── sdtp/\n│       └── modules/   # your internal modules here\n├── tests/\n│   └── tests/        # your test files here\n```\n\n---\n\n### What this means for pytest and imports\n\n- Your **package root** is `src` — because `sdtp` is inside `src`.\n- So to run tests and have Python find `sdtp`, your `PYTHONPATH` or pytest `pythonpath` needs to include `src`.\n- Your `pytest.ini` should be:\n\n```ini\n[pytest]\npythonpath = src\n```\n\n---\n\n### Common pitfalls to check:\n\n1. **Are you running pytest from `/workspaces/sdtp` root?**\n\n```bash\ncd /workspaces/sdtp\npytest -v\n```\n\n2. **Make sure `src/sdtp/__init__.py` exists and properly exports your modules (which it sounds like it does).**\n\n3. **In your test imports, you should do:**\n\n```python\nfrom sdtp import SDML_BOOLEAN  # or other imports\n```\n\n4. **Ensure no local files shadow the `sdtp` package.**\n\n---\n\n### Additional tip: Run with explicit PYTHONPATH\n\nSometimes it helps to run explicitly:\n\n```bash\nPYTHONPATH=src pytest -v\n```\n\nor set `PYTHONPATH` in your shell:\n\n```bash\nexport PYTHONPATH=src\npytest -v\n```\n\n---\n\n### Summary\n\n- Your `pytest.ini` line `pythonpath = src` is correct for your structure.\n- Run tests from the project root (`/workspaces/sdtp`).\n- Ensure your test imports are consistent with `sdtp` as a top-level package.\n- Verify your `src/sdtp/__init__.py` is present and correctly exports symbols.\n\n---\n\nIf you still get import errors, please share the exact import statements in your test files and the content of your `src/sdtp/__init__.py`.\n\nHappy to help debug further!",
    "id": "9917999a-da88-4f0a-b465-9e1530b05c35",
    "create_time": 1748983252.56361,
    "timestamp": "2025-06-03T20:40:52.563610Z"
  },
  {
    "role": "System",
    "parts": [
      ""
    ],
    "flattened": "",
    "id": "9f83506b-f9e1-4f27-9324-799f4c1885ee",
    "create_time": 1748983256.691805,
    "timestamp": "2025-06-03T20:40:56.691805Z"
  },
  {
    "role": "User",
    "parts": [
      "Here is __init__py:\n\r\nfrom .sdtp_utils import InvalidDataException\r\nfrom .sdtp_utils import SDML_BOOLEAN, SDML_DATE, SDML_DATETIME, SDML_NUMBER, SDML_PYTHON_TYPES, SDML_SCHEMA_TYPES, SDML_STRING, SDML_TIME_OF_DAY\r\nfrom .sdtp_utils import type_check, check_sdml_type_of_list, jsonifiable_value,  jsonifiable_row, jsonifiable_rows, jsonifiable_column, convert_to_type, convert_list_to_type, convert_row_to_type_list, convert_rows_to_type_list, convert_dict_to_type\r\nfrom .sdtp_filter import SDQL_FILTER_OPERATORS, SDQL_FILTER_FIELDS, check_valid_spec, check_valid_spec_return_boolean, SDQLFilter\r\nfrom .sdtp_table import SDMLTable, SDMLFixedTable, SDMLDataFrameTable, RowTable, RemoteSDMLTable, SDMLTableFactory, RowTableFactory, RemoteSDMLTableFactory, FileTable, FileTableFactory, GCSTable, GCSTableFactory, HTTPTable, HTTPTableFactory\r\nfrom .table_server import  TableServer, TableNotFoundException, ColumnNotFoundException\r\nfrom .sdtp_server import sdtp_server_blueprint, SDTPServer\r\n\r\n__all__ = [\r\n  'InvalidDataException',\r\n  'SDML_BOOLEAN', 'SDML_DATE', 'SDML_DATETIME', 'SDML_NUMBER', 'SDML_PYTHON_TYPES', 'SDML_SCHEMA_TYPES', 'SDML_STRING', 'SDML_TIME_OF_DAY',\r\n  'type_check', 'check_sdml_type_of_list', 'jsonifiable_value', ' jsonifiable_row', 'jsonifiable_rows', 'jsonifiable_column', 'convert_to_type', 'convert_list_to_type', 'convert_row_to_type_list', 'convert_rows_to_type_list', 'convert_dict_to_type',\r\n  'SDQL_FILTER_OPERATORS', 'SDQL_FILTER_FIELDS', 'check_valid_spec', 'check_valid_spec_return_boolean', 'SDQLFilter',\r\n  'SDMLTable', 'SDMLFixedTable', 'SDMLDataFrameTable', 'RowTable', 'RemoteSDMLTable', 'SDMLTableFactory', 'RowTableFactory', 'RemoteSDMLTableFactory', 'FileTable', 'FileTableFactory', 'GCSTable', 'GCSTableFactory', 'HTTPTable', 'HTTPTableFactory',\r\n  'TableServer', 'TableNotFoundException', 'ColumnNotFoundException',\r\n  'sdtp_server_blueprint', 'SDTPServer'\r\n]\nHere is an import from a test file:\nfrom sdtp import SDML_BOOLEAN, SDML_NUMBER, SDML_STRING, SDML_DATE, SDML_DATETIME, SDML_TIME_OF_DAY, InvalidDataException\r\nfrom sdtp import SDQLFilter,  check_valid_spec, SDQL_FILTER_FIELDS, SDQL_FILTER_OPERATORS\n\r\nand here is an import from one of the source files:\nfrom sdtp import SDML_SCHEMA_TYPES\r\nfrom sdtp import InvalidDataException\r\nfrom sdtp import jsonifiable_column, jsonifiable_rows,  type_check\r\nfrom sdtp import convert_list_to_type, convert_rows_to_type_list\r\nfrom sdtp import SDQLFilter\r"
    ],
    "flattened": "Here is __init__py:\n\r\nfrom .sdtp_utils import InvalidDataException\r\nfrom .sdtp_utils import SDML_BOOLEAN, SDML_DATE, SDML_DATETIME, SDML_NUMBER, SDML_PYTHON_TYPES, SDML_SCHEMA_TYPES, SDML_STRING, SDML_TIME_OF_DAY\r\nfrom .sdtp_utils import type_check, check_sdml_type_of_list, jsonifiable_value,  jsonifiable_row, jsonifiable_rows, jsonifiable_column, convert_to_type, convert_list_to_type, convert_row_to_type_list, convert_rows_to_type_list, convert_dict_to_type\r\nfrom .sdtp_filter import SDQL_FILTER_OPERATORS, SDQL_FILTER_FIELDS, check_valid_spec, check_valid_spec_return_boolean, SDQLFilter\r\nfrom .sdtp_table import SDMLTable, SDMLFixedTable, SDMLDataFrameTable, RowTable, RemoteSDMLTable, SDMLTableFactory, RowTableFactory, RemoteSDMLTableFactory, FileTable, FileTableFactory, GCSTable, GCSTableFactory, HTTPTable, HTTPTableFactory\r\nfrom .table_server import  TableServer, TableNotFoundException, ColumnNotFoundException\r\nfrom .sdtp_server import sdtp_server_blueprint, SDTPServer\r\n\r\n__all__ = [\r\n  'InvalidDataException',\r\n  'SDML_BOOLEAN', 'SDML_DATE', 'SDML_DATETIME', 'SDML_NUMBER', 'SDML_PYTHON_TYPES', 'SDML_SCHEMA_TYPES', 'SDML_STRING', 'SDML_TIME_OF_DAY',\r\n  'type_check', 'check_sdml_type_of_list', 'jsonifiable_value', ' jsonifiable_row', 'jsonifiable_rows', 'jsonifiable_column', 'convert_to_type', 'convert_list_to_type', 'convert_row_to_type_list', 'convert_rows_to_type_list', 'convert_dict_to_type',\r\n  'SDQL_FILTER_OPERATORS', 'SDQL_FILTER_FIELDS', 'check_valid_spec', 'check_valid_spec_return_boolean', 'SDQLFilter',\r\n  'SDMLTable', 'SDMLFixedTable', 'SDMLDataFrameTable', 'RowTable', 'RemoteSDMLTable', 'SDMLTableFactory', 'RowTableFactory', 'RemoteSDMLTableFactory', 'FileTable', 'FileTableFactory', 'GCSTable', 'GCSTableFactory', 'HTTPTable', 'HTTPTableFactory',\r\n  'TableServer', 'TableNotFoundException', 'ColumnNotFoundException',\r\n  'sdtp_server_blueprint', 'SDTPServer'\r\n]\nHere is an import from a test file:\nfrom sdtp import SDML_BOOLEAN, SDML_NUMBER, SDML_STRING, SDML_DATE, SDML_DATETIME, SDML_TIME_OF_DAY, InvalidDataException\r\nfrom sdtp import SDQLFilter,  check_valid_spec, SDQL_FILTER_FIELDS, SDQL_FILTER_OPERATORS\n\r\nand here is an import from one of the source files:\nfrom sdtp import SDML_SCHEMA_TYPES\r\nfrom sdtp import InvalidDataException\r\nfrom sdtp import jsonifiable_column, jsonifiable_rows,  type_check\r\nfrom sdtp import convert_list_to_type, convert_rows_to_type_list\r\nfrom sdtp import SDQLFilter",
    "id": "1a9653d0-1bfc-47c5-b733-c4d799fc03b0",
    "create_time": 1748983454.243,
    "timestamp": "2025-06-03T20:44:14.243000Z"
  },
  {
    "role": "AI Partner",
    "parts": [
      "Thanks for sharing all that! Everything looks conceptually correct. Your `__init__.py` exports those symbols, your test imports match, and you have `pythonpath = src` in pytest config.\n\n---\n\n### Next things to verify/check:\n\n1. **File location of `__init__.py` and module files**\n\nMake sure:\n\n- `src/sdtp/__init__.py` is **directly inside** `src/sdtp/`\n- The other source files (e.g. `sdtp_utils.py`, `sdtp_filter.py`, `sdtp_table.py`, `table_server.py`, `sdtp_server.py`) are in the **same** `src/sdtp/` directory (not inside `src/sdtp/modules/` or another subfolder).\n\n---\n\n### Your directory should look like:\n\n```\nworkspaces/sdtp/\n├── src/\n│   └── sdtp/\n│       ├── __init__.py\n│       ├── sdtp_utils.py\n│       ├── sdtp_filter.py\n│       ├── sdtp_table.py\n│       ├── table_server.py\n│       ├── sdtp_server.py\n│       └── modules/          # additional modules here, if any\n└── tests/\n    └── tests/\n        ├── test_sdtp_filter.py\n        ├── test_sdtp_server.py\n        └── ...\n```\n\nIf your source modules (`sdtp_utils.py`, etc.) are **inside `modules/`**, your imports inside `__init__.py` would have to change:\n\n```python\nfrom .modules.sdtp_utils import InvalidDataException, SDML_BOOLEAN, ...\n```\n\nand so on for all imports.\n\n---\n\n### 2. Run an interactive test\n\nTry to run python interactively from the project root and see if imports work:\n\n```bash\ncd /workspaces/sdtp\nPYTHONPATH=src python\n```\n\nInside python:\n\n```python\nfrom sdtp import SDML_BOOLEAN\nprint(SDML_BOOLEAN)\n```\n\nIf this fails, the path or module structure is wrong.\n\n---\n\n### 3. Confirm pytest is actually loading your `src` as pythonpath\n\nTry running:\n\n```bash\nPYTHONPATH=src pytest -v --capture=no\n```\n\nor add a simple test file:\n\n```python\n# tests/tests/test_import.py\ndef test_import():\n    import sdtp\n    assert hasattr(sdtp, 'SDML_BOOLEAN')\n```\n\nRun:\n\n```bash\nPYTHONPATH=src pytest tests/tests/test_import.py\n```\n\n---\n\n### 4. Check for conflicting `sdtp` in other places\n\nMake sure no other folder or file named `sdtp` exists in your workspace root or tests folder (e.g., no `tests/sdtp.py` or `tests/sdtp/` folder) that might shadow your package.\n\n---\n\n### 5. Double-check your virtualenv / environment\n\nMake sure your python environment is clean, and that you are not running from a previously installed package named `sdtp` that is conflicting.\n\n---\n\n### Summary\n\n**Most likely cause:** Your source files (like `sdtp_utils.py`) are inside `src/sdtp/modules/` but your `__init__.py` is importing them as if they are inside `src/sdtp/` directly.\n\n**Solution:**  \nEither\n\n- Move those source files directly into `src/sdtp/`, or  \n- Change your `__init__.py` imports to:\n\n```python\nfrom .modules.sdtp_utils import ...\nfrom .modules.sdtp_filter import ...\n# etc.\n```\n\n---\n\nIf you want me to, I can help you generate the fixed `__init__.py` for the modules structure — just confirm the exact locations of those files."
    ],
    "flattened": "Thanks for sharing all that! Everything looks conceptually correct. Your `__init__.py` exports those symbols, your test imports match, and you have `pythonpath = src` in pytest config.\n\n---\n\n### Next things to verify/check:\n\n1. **File location of `__init__.py` and module files**\n\nMake sure:\n\n- `src/sdtp/__init__.py` is **directly inside** `src/sdtp/`\n- The other source files (e.g. `sdtp_utils.py`, `sdtp_filter.py`, `sdtp_table.py`, `table_server.py`, `sdtp_server.py`) are in the **same** `src/sdtp/` directory (not inside `src/sdtp/modules/` or another subfolder).\n\n---\n\n### Your directory should look like:\n\n```\nworkspaces/sdtp/\n├── src/\n│   └── sdtp/\n│       ├── __init__.py\n│       ├── sdtp_utils.py\n│       ├── sdtp_filter.py\n│       ├── sdtp_table.py\n│       ├── table_server.py\n│       ├── sdtp_server.py\n│       └── modules/          # additional modules here, if any\n└── tests/\n    └── tests/\n        ├── test_sdtp_filter.py\n        ├── test_sdtp_server.py\n        └── ...\n```\n\nIf your source modules (`sdtp_utils.py`, etc.) are **inside `modules/`**, your imports inside `__init__.py` would have to change:\n\n```python\nfrom .modules.sdtp_utils import InvalidDataException, SDML_BOOLEAN, ...\n```\n\nand so on for all imports.\n\n---\n\n### 2. Run an interactive test\n\nTry to run python interactively from the project root and see if imports work:\n\n```bash\ncd /workspaces/sdtp\nPYTHONPATH=src python\n```\n\nInside python:\n\n```python\nfrom sdtp import SDML_BOOLEAN\nprint(SDML_BOOLEAN)\n```\n\nIf this fails, the path or module structure is wrong.\n\n---\n\n### 3. Confirm pytest is actually loading your `src` as pythonpath\n\nTry running:\n\n```bash\nPYTHONPATH=src pytest -v --capture=no\n```\n\nor add a simple test file:\n\n```python\n# tests/tests/test_import.py\ndef test_import():\n    import sdtp\n    assert hasattr(sdtp, 'SDML_BOOLEAN')\n```\n\nRun:\n\n```bash\nPYTHONPATH=src pytest tests/tests/test_import.py\n```\n\n---\n\n### 4. Check for conflicting `sdtp` in other places\n\nMake sure no other folder or file named `sdtp` exists in your workspace root or tests folder (e.g., no `tests/sdtp.py` or `tests/sdtp/` folder) that might shadow your package.\n\n---\n\n### 5. Double-check your virtualenv / environment\n\nMake sure your python environment is clean, and that you are not running from a previously installed package named `sdtp` that is conflicting.\n\n---\n\n### Summary\n\n**Most likely cause:** Your source files (like `sdtp_utils.py`) are inside `src/sdtp/modules/` but your `__init__.py` is importing them as if they are inside `src/sdtp/` directly.\n\n**Solution:**  \nEither\n\n- Move those source files directly into `src/sdtp/`, or  \n- Change your `__init__.py` imports to:\n\n```python\nfrom .modules.sdtp_utils import ...\nfrom .modules.sdtp_filter import ...\n# etc.\n```\n\n---\n\nIf you want me to, I can help you generate the fixed `__init__.py` for the modules structure — just confirm the exact locations of those files.",
    "id": "da71ed24-96ea-49ca-b769-425c6c978314",
    "create_time": 1748983457.45845,
    "timestamp": "2025-06-03T20:44:17.458450Z"
  },
  {
    "role": "User",
    "parts": [
      "I ran the following test:\nimport sys\r\ndef test_path():\r\n  assert '/workspaces/sdtp/src' in sys.path\r\n  from sdtp import SDML_BOOLEAN \nThe results were:\n   def test_path():\r\n      assert '/workspaces/sdtp/src' in sys.path\r\n>     from sdtp import SDML_BOOLEAN\r\nE     ImportError: cannot import name 'SDML_BOOLEAN' from 'sdtp' (/workspaces/sdtp/__init__.py)\nIn other words, sdtp IS in sys.path (the assert passed) but the import failed"
    ],
    "flattened": "I ran the following test:\nimport sys\r\ndef test_path():\r\n  assert '/workspaces/sdtp/src' in sys.path\r\n  from sdtp import SDML_BOOLEAN \nThe results were:\n   def test_path():\r\n      assert '/workspaces/sdtp/src' in sys.path\r\n>     from sdtp import SDML_BOOLEAN\r\nE     ImportError: cannot import name 'SDML_BOOLEAN' from 'sdtp' (/workspaces/sdtp/__init__.py)\nIn other words, sdtp IS in sys.path (the assert passed) but the import failed",
    "id": "92664b49-02d5-4319-a782-54e9d187d620",
    "create_time": 1748988432.067,
    "timestamp": "2025-06-03T22:07:12.067000Z"
  },
  {
    "role": "AI Partner",
    "parts": [
      "That error is the key:  \n> `ImportError: cannot import name 'SDML_BOOLEAN' from 'sdtp' (/workspaces/sdtp/__init__.py)`\n\nIt tells us that Python is **not** loading `sdtp` from `/workspaces/sdtp/src/sdtp/__init__.py` as expected, but instead from:  \n➡️ `/workspaces/sdtp/__init__.py`\n\nThis is **not** what we want. This means:\n\n---\n\n### ✅ Diagnosis\n\nYou have a **file or directory named `sdtp` directly under `/workspaces/sdtp/`**, and it's **shadowing** your intended package at `src/sdtp/`.\n\nPython is finding this file or directory first, **before** looking inside `src`.\n\nThis shadowing is a very common Python gotcha.\n\n---\n\n### 🔍 Fix\n\n1. **Delete or rename `/workspaces/sdtp/sdtp`** (or `/workspaces/sdtp/sdtp.py` or `/workspaces/sdtp/__init__.py` — any of these if they exist).\n   - Confirm there's no `sdtp`-named file or folder directly under your repo root (`/workspaces/sdtp/`).\n\n2. Confirm correct structure:\n    ```\n    /workspaces/sdtp/\n    ├── src/\n    │   └── sdtp/\n    │       ├── __init__.py\n    │       ├── sdtp_utils.py\n    │       └── ...\n    └── tests/\n    ```\n\n3. Re-run your test:\n\n    ```bash\n    PYTHONPATH=src pytest -v\n    ```\n\n    Or try your inline import again:\n\n    ```bash\n    PYTHONPATH=src python -c \"from sdtp import SDML_BOOLEAN; print(SDML_BOOLEAN)\"\n    ```\n\n---\n\n### ✅ Why This Happens\n\nPython searches for modules by name along the entries in `sys.path`, starting with `''` (the current directory). If there's a file or directory called `sdtp` in the current directory (like `/workspaces/sdtp/sdtp`), Python will load that **instead of** `src/sdtp`.\n\n---\n\nLet me know what you find in `/workspaces/sdtp/`. If needed, I can help clean up safely."
    ],
    "flattened": "That error is the key:  \n> `ImportError: cannot import name 'SDML_BOOLEAN' from 'sdtp' (/workspaces/sdtp/__init__.py)`\n\nIt tells us that Python is **not** loading `sdtp` from `/workspaces/sdtp/src/sdtp/__init__.py` as expected, but instead from:  \n➡️ `/workspaces/sdtp/__init__.py`\n\nThis is **not** what we want. This means:\n\n---\n\n### ✅ Diagnosis\n\nYou have a **file or directory named `sdtp` directly under `/workspaces/sdtp/`**, and it's **shadowing** your intended package at `src/sdtp/`.\n\nPython is finding this file or directory first, **before** looking inside `src`.\n\nThis shadowing is a very common Python gotcha.\n\n---\n\n### 🔍 Fix\n\n1. **Delete or rename `/workspaces/sdtp/sdtp`** (or `/workspaces/sdtp/sdtp.py` or `/workspaces/sdtp/__init__.py` — any of these if they exist).\n   - Confirm there's no `sdtp`-named file or folder directly under your repo root (`/workspaces/sdtp/`).\n\n2. Confirm correct structure:\n    ```\n    /workspaces/sdtp/\n    ├── src/\n    │   └── sdtp/\n    │       ├── __init__.py\n    │       ├── sdtp_utils.py\n    │       └── ...\n    └── tests/\n    ```\n\n3. Re-run your test:\n\n    ```bash\n    PYTHONPATH=src pytest -v\n    ```\n\n    Or try your inline import again:\n\n    ```bash\n    PYTHONPATH=src python -c \"from sdtp import SDML_BOOLEAN; print(SDML_BOOLEAN)\"\n    ```\n\n---\n\n### ✅ Why This Happens\n\nPython searches for modules by name along the entries in `sys.path`, starting with `''` (the current directory). If there's a file or directory called `sdtp` in the current directory (like `/workspaces/sdtp/sdtp`), Python will load that **instead of** `src/sdtp`.\n\n---\n\nLet me know what you find in `/workspaces/sdtp/`. If needed, I can help clean up safely.",
    "id": "d12e8e79-4063-4c7d-8465-d483a55f2c8f",
    "create_time": 1748988434.459087,
    "timestamp": "2025-06-03T22:07:14.459087Z"
  },
  {
    "role": "System",
    "parts": [
      ""
    ],
    "flattened": "",
    "id": "b86c92d5-b0c6-4c98-af41-82bf1dd540d5",
    "create_time": 1748988444.849876,
    "timestamp": "2025-06-03T22:07:24.849876Z"
  },
  {
    "role": "User",
    "parts": [
      "bingo.  There was an empty __init__.py.  Do you happen  to know what to install to get pytest_httpserver"
    ],
    "flattened": "bingo.  There was an empty __init__.py.  Do you happen  to know what to install to get pytest_httpserver",
    "id": "63ce5a38-8340-48a9-a882-007de56c3f0d",
    "create_time": 1748988634.479,
    "timestamp": "2025-06-03T22:10:34.479000Z"
  },
  {
    "role": "AI Partner",
    "parts": [
      "Great — glad that fixed the shadowing issue! 🔥\n\nTo install `pytest_httpserver`, just run:\n\n```bash\npip install pytest-httpserver\n```\n\nOr if you're using a `requirements.txt` or `pyproject.toml`, you can add:\n\n### For `requirements.txt`:\n```\npytest-httpserver\n```\n\n### For `pyproject.toml` (Poetry or similar):\n```toml\n[tool.poetry.dev-dependencies]\npytest-httpserver = \"^1.0\"\n```\n\nLet me know if you're using `pip`, `poetry`, or something else, and I can tailor the instructions."
    ],
    "flattened": "Great — glad that fixed the shadowing issue! 🔥\n\nTo install `pytest_httpserver`, just run:\n\n```bash\npip install pytest-httpserver\n```\n\nOr if you're using a `requirements.txt` or `pyproject.toml`, you can add:\n\n### For `requirements.txt`:\n```\npytest-httpserver\n```\n\n### For `pyproject.toml` (Poetry or similar):\n```toml\n[tool.poetry.dev-dependencies]\npytest-httpserver = \"^1.0\"\n```\n\nLet me know if you're using `pip`, `poetry`, or something else, and I can tailor the instructions.",
    "id": "7b5dabb9-29ae-4849-80f7-ced009cd9dfd",
    "create_time": 1748988636.231546,
    "timestamp": "2025-06-03T22:10:36.231546Z"
  },
  {
    "role": "User",
    "parts": [
      "I'm not really wild about putting test requirements into requirements.txt, because that will install when anyone wants to use the package.  Are there alternatives?"
    ],
    "flattened": "I'm not really wild about putting test requirements into requirements.txt, because that will install when anyone wants to use the package.  Are there alternatives?",
    "id": "735b2477-34a3-42ed-8394-f71a1bd5c7ef",
    "create_time": 1748989373.282,
    "timestamp": "2025-06-03T22:22:53.282000Z"
  },
  {
    "role": "AI Partner",
    "parts": [
      "Absolutely — it's a best practice to **separate test/development dependencies** from runtime ones. Here are your best options:\n\n---\n\n### ✅ 1. **Use a `requirements-dev.txt` for test/development**\nYou can create a separate file:\n\n#### `requirements.txt`\n```txt\n# only production/runtime deps\nnumpy\npandas\n```\n\n#### `requirements-dev.txt`\n```txt\n-r requirements.txt\npytest\npytest-httpserver\nblack\nmypy\n# add others like coverage, tox, etc.\n```\n\nInstall with:\n```bash\npip install -r requirements-dev.txt\n```\n\n---\n\n### ✅ 2. **Use `pyproject.toml` (via Poetry or Hatch)**\n\nIf you're using `poetry`, dev dependencies go in their own section:\n\n```toml\n[tool.poetry.dependencies]\npandas = \"^2.2\"\n\n[tool.poetry.dev-dependencies]\npytest = \"^8.2\"\npytest-httpserver = \"^1.0\"\n```\n\nInstall with:\n```bash\npoetry install --with dev\n```\n\n---\n\n### ✅ 3. **Use `tox` or `nox` for test automation**\nCreate a `tox.ini` or `noxfile.py` to encapsulate dev/test envs without polluting prod installs.\n\nExample `tox.ini`:\n```ini\n[testenv]\ndeps =\n    pytest\n    pytest-httpserver\ncommands = pytest\n```\n\nThen:\n```bash\ntox\n```\n\n---\n\n### ✅ 4. **Use `setup.cfg` or `setup.py` with extras**\nYou can define optional \"extras\" like:\n\n```python\n# setup.py\nextras_require={\n    \"dev\": [\"pytest\", \"pytest-httpserver\", \"black\"]\n}\n```\n\nThen install with:\n```bash\npip install .[dev]\n```\n\n---\n\n### Summary\n\n| Method | Pros | Recommended if |\n|-------|------|----------------|\n| `requirements-dev.txt` | Simple, widely used | You're using `pip` and want to keep things manual |\n| `pyproject.toml` (`poetry`, `hatch`) | Modern, structured | You're using a modern packaging tool |\n| `tox` / `nox` | Great for multi-Python testing | You want CI-style automation |\n| `extras_require` | Flexible for optional installs | You publish to PyPI and want extras |\n\nLet me know which route you're taking and I can help structure it."
    ],
    "flattened": "Absolutely — it's a best practice to **separate test/development dependencies** from runtime ones. Here are your best options:\n\n---\n\n### ✅ 1. **Use a `requirements-dev.txt` for test/development**\nYou can create a separate file:\n\n#### `requirements.txt`\n```txt\n# only production/runtime deps\nnumpy\npandas\n```\n\n#### `requirements-dev.txt`\n```txt\n-r requirements.txt\npytest\npytest-httpserver\nblack\nmypy\n# add others like coverage, tox, etc.\n```\n\nInstall with:\n```bash\npip install -r requirements-dev.txt\n```\n\n---\n\n### ✅ 2. **Use `pyproject.toml` (via Poetry or Hatch)**\n\nIf you're using `poetry`, dev dependencies go in their own section:\n\n```toml\n[tool.poetry.dependencies]\npandas = \"^2.2\"\n\n[tool.poetry.dev-dependencies]\npytest = \"^8.2\"\npytest-httpserver = \"^1.0\"\n```\n\nInstall with:\n```bash\npoetry install --with dev\n```\n\n---\n\n### ✅ 3. **Use `tox` or `nox` for test automation**\nCreate a `tox.ini` or `noxfile.py` to encapsulate dev/test envs without polluting prod installs.\n\nExample `tox.ini`:\n```ini\n[testenv]\ndeps =\n    pytest\n    pytest-httpserver\ncommands = pytest\n```\n\nThen:\n```bash\ntox\n```\n\n---\n\n### ✅ 4. **Use `setup.cfg` or `setup.py` with extras**\nYou can define optional \"extras\" like:\n\n```python\n# setup.py\nextras_require={\n    \"dev\": [\"pytest\", \"pytest-httpserver\", \"black\"]\n}\n```\n\nThen install with:\n```bash\npip install .[dev]\n```\n\n---\n\n### Summary\n\n| Method | Pros | Recommended if |\n|-------|------|----------------|\n| `requirements-dev.txt` | Simple, widely used | You're using `pip` and want to keep things manual |\n| `pyproject.toml` (`poetry`, `hatch`) | Modern, structured | You're using a modern packaging tool |\n| `tox` / `nox` | Great for multi-Python testing | You want CI-style automation |\n| `extras_require` | Flexible for optional installs | You publish to PyPI and want extras |\n\nLet me know which route you're taking and I can help structure it.",
    "id": "f8369236-b7a6-4500-90f7-e0b43a2d9004",
    "create_time": 1748989376.464037,
    "timestamp": "2025-06-03T22:22:56.464037Z"
  },
  {
    "role": "User",
    "parts": [
      "what is \"black\" in the dev requirements?"
    ],
    "flattened": "what is \"black\" in the dev requirements?",
    "id": "c1060a01-6dc3-4f1d-a01b-c81205ddb909",
    "create_time": 1748989602.952,
    "timestamp": "2025-06-03T22:26:42.952000Z"
  },
  {
    "role": "AI Partner",
    "parts": [
      "**`black`** is a popular **Python code formatter** that automatically formats your code to conform to a consistent style.\n\n### ✅ What does it do?\nIt reformats your `.py` files to follow [PEP 8](https://peps.python.org/pep-0008/) (with its own strict rules), making your code look consistent — no bikeshedding over whitespace or line breaks.\n\nExample:\n\nBefore:\n```python\ndef my_func(x,y): return x+  y\n```\n\nAfter running `black`:\n```python\ndef my_func(x, y):\n    return x + y\n```\n\n---\n\n### ✅ Why include it in `dev` requirements?\n- **Consistency** across contributors' code\n- **Automatic formatting** on save or in pre-commit hooks\n- **No manual style decisions** — \"Blackened code is clean code\"\n\n---\n\n### ✅ How to use\n1. Install:\n   ```bash\n   pip install black\n   ```\n\n2. Format your whole project:\n   ```bash\n   black .\n   ```\n\n3. (Optional) Add to pre-commit:\n   ```yaml\n   # .pre-commit-config.yaml\n   - repo: https://github.com/psf/black\n     rev: 24.3.0  # or latest\n     hooks:\n       - id: black\n   ```\n\n---\n\n### ✅ Summary\n\n| Tool  | Purpose        | Include in dev? |\n|-------|----------------|-----------------|\n| `black` | Auto-formats Python code | ✅ Yes           |\n| `pytest` | Run tests         | ✅ Yes           |\n| `mypy` | Static type checking | ✅ Yes           |\n\nLet me know if you want to integrate `black` into your CI or pre-commit setup."
    ],
    "flattened": "**`black`** is a popular **Python code formatter** that automatically formats your code to conform to a consistent style.\n\n### ✅ What does it do?\nIt reformats your `.py` files to follow [PEP 8](https://peps.python.org/pep-0008/) (with its own strict rules), making your code look consistent — no bikeshedding over whitespace or line breaks.\n\nExample:\n\nBefore:\n```python\ndef my_func(x,y): return x+  y\n```\n\nAfter running `black`:\n```python\ndef my_func(x, y):\n    return x + y\n```\n\n---\n\n### ✅ Why include it in `dev` requirements?\n- **Consistency** across contributors' code\n- **Automatic formatting** on save or in pre-commit hooks\n- **No manual style decisions** — \"Blackened code is clean code\"\n\n---\n\n### ✅ How to use\n1. Install:\n   ```bash\n   pip install black\n   ```\n\n2. Format your whole project:\n   ```bash\n   black .\n   ```\n\n3. (Optional) Add to pre-commit:\n   ```yaml\n   # .pre-commit-config.yaml\n   - repo: https://github.com/psf/black\n     rev: 24.3.0  # or latest\n     hooks:\n       - id: black\n   ```\n\n---\n\n### ✅ Summary\n\n| Tool  | Purpose        | Include in dev? |\n|-------|----------------|-----------------|\n| `black` | Auto-formats Python code | ✅ Yes           |\n| `pytest` | Run tests         | ✅ Yes           |\n| `mypy` | Static type checking | ✅ Yes           |\n\nLet me know if you want to integrate `black` into your CI or pre-commit setup.",
    "id": "ecbc1543-9fe7-4a99-829f-d59b0c8db13b",
    "create_time": 1748989604.711416,
    "timestamp": "2025-06-03T22:26:44.711416Z"
  },
  {
    "role": "User",
    "parts": [
      "OK.  For modules inside the package, is the preferred/robust import \nfrom .foo import bar\nor\nfrom package.foo import bar\nand is the use of __all__ in __init__.py recommended?"
    ],
    "flattened": "OK.  For modules inside the package, is the preferred/robust import \nfrom .foo import bar\nor\nfrom package.foo import bar\nand is the use of __all__ in __init__.py recommended?",
    "id": "5ed2969e-f694-4828-95f5-00227bd2d217",
    "create_time": 1748989750.099,
    "timestamp": "2025-06-03T22:29:10.099000Z"
  },
  {
    "role": "AI Partner",
    "parts": [
      "Great questions. Here's a concise breakdown of best practices for **intra-package imports** and `__all__` usage in Python packages.\n\n---\n\n## ✅ **Relative vs Absolute Imports**\n\n### 🔹 `from .foo import bar` (Relative)\n- **Preferred for internal imports** within a package (i.e., module importing from a sibling module).\n- Keeps your package **self-contained** and easier to **rename or reorganize**.\n- Makes clear that the import is internal.\n\n```python\n# inside src/sdtp/module1.py\nfrom .foo import bar  # ✅ recommended\n```\n\n### 🔹 `from sdtp.foo import bar` (Absolute)\n- Also valid, and often used in larger projects.\n- **Preferred** in:\n  - Scripts outside the package\n  - Code that's designed to be explicitly reusable across packages\n\n```python\n# Inside tests or other top-level script\nfrom sdtp.foo import bar\n```\n\n### ✅ **Best Practice**\n- **Use relative imports** (`from .foo import bar`) inside the package.\n- Use **absolute imports** (`from sdtp.foo import bar`) outside or at top level.\n\n---\n\n## ✅ `__all__` in `__init__.py`\n\n### Purpose:\nControls what gets imported when someone does:\n\n```python\nfrom sdtp import *\n```\n\nIt also serves as **documentation** of the public API of the package.\n\n### ✅ When to use:\n- If you want to **expose a clean public interface**, use `__all__` in `__init__.py`.\n- Makes it clear what’s part of your **intended public API** vs internal utilities.\n\n### ⚠️ Caveats:\n- It does **not affect** `from sdtp import foo` if `foo` is explicitly imported in `__init__.py`.\n- Don't use `__all__` to hide broken imports — use it to **declare a stable interface**.\n\n---\n\n## ✅ Summary Table\n\n| Situation                        | Recommendation         |\n|----------------------------------|-------------------------|\n| Intra-package imports            | `from .foo import bar`  |\n| External or test file imports    | `from sdtp.foo import bar` |\n| Declaring a public API in `__init__.py` | Use `__all__`              |\n| Relying on `from pkg import *`   | Use `__all__` cautiously (or avoid `import *`) |\n\nLet me know if you want a linter or CI check to enforce this style."
    ],
    "flattened": "Great questions. Here's a concise breakdown of best practices for **intra-package imports** and `__all__` usage in Python packages.\n\n---\n\n## ✅ **Relative vs Absolute Imports**\n\n### 🔹 `from .foo import bar` (Relative)\n- **Preferred for internal imports** within a package (i.e., module importing from a sibling module).\n- Keeps your package **self-contained** and easier to **rename or reorganize**.\n- Makes clear that the import is internal.\n\n```python\n# inside src/sdtp/module1.py\nfrom .foo import bar  # ✅ recommended\n```\n\n### 🔹 `from sdtp.foo import bar` (Absolute)\n- Also valid, and often used in larger projects.\n- **Preferred** in:\n  - Scripts outside the package\n  - Code that's designed to be explicitly reusable across packages\n\n```python\n# Inside tests or other top-level script\nfrom sdtp.foo import bar\n```\n\n### ✅ **Best Practice**\n- **Use relative imports** (`from .foo import bar`) inside the package.\n- Use **absolute imports** (`from sdtp.foo import bar`) outside or at top level.\n\n---\n\n## ✅ `__all__` in `__init__.py`\n\n### Purpose:\nControls what gets imported when someone does:\n\n```python\nfrom sdtp import *\n```\n\nIt also serves as **documentation** of the public API of the package.\n\n### ✅ When to use:\n- If you want to **expose a clean public interface**, use `__all__` in `__init__.py`.\n- Makes it clear what’s part of your **intended public API** vs internal utilities.\n\n### ⚠️ Caveats:\n- It does **not affect** `from sdtp import foo` if `foo` is explicitly imported in `__init__.py`.\n- Don't use `__all__` to hide broken imports — use it to **declare a stable interface**.\n\n---\n\n## ✅ Summary Table\n\n| Situation                        | Recommendation         |\n|----------------------------------|-------------------------|\n| Intra-package imports            | `from .foo import bar`  |\n| External or test file imports    | `from sdtp.foo import bar` |\n| Declaring a public API in `__init__.py` | Use `__all__`              |\n| Relying on `from pkg import *`   | Use `__all__` cautiously (or avoid `import *`) |\n\nLet me know if you want a linter or CI check to enforce this style.",
    "id": "dfffdb22-1bc4-47ce-b28a-bc461f63782e",
    "create_time": 1748989752.172125,
    "timestamp": "2025-06-03T22:29:12.172125Z"
  },
  {
    "role": "User",
    "parts": [
      "For intra-module imports, is\nfrom <package> import bar\npreferred?"
    ],
    "flattened": "For intra-module imports, is\nfrom <package> import bar\npreferred?",
    "id": "0d64921b-1a67-4444-9db7-2c6eb068de6f",
    "create_time": 1748989867.959,
    "timestamp": "2025-06-03T22:31:07.959000Z"
  },
  {
    "role": "AI Partner",
    "parts": [
      "For **intra-package (intra-module)** imports — i.e., one module in your package importing another — the **preferred** style is:\n\n### ✅ `from .bar import thing` (explicit relative import)\n\nThis is widely considered best practice **within a package** because:\n\n---\n\n### ✔️ **Reasons to prefer relative imports** inside a package:\n- **Robust to renaming the top-level package** (e.g., renaming `sdtp` → `galyleo_sdtp`)\n- Makes it **clear** that the import is from the same package\n- Avoids **ambiguities** when the package is used as a script, installed module, or inside different environments (e.g., editable installs)\n\n---\n\n### 🚫 `from sdtp.bar import thing` (absolute import inside the same package)\nWhile technically valid (and sometimes used), this:\n\n- Requires your package name (`sdtp`) to be correct and available on `sys.path`\n- Breaks if the package name changes or is being used in a monorepo/subpackage\n- Is more brittle in editable installs or during test-time without proper setup (e.g., `PYTHONPATH`)\n\n---\n\n### ✅ Summary\n\n| Use Case                 | Recommended Style        |\n|--------------------------|---------------------------|\n| Inside the same package  | `from .bar import thing` |\n| External or test scripts | `from sdtp.bar import thing` |\n| Referring to top-level API via `__init__.py` | `from sdtp import thing` if exposed |\n\n---\n\n### 👇 Example\nIf your structure is:\n```\nsrc/\n  sdtp/\n    __init__.py\n    foo.py\n    bar.py\n```\n\nInside `foo.py`:\n\n```python\n# ✅ Preferred:\nfrom .bar import some_function\n\n# 🚫 Not recommended inside the package itself:\nfrom sdtp.bar import some_function\n```\n\nLet me know if you want to lint/enforce this or need help rewriting existing imports."
    ],
    "flattened": "For **intra-package (intra-module)** imports — i.e., one module in your package importing another — the **preferred** style is:\n\n### ✅ `from .bar import thing` (explicit relative import)\n\nThis is widely considered best practice **within a package** because:\n\n---\n\n### ✔️ **Reasons to prefer relative imports** inside a package:\n- **Robust to renaming the top-level package** (e.g., renaming `sdtp` → `galyleo_sdtp`)\n- Makes it **clear** that the import is from the same package\n- Avoids **ambiguities** when the package is used as a script, installed module, or inside different environments (e.g., editable installs)\n\n---\n\n### 🚫 `from sdtp.bar import thing` (absolute import inside the same package)\nWhile technically valid (and sometimes used), this:\n\n- Requires your package name (`sdtp`) to be correct and available on `sys.path`\n- Breaks if the package name changes or is being used in a monorepo/subpackage\n- Is more brittle in editable installs or during test-time without proper setup (e.g., `PYTHONPATH`)\n\n---\n\n### ✅ Summary\n\n| Use Case                 | Recommended Style        |\n|--------------------------|---------------------------|\n| Inside the same package  | `from .bar import thing` |\n| External or test scripts | `from sdtp.bar import thing` |\n| Referring to top-level API via `__init__.py` | `from sdtp import thing` if exposed |\n\n---\n\n### 👇 Example\nIf your structure is:\n```\nsrc/\n  sdtp/\n    __init__.py\n    foo.py\n    bar.py\n```\n\nInside `foo.py`:\n\n```python\n# ✅ Preferred:\nfrom .bar import some_function\n\n# 🚫 Not recommended inside the package itself:\nfrom sdtp.bar import some_function\n```\n\nLet me know if you want to lint/enforce this or need help rewriting existing imports.",
    "id": "e6b26ae0-6b19-4533-badb-ee635e0c506c",
    "create_time": 1748989870.007579,
    "timestamp": "2025-06-03T22:31:10.007579Z"
  },
  {
    "role": "User",
    "parts": [
      "Actually, I have, in __init__.py:\nfrom foo import bar\nand in baz.py\""
    ],
    "flattened": "Actually, I have, in __init__.py:\nfrom foo import bar\nand in baz.py\"",
    "id": "eda41339-5e8d-44a5-9a74-7e6c7bfbd41b",
    "create_time": 1748990576.297,
    "timestamp": "2025-06-03T22:42:56.297000Z"
  },
  {
    "role": "AI Partner",
    "parts": [
      "Thanks — it looks like you're doing a **bare import** in `__init__.py` like this:\n\n```python\n# __init__.py\nfrom foo import bar\n```\n\nand then trying to use `bar` in another module, like `baz.py`.\n\n### ❗ Problem\nThat will **fail** with:\n```\nModuleNotFoundError: No module named 'foo'\n```\n\nBecause `foo` is not a **top-level module**, it's a sibling of `__init__.py` inside the `sdtp` package. So Python tries to find `foo` in the global namespace and fails.\n\n---\n\n### ✅ Fix: Use **explicit relative imports**\nIn `__init__.py`, you should write:\n\n```python\nfrom .foo import bar\n```\n\nThat tells Python: *import `foo` from the current package (i.e., `sdtp.foo`)*.\n\nAnd in any other module like `baz.py`, if you need to access `bar`, you have two choices:\n\n---\n\n### Option 1: Import from `__init__.py` (via top-level API)\n\nIf `__init__.py` contains:\n\n```python\nfrom .foo import bar\n```\n\nThen in `baz.py`, you can write:\n\n```python\nfrom . import bar  # if you want to use what __init__.py exposes\n```\n\nor:\n\n```python\nfrom .foo import bar  # if you want to bypass __init__.py\n```\n\n---\n\n### 📦 Rule of Thumb\n\n| Situation                           | Preferred Syntax        |\n|------------------------------------|-------------------------|\n| Exposing from `__init__.py`        | `from .foo import bar`  |\n| Importing from a sibling module    | `from .foo import bar`  |\n| Importing from the public API      | `from sdtp import bar` (only from outside the package) |\n\nLet me know if you want to validate or rewrite your imports across the package."
    ],
    "flattened": "Thanks — it looks like you're doing a **bare import** in `__init__.py` like this:\n\n```python\n# __init__.py\nfrom foo import bar\n```\n\nand then trying to use `bar` in another module, like `baz.py`.\n\n### ❗ Problem\nThat will **fail** with:\n```\nModuleNotFoundError: No module named 'foo'\n```\n\nBecause `foo` is not a **top-level module**, it's a sibling of `__init__.py` inside the `sdtp` package. So Python tries to find `foo` in the global namespace and fails.\n\n---\n\n### ✅ Fix: Use **explicit relative imports**\nIn `__init__.py`, you should write:\n\n```python\nfrom .foo import bar\n```\n\nThat tells Python: *import `foo` from the current package (i.e., `sdtp.foo`)*.\n\nAnd in any other module like `baz.py`, if you need to access `bar`, you have two choices:\n\n---\n\n### Option 1: Import from `__init__.py` (via top-level API)\n\nIf `__init__.py` contains:\n\n```python\nfrom .foo import bar\n```\n\nThen in `baz.py`, you can write:\n\n```python\nfrom . import bar  # if you want to use what __init__.py exposes\n```\n\nor:\n\n```python\nfrom .foo import bar  # if you want to bypass __init__.py\n```\n\n---\n\n### 📦 Rule of Thumb\n\n| Situation                           | Preferred Syntax        |\n|------------------------------------|-------------------------|\n| Exposing from `__init__.py`        | `from .foo import bar`  |\n| Importing from a sibling module    | `from .foo import bar`  |\n| Importing from the public API      | `from sdtp import bar` (only from outside the package) |\n\nLet me know if you want to validate or rewrite your imports across the package.",
    "id": "ce26a50b-cf8a-4b67-a307-3956477fd4f8",
    "create_time": 1748990580.522384,
    "timestamp": "2025-06-03T22:43:00.522384Z"
  },
  {
    "role": "User",
    "parts": [
      "Ia an __init__.py file required at the top level of a pypi package"
    ],
    "flattened": "Ia an __init__.py file required at the top level of a pypi package",
    "id": "d93e8e64-ade2-4ffc-b134-bb5aea30d51e",
    "create_time": 1748992070.342,
    "timestamp": "2025-06-03T23:07:50.342000Z"
  },
  {
    "role": "AI Partner",
    "parts": [
      "Yes, an `__init__.py` file **is required** at the top level of a PyPI package **if you want Python to treat that directory as an importable package** — particularly for older versions of Python and for proper behavior with some tools.\n\n### ✅ When to include `__init__.py`\nYou should **always include `__init__.py`** in any directory meant to be a Python package (i.e., importable using `import packagename`), including:\n\n```\nyour_project/\n├── src/\n│   └── your_package/\n│       ├── __init__.py   ← REQUIRED\n│       ├── module1.py\n│       └── ...\n```\n\nWithout it, Python may not recognize `your_package` as a module, especially when using:\n\n- Relative imports (`from .foo import bar`)\n- Test runners like `pytest`\n- Installation tools like `setuptools` or `pip install -e .`\n\n### 🔍 What about Python 3.3+?\nPython 3.3 introduced **namespace packages**, which can technically omit `__init__.py`, but:\n\n- They have limited support and subtle edge cases.\n- Tooling support is inconsistent.\n- You can't use relative imports inside them.\n\n### 🧠 Rule of Thumb\nAlways include an `__init__.py` file, even if it's empty. It's a safe and standard practice.\n\nLet me know if you'd like help generating clean `__init__.py` files for each package layer."
    ],
    "flattened": "Yes, an `__init__.py` file **is required** at the top level of a PyPI package **if you want Python to treat that directory as an importable package** — particularly for older versions of Python and for proper behavior with some tools.\n\n### ✅ When to include `__init__.py`\nYou should **always include `__init__.py`** in any directory meant to be a Python package (i.e., importable using `import packagename`), including:\n\n```\nyour_project/\n├── src/\n│   └── your_package/\n│       ├── __init__.py   ← REQUIRED\n│       ├── module1.py\n│       └── ...\n```\n\nWithout it, Python may not recognize `your_package` as a module, especially when using:\n\n- Relative imports (`from .foo import bar`)\n- Test runners like `pytest`\n- Installation tools like `setuptools` or `pip install -e .`\n\n### 🔍 What about Python 3.3+?\nPython 3.3 introduced **namespace packages**, which can technically omit `__init__.py`, but:\n\n- They have limited support and subtle edge cases.\n- Tooling support is inconsistent.\n- You can't use relative imports inside them.\n\n### 🧠 Rule of Thumb\nAlways include an `__init__.py` file, even if it's empty. It's a safe and standard practice.\n\nLet me know if you'd like help generating clean `__init__.py` files for each package layer.",
    "id": "59eb59e3-cc37-4268-a8e8-312d2e644bf6",
    "create_time": 1748992073.207109,
    "timestamp": "2025-06-03T23:07:53.207109Z"
  },
  {
    "role": "User",
    "parts": [
      "OK.  But I don't need an __init__.py in your_project, right?  I needed to remove that to get pytest to work"
    ],
    "flattened": "OK.  But I don't need an __init__.py in your_project, right?  I needed to remove that to get pytest to work",
    "id": "1126b866-70f2-43bc-be56-3e3fde7ec7e6",
    "create_time": 1748992146.59,
    "timestamp": "2025-06-03T23:09:06.590000Z"
  },
  {
    "role": "AI Partner",
    "parts": [
      "Correct — you **do not need** (and often **should not have**) an `__init__.py` in the top-level project directory (like `your_project/`) when using the `src/` layout with `pytest`.\n\n### 🔍 Why?\nWhen you structure your project like this:\n\n```\nyour_project/\n├── src/\n│   └── your_package/\n│       ├── __init__.py\n│       └── ...\n├── tests/\n│   └── test_something.py\n├── pyproject.toml / setup.py\n└── requirements.txt\n```\n\n...and run `pytest`, it should discover tests and import your package from `src/your_package`.\n\nIf `your_project/` (the top level) **has an `__init__.py`**, Python may incorrectly treat the entire top-level as a package, e.g., interpreting the `tests` directory as `your_project.tests`, which causes **confusing import resolution issues** like:\n\n- `ImportError: attempted relative import with no known parent package`\n- `ModuleNotFoundError` when trying to import from `your_package`\n\n### ✅ Recommended Setup\n- Only put `__init__.py` in real Python packages (`src/your_package`, any submodules).\n- Omit it in top-level directories like:\n  - `your_project/`\n  - `tests/`\n- Ensure your `pytest.ini` or `[tool.pytest.ini_options]` in `pyproject.toml` includes:\n  ```ini\n  [pytest]\n  pythonpath = src\n  ```\n\nThis allows `pytest` to find and import `your_package` correctly from the `src/` directory without confusion.\n\nLet me know if you'd like a quick sanity check of your structure."
    ],
    "flattened": "Correct — you **do not need** (and often **should not have**) an `__init__.py` in the top-level project directory (like `your_project/`) when using the `src/` layout with `pytest`.\n\n### 🔍 Why?\nWhen you structure your project like this:\n\n```\nyour_project/\n├── src/\n│   └── your_package/\n│       ├── __init__.py\n│       └── ...\n├── tests/\n│   └── test_something.py\n├── pyproject.toml / setup.py\n└── requirements.txt\n```\n\n...and run `pytest`, it should discover tests and import your package from `src/your_package`.\n\nIf `your_project/` (the top level) **has an `__init__.py`**, Python may incorrectly treat the entire top-level as a package, e.g., interpreting the `tests` directory as `your_project.tests`, which causes **confusing import resolution issues** like:\n\n- `ImportError: attempted relative import with no known parent package`\n- `ModuleNotFoundError` when trying to import from `your_package`\n\n### ✅ Recommended Setup\n- Only put `__init__.py` in real Python packages (`src/your_package`, any submodules).\n- Omit it in top-level directories like:\n  - `your_project/`\n  - `tests/`\n- Ensure your `pytest.ini` or `[tool.pytest.ini_options]` in `pyproject.toml` includes:\n  ```ini\n  [pytest]\n  pythonpath = src\n  ```\n\nThis allows `pytest` to find and import `your_package` correctly from the `src/` directory without confusion.\n\nLet me know if you'd like a quick sanity check of your structure.",
    "id": "e921eb61-ed13-464a-b52a-72f5099d5fa7",
    "create_time": 1748992148.664676,
    "timestamp": "2025-06-03T23:09:08.664676Z"
  },
  {
    "role": "User",
    "parts": [
      "OK.  The next step is I want to push the revised version to pypi.  I've done this before, pyproject.toml is set up, so it should just be running a couple of tools.  Can you walk me through this?"
    ],
    "flattened": "OK.  The next step is I want to push the revised version to pypi.  I've done this before, pyproject.toml is set up, so it should just be running a couple of tools.  Can you walk me through this?",
    "id": "c2b5eaee-db3f-42ab-8bf7-9cc48ad553f6",
    "create_time": 1748992408.089,
    "timestamp": "2025-06-03T23:13:28.089000Z"
  },
  {
    "role": "AI Partner",
    "parts": [
      "Absolutely! If you've already uploaded to PyPI before and your `pyproject.toml` is configured, then pushing the new version is a short and straightforward process. Here's a step-by-step guide:\n\n---\n\n### ✅ 1. **Check that `pyproject.toml` is ready**\n\nEnsure your `pyproject.toml` has the required sections like this:\n\n```toml\n[project]\nname = \"your-package-name\"\nversion = \"0.1.0\"  # increment this!\ndescription = \"Short description\"\nauthors = [{ name = \"Your Name\", email = \"you@example.com\" }]\nreadme = \"README.md\"\nlicense = { text = \"MIT\" }\nrequires-python = \">=3.8\"\ndependencies = [\n  # your runtime deps\n]\n\n[build-system]\nrequires = [\"setuptools>=61\", \"wheel\"]\nbuild-backend = \"setuptools.build_meta\"\n```\n\nIf you use `setuptools`, it’s fine to include an additional `[tool.setuptools]` section, too.\n\n> 🔁 **Make sure to bump the version number** before uploading to PyPI again.\n\n---\n\n### ✅ 2. **Build the distribution**\n\nRun this in your project root (where `pyproject.toml` lives):\n\n```bash\npython -m build\n```\n\nThis creates both `.tar.gz` and `.whl` files in the `dist/` directory.\n\n> If you don’t have `build` installed:\n```bash\npip install build\n```\n\n---\n\n### ✅ 3. **Upload to PyPI**\n\nInstall Twine if you haven’t already:\n\n```bash\npip install twine\n```\n\nThen upload:\n\n```bash\ntwine upload dist/*\n```\n\nIt will prompt you for your PyPI username and password (or API token).\n\n> 🔐 You can use an API token instead of your password:\n- Create a token at https://pypi.org/manage/account/\n- Store it in `~/.pypirc` for automation if you wish.\n\nExample `.pypirc`:\n```ini\n[pypi]\n  username = __token__\n  password = pypi-<your-api-token>\n```\n\n---\n\n### ✅ 4. **Verify it’s live**\n\nGo to:  \n📦 `https://pypi.org/project/your-package-name/`\n\nCheck that the version and metadata are correct.\n\n---\n\n### 🧪 Optional: Test on TestPyPI First\n\nIf you want to test before publishing live:\n\n```bash\ntwine upload --repository testpypi dist/*\n```\n\nTo install from TestPyPI:\n\n```bash\npip install --index-url https://test.pypi.org/simple/ your-package-name\n```\n\n---\n\nLet me know if you want help double-checking your `pyproject.toml`, or if you're using `poetry`, `flit`, or any other build tool instead of `setuptools`."
    ],
    "flattened": "Absolutely! If you've already uploaded to PyPI before and your `pyproject.toml` is configured, then pushing the new version is a short and straightforward process. Here's a step-by-step guide:\n\n---\n\n### ✅ 1. **Check that `pyproject.toml` is ready**\n\nEnsure your `pyproject.toml` has the required sections like this:\n\n```toml\n[project]\nname = \"your-package-name\"\nversion = \"0.1.0\"  # increment this!\ndescription = \"Short description\"\nauthors = [{ name = \"Your Name\", email = \"you@example.com\" }]\nreadme = \"README.md\"\nlicense = { text = \"MIT\" }\nrequires-python = \">=3.8\"\ndependencies = [\n  # your runtime deps\n]\n\n[build-system]\nrequires = [\"setuptools>=61\", \"wheel\"]\nbuild-backend = \"setuptools.build_meta\"\n```\n\nIf you use `setuptools`, it’s fine to include an additional `[tool.setuptools]` section, too.\n\n> 🔁 **Make sure to bump the version number** before uploading to PyPI again.\n\n---\n\n### ✅ 2. **Build the distribution**\n\nRun this in your project root (where `pyproject.toml` lives):\n\n```bash\npython -m build\n```\n\nThis creates both `.tar.gz` and `.whl` files in the `dist/` directory.\n\n> If you don’t have `build` installed:\n```bash\npip install build\n```\n\n---\n\n### ✅ 3. **Upload to PyPI**\n\nInstall Twine if you haven’t already:\n\n```bash\npip install twine\n```\n\nThen upload:\n\n```bash\ntwine upload dist/*\n```\n\nIt will prompt you for your PyPI username and password (or API token).\n\n> 🔐 You can use an API token instead of your password:\n- Create a token at https://pypi.org/manage/account/\n- Store it in `~/.pypirc` for automation if you wish.\n\nExample `.pypirc`:\n```ini\n[pypi]\n  username = __token__\n  password = pypi-<your-api-token>\n```\n\n---\n\n### ✅ 4. **Verify it’s live**\n\nGo to:  \n📦 `https://pypi.org/project/your-package-name/`\n\nCheck that the version and metadata are correct.\n\n---\n\n### 🧪 Optional: Test on TestPyPI First\n\nIf you want to test before publishing live:\n\n```bash\ntwine upload --repository testpypi dist/*\n```\n\nTo install from TestPyPI:\n\n```bash\npip install --index-url https://test.pypi.org/simple/ your-package-name\n```\n\n---\n\nLet me know if you want help double-checking your `pyproject.toml`, or if you're using `poetry`, `flit`, or any other build tool instead of `setuptools`.",
    "id": "b30aafe5-e255-4248-9c32-8f7e7d342033",
    "create_time": 1748992409.837669,
    "timestamp": "2025-06-03T23:13:29.837669Z"
  },
  {
    "role": "User",
    "parts": [
      "I'm getting a syntax error in setup.cfg.  Doesn't like the trailing brace on extras_require:\n[bumpversion]\r\ncurrent_version = 0.1.0\r\ncommit = True\r\ntag = True\r\n\r\n[bumpversion:file:setup.py]\r\nsearch = version='{current_version}'\r\nreplace = version='{new_version}'\r\n\r\n[bumpversion:file:sdtp/__init__.py]\r\nsearch = __version__ = '{current_version}'\r\nreplace = __version__ = '{new_version}'\r\n\r\n[bdist_wheel]\r\nuniversal = 1\r\n\r\n[flake8]\r\nexclude = docs\r\n[tool:pytest]\r\ncollect_ignore = ['setup.py']\r\n\r\n[metadata]\r\ndescription-file = README.md\r\n\r\n# setup.py\r\nextras_require = {\r\n  \"dev\": [\"pytest\", \"pytest-httpserver\", \"black\"]\r\n}"
    ],
    "flattened": "I'm getting a syntax error in setup.cfg.  Doesn't like the trailing brace on extras_require:\n[bumpversion]\r\ncurrent_version = 0.1.0\r\ncommit = True\r\ntag = True\r\n\r\n[bumpversion:file:setup.py]\r\nsearch = version='{current_version}'\r\nreplace = version='{new_version}'\r\n\r\n[bumpversion:file:sdtp/__init__.py]\r\nsearch = __version__ = '{current_version}'\r\nreplace = __version__ = '{new_version}'\r\n\r\n[bdist_wheel]\r\nuniversal = 1\r\n\r\n[flake8]\r\nexclude = docs\r\n[tool:pytest]\r\ncollect_ignore = ['setup.py']\r\n\r\n[metadata]\r\ndescription-file = README.md\r\n\r\n# setup.py\r\nextras_require = {\r\n  \"dev\": [\"pytest\", \"pytest-httpserver\", \"black\"]\r\n}",
    "id": "11cae7b7-f9cc-4af1-8fed-f0c021c58c93",
    "create_time": 1748993109.569,
    "timestamp": "2025-06-03T23:25:09.569000Z"
  },
  {
    "role": "AI Partner",
    "parts": [
      "The error is happening because `[setup.cfg]` is an **INI-style config file**, not a Python file — so using Python dictionary syntax (`{ ... }`) is invalid.\n\nTo define `extras_require` in `setup.cfg`, you must use the correct INI format like this:\n\n---\n\n### ✅ Correct `setup.cfg` format\n\n```ini\n[options.extras_require]\ndev =\n    pytest\n    pytest-httpserver\n    black\n```\n\n---\n\n### 🛠 Summary of changes\n\nRemove this invalid section:\n\n```ini\n# setup.py\nextras_require = {\n  \"dev\": [\"pytest\", \"pytest-httpserver\", \"black\"]\n}\n```\n\nReplace it with the `[options.extras_require]` section shown above.\n\n---\n\nLet me know if you're using both `setup.cfg` and `pyproject.toml` and want to consolidate or clarify their roles — they can coexist, but it's best to be deliberate about which is authoritative."
    ],
    "flattened": "The error is happening because `[setup.cfg]` is an **INI-style config file**, not a Python file — so using Python dictionary syntax (`{ ... }`) is invalid.\n\nTo define `extras_require` in `setup.cfg`, you must use the correct INI format like this:\n\n---\n\n### ✅ Correct `setup.cfg` format\n\n```ini\n[options.extras_require]\ndev =\n    pytest\n    pytest-httpserver\n    black\n```\n\n---\n\n### 🛠 Summary of changes\n\nRemove this invalid section:\n\n```ini\n# setup.py\nextras_require = {\n  \"dev\": [\"pytest\", \"pytest-httpserver\", \"black\"]\n}\n```\n\nReplace it with the `[options.extras_require]` section shown above.\n\n---\n\nLet me know if you're using both `setup.cfg` and `pyproject.toml` and want to consolidate or clarify their roles — they can coexist, but it's best to be deliberate about which is authoritative.",
    "id": "70e75da4-abd7-4cfd-ac66-c4de9859a090",
    "create_time": 1748993112.226081,
    "timestamp": "2025-06-03T23:25:12.226081Z"
  },
  {
    "role": "User",
    "parts": [
      "Got it fixed.  Now there's another issue:"
    ],
    "flattened": "Got it fixed.  Now there's another issue:",
    "id": "6983f899-7833-412b-b669-8916c4afb5a9",
    "create_time": 1748993725.862,
    "timestamp": "2025-06-03T23:35:25.862000Z"
  },
  {
    "role": "AI Partner",
    "parts": [
      "Sure — go ahead and share the issue you're seeing now. I’ll help you troubleshoot it."
    ],
    "flattened": "Sure — go ahead and share the issue you're seeing now. I’ll help you troubleshoot it.",
    "id": "55ef82ba-8e52-46a6-80ff-028de31aee9f",
    "create_time": 1748993727.514484,
    "timestamp": "2025-06-03T23:35:27.514484Z"
  },
  {
    "role": "User",
    "parts": [
      "rick@LAPTOP-I4KMLV6U:/root$ pip install pytest\r\nTraceback (most recent call last):\r\n  File \"/usr/local/bin/pip\", line 5, in <module>\r\n    from pip._internal.cli.main import main\r\n  File \"/usr/lib/python3/dist-packages/pip/_internal/cli/main.py\", line 10, in <module>\r\n    from pip._internal.cli.autocompletion import autocomplete\r\n  File \"/usr/lib/python3/dist-packages/pip/_internal/cli/autocompletion.py\", line 9, in <module>\r\n    from pip._internal.cli.main_parser import create_main_parser\r\n  File \"/usr/lib/python3/dist-packages/pip/_internal/cli/main_parser.py\", line 7, in <module>\r\n    from pip._internal.cli import cmdoptions\r\n  File \"/usr/lib/python3/dist-packages/pip/_internal/cli/cmdoptions.py\", line 19, in <module>\r\n    from distutils.util import strtobool\r\nModuleNotFoundError: No module named 'distutils'\r\nrick@LAPTOP-I4KMLV6U:/root$ pip install distutils\r\nTraceback (most recent call last):\r\n  File \"/usr/local/bin/pip\", line 5, in <module>\r\n    from pip._internal.cli.main import main\r\n  File \"/usr/lib/python3/dist-packages/pip/_internal/cli/main.py\", line 10, in <module>\r\n    from pip._internal.cli.autocompletion import autocomplete\r\n  File \"/usr/lib/python3/dist-packages/pip/_internal/cli/autocompletion.py\", line 9, in <module>\r\n    from pip._internal.cli.main_parser import create_main_parser\r\n  File \"/usr/lib/python3/dist-packages/pip/_internal/cli/main_parser.py\", line 7, in <module>\r\n    from pip._internal.cli import cmdoptions\r\n  File \"/usr/lib/python3/dist-packages/pip/_internal/cli/cmdoptions.py\", line 19, in <module>\r\n    from distutils.util import strtobool\r\nModuleNotFoundError: No module named 'distutils'"
    ],
    "flattened": "rick@LAPTOP-I4KMLV6U:/root$ pip install pytest\r\nTraceback (most recent call last):\r\n  File \"/usr/local/bin/pip\", line 5, in <module>\r\n    from pip._internal.cli.main import main\r\n  File \"/usr/lib/python3/dist-packages/pip/_internal/cli/main.py\", line 10, in <module>\r\n    from pip._internal.cli.autocompletion import autocomplete\r\n  File \"/usr/lib/python3/dist-packages/pip/_internal/cli/autocompletion.py\", line 9, in <module>\r\n    from pip._internal.cli.main_parser import create_main_parser\r\n  File \"/usr/lib/python3/dist-packages/pip/_internal/cli/main_parser.py\", line 7, in <module>\r\n    from pip._internal.cli import cmdoptions\r\n  File \"/usr/lib/python3/dist-packages/pip/_internal/cli/cmdoptions.py\", line 19, in <module>\r\n    from distutils.util import strtobool\r\nModuleNotFoundError: No module named 'distutils'\r\nrick@LAPTOP-I4KMLV6U:/root$ pip install distutils\r\nTraceback (most recent call last):\r\n  File \"/usr/local/bin/pip\", line 5, in <module>\r\n    from pip._internal.cli.main import main\r\n  File \"/usr/lib/python3/dist-packages/pip/_internal/cli/main.py\", line 10, in <module>\r\n    from pip._internal.cli.autocompletion import autocomplete\r\n  File \"/usr/lib/python3/dist-packages/pip/_internal/cli/autocompletion.py\", line 9, in <module>\r\n    from pip._internal.cli.main_parser import create_main_parser\r\n  File \"/usr/lib/python3/dist-packages/pip/_internal/cli/main_parser.py\", line 7, in <module>\r\n    from pip._internal.cli import cmdoptions\r\n  File \"/usr/lib/python3/dist-packages/pip/_internal/cli/cmdoptions.py\", line 19, in <module>\r\n    from distutils.util import strtobool\r\nModuleNotFoundError: No module named 'distutils'",
    "id": "003944c4-a94f-4f9f-98de-76a75a8f0dff",
    "create_time": 1748993737.258,
    "timestamp": "2025-06-03T23:35:37.258000Z"
  },
  {
    "role": "AI Partner",
    "parts": [
      "You're hitting a common issue: Python's `distutils` module has been **deprecated** and in some environments (especially newer minimal Docker images or some Linux distros), it's **not installed by default**.\n\nTo fix this, you need to install the appropriate system package that provides `distutils`.\n\n---\n\n### ✅ **If you're using Ubuntu/Debian:**\nRun this to install `distutils`:\n\n```bash\nsudo apt update\nsudo apt install python3-distutils\n```\n\nIf you're using Python from source or a custom Python environment, you may also need:\n\n```bash\nsudo apt install python3-venv\n```\n\n---\n\n### ✅ **If you're using Python installed via pyenv:**\nMake sure your system dependencies are complete **before** building Python:\n\n```bash\nsudo apt install build-essential libssl-dev zlib1g-dev libbz2-dev \\\nlibreadline-dev libsqlite3-dev wget curl llvm libncursesw5-dev \\\nxz-utils tk-dev libxml2-dev libxmlsec1-dev libffi-dev liblzma-dev\n```\n\nThen re-install Python via pyenv:\n\n```bash\npyenv install 3.12.3\n```\n\n---\n\n### ✅ **Alternatively**, if you control the Python version and environment, you can try replacing `pip` (which may be broken) by using `ensurepip` to bootstrap it:\n\n```bash\npython3 -m ensurepip --upgrade\n```\n\nThen use pip again:\n\n```bash\npython3 -m pip install pytest\n```\n\n---\n\nLet me know if you're in a Docker container or using WSL — the steps may vary slightly."
    ],
    "flattened": "You're hitting a common issue: Python's `distutils` module has been **deprecated** and in some environments (especially newer minimal Docker images or some Linux distros), it's **not installed by default**.\n\nTo fix this, you need to install the appropriate system package that provides `distutils`.\n\n---\n\n### ✅ **If you're using Ubuntu/Debian:**\nRun this to install `distutils`:\n\n```bash\nsudo apt update\nsudo apt install python3-distutils\n```\n\nIf you're using Python from source or a custom Python environment, you may also need:\n\n```bash\nsudo apt install python3-venv\n```\n\n---\n\n### ✅ **If you're using Python installed via pyenv:**\nMake sure your system dependencies are complete **before** building Python:\n\n```bash\nsudo apt install build-essential libssl-dev zlib1g-dev libbz2-dev \\\nlibreadline-dev libsqlite3-dev wget curl llvm libncursesw5-dev \\\nxz-utils tk-dev libxml2-dev libxmlsec1-dev libffi-dev liblzma-dev\n```\n\nThen re-install Python via pyenv:\n\n```bash\npyenv install 3.12.3\n```\n\n---\n\n### ✅ **Alternatively**, if you control the Python version and environment, you can try replacing `pip` (which may be broken) by using `ensurepip` to bootstrap it:\n\n```bash\npython3 -m ensurepip --upgrade\n```\n\nThen use pip again:\n\n```bash\npython3 -m pip install pytest\n```\n\n---\n\nLet me know if you're in a Docker container or using WSL — the steps may vary slightly.",
    "id": "d1f58273-c80f-49aa-b536-cf2e675a9e0f",
    "create_time": 1748993738.751755,
    "timestamp": "2025-06-03T23:35:38.751755Z"
  },
  {
    "role": "User",
    "parts": [
      "WSL"
    ],
    "flattened": "WSL",
    "id": "937f27c1-fd8d-4db1-8518-1d9d964216f3",
    "create_time": 1748993798.98,
    "timestamp": "2025-06-03T23:36:38.980000Z"
  },
  {
    "role": "AI Partner",
    "parts": [
      "Thanks — since you're using **WSL**, here's the fix tailored for that environment.\n\n### ✅ Fix: Install `distutils` on WSL\n\nIf you're using Ubuntu in WSL (which is most common), run:\n\n```bash\nsudo apt update\nsudo apt install python3-distutils\n```\n\nIf you're also missing `venv` (which sometimes happens in minimal installs), add:\n\n```bash\nsudo apt install python3-venv\n```\n\nThen try:\n\n```bash\npython3 -m pip install --upgrade pip setuptools\npython3 -m pip install pytest\n```\n\n---\n\n### ✅ Optional: If you're using Python via `pyenv` in WSL\n\nIf you built Python using `pyenv`, make sure you had all dependencies **before** building:\n\n```bash\nsudo apt install make build-essential libssl-dev zlib1g-dev libbz2-dev \\\nlibreadline-dev libsqlite3-dev wget curl llvm libncursesw5-dev \\\nxz-utils tk-dev libxml2-dev libxmlsec1-dev libffi-dev liblzma-dev\n```\n\nThen reinstall Python via pyenv:\n\n```bash\npyenv install 3.12.3\npyenv global 3.12.3\n```\n\nThis will ensure `distutils` and other stdlib components are bundled correctly.\n\n---\n\nLet me know your setup (`apt`-installed Python vs `pyenv`, etc.), and I can give you an exact command sequence if needed."
    ],
    "flattened": "Thanks — since you're using **WSL**, here's the fix tailored for that environment.\n\n### ✅ Fix: Install `distutils` on WSL\n\nIf you're using Ubuntu in WSL (which is most common), run:\n\n```bash\nsudo apt update\nsudo apt install python3-distutils\n```\n\nIf you're also missing `venv` (which sometimes happens in minimal installs), add:\n\n```bash\nsudo apt install python3-venv\n```\n\nThen try:\n\n```bash\npython3 -m pip install --upgrade pip setuptools\npython3 -m pip install pytest\n```\n\n---\n\n### ✅ Optional: If you're using Python via `pyenv` in WSL\n\nIf you built Python using `pyenv`, make sure you had all dependencies **before** building:\n\n```bash\nsudo apt install make build-essential libssl-dev zlib1g-dev libbz2-dev \\\nlibreadline-dev libsqlite3-dev wget curl llvm libncursesw5-dev \\\nxz-utils tk-dev libxml2-dev libxmlsec1-dev libffi-dev liblzma-dev\n```\n\nThen reinstall Python via pyenv:\n\n```bash\npyenv install 3.12.3\npyenv global 3.12.3\n```\n\nThis will ensure `distutils` and other stdlib components are bundled correctly.\n\n---\n\nLet me know your setup (`apt`-installed Python vs `pyenv`, etc.), and I can give you an exact command sequence if needed.",
    "id": "3ebd3d65-f381-402a-9415-e3c50ad0ee5c",
    "create_time": 1748993800.599841,
    "timestamp": "2025-06-03T23:36:40.599841Z"
  }
]